#
# There is insufficient memory for the Java Runtime Environment to continue.
# Native memory allocation (malloc) failed to allocate 1645616 bytes for Chunk::new
# Possible reasons:
#   The system is out of physical RAM or swap space
#   The process is running with CompressedOops enabled, and the Java Heap may be blocking the growth of the native heap
# Possible solutions:
#   Reduce memory load on the system
#   Increase physical memory or swap space
#   Check if swap backing store is full
#   Decrease Java heap size (-Xmx/-Xms)
#   Decrease number of Java threads
#   Decrease Java thread stack sizes (-Xss)
#   Set larger code cache with -XX:ReservedCodeCacheSize=
#   JVM is running with Zero Based Compressed Oops mode in which the Java heap is
#     placed in the first 32GB address space. The Java Heap base address is the
#     maximum limit for the native heap growth. Please use -XX:HeapBaseMinAddress
#     to set the Java Heap base and to place the Java Heap above 32GB virtual address.
# This output file may be truncated or incomplete.
#
#  Out of Memory Error (arena.cpp:168), pid=7888, tid=2356
#
# JRE version: Java(TM) SE Runtime Environment (21.0.9+7) (build 21.0.9+7-LTS-338)
# Java VM: Java HotSpot(TM) 64-Bit Server VM (21.0.9+7-LTS-338, mixed mode, sharing, tiered, compressed oops, compressed class ptrs, g1 gc, windows-amd64)
# No core dump will be written. Minidumps are not enabled by default on client versions of Windows
#

---------------  S U M M A R Y ------------

Command Line: -DkotlinLanguageServer.version=1.3.13 org.javacs.kt.MainKt

Host: Intel(R) Core(TM) i5-3570 CPU @ 3.40GHz, 4 cores, 15G,  Windows 10 , 64 bit Build 19041 (10.0.19041.3636)
Time: Tue Apr  7 21:09:37 2026 Hora oficial do Brasil elapsed time: 2653.550201 seconds (0d 0h 44m 13s)

---------------  T H R E A D  ---------------

Current thread (0x000002219e9a31a0):  JavaThread "C2 CompilerThread0" daemon [_thread_in_native, id=2356, stack(0x000000ea72b00000,0x000000ea72c00000) (1024K)]


Current CompileTask:
C2:2653550 29326       4       org.jetbrains.kotlin.types.expressions.ControlStructureTypingVisitor::visitIfExpression (367 bytes)

Stack: [0x000000ea72b00000,0x000000ea72c00000]
Native frames: (J=compiled Java code, j=interpreted, Vv=VM code, C=native code)
V  [jvm.dll+0x6cbf89]
V  [jvm.dll+0x858421]
V  [jvm.dll+0x85a94e]
V  [jvm.dll+0x85b023]
V  [jvm.dll+0x27ebc6]
V  [jvm.dll+0xc4f4d]
V  [jvm.dll+0xc5483]
V  [jvm.dll+0x3b69fc]
V  [jvm.dll+0x382925]
V  [jvm.dll+0x381d9a]
V  [jvm.dll+0x247640]
V  [jvm.dll+0x246c1f]
V  [jvm.dll+0x1c7a3e]
V  [jvm.dll+0x256329]
V  [jvm.dll+0x2548ba]
V  [jvm.dll+0x3efdee]
V  [jvm.dll+0x80265b]
V  [jvm.dll+0x6ca66d]
C  [ucrtbase.dll+0x21bb2]
C  [KERNEL32.DLL+0x17344]
C  [ntdll.dll+0x526b1]


---------------  P R O C E S S  ---------------

Threads class SMR info:
_java_thread_list=0x00000221f0d63e70, length=17, elements={
0x000002219e99b7f0, 0x000002219e99c710, 0x000002219e99e4e0, 0x000002219e9a0f50,
0x000002219e9a19b0, 0x000002219e9a2410, 0x000002219e9a31a0, 0x000002219e9a63f0,
0x000002219ec1ae00, 0x000002219ec218a0, 0x00000221e52979a0, 0x00000221fddeead0,
0x00000221ee6471f0, 0x00000221e52f8720, 0x00000221e58a5c70, 0x000002219ed9c930,
0x00000221ee712440
}

Java Threads: ( => current thread )
  0x000002219e99b7f0 JavaThread "Reference Handler"          daemon [_thread_blocked, id=1856, stack(0x000000ea72500000,0x000000ea72600000) (1024K)]
  0x000002219e99c710 JavaThread "Finalizer"                  daemon [_thread_blocked, id=10712, stack(0x000000ea72600000,0x000000ea72700000) (1024K)]
  0x000002219e99e4e0 JavaThread "Signal Dispatcher"          daemon [_thread_blocked, id=1100, stack(0x000000ea72700000,0x000000ea72800000) (1024K)]
  0x000002219e9a0f50 JavaThread "Attach Listener"            daemon [_thread_blocked, id=9180, stack(0x000000ea72800000,0x000000ea72900000) (1024K)]
  0x000002219e9a19b0 JavaThread "Service Thread"             daemon [_thread_blocked, id=10800, stack(0x000000ea72900000,0x000000ea72a00000) (1024K)]
  0x000002219e9a2410 JavaThread "Monitor Deflation Thread"   daemon [_thread_blocked, id=9528, stack(0x000000ea72a00000,0x000000ea72b00000) (1024K)]
=>0x000002219e9a31a0 JavaThread "C2 CompilerThread0"         daemon [_thread_in_native, id=2356, stack(0x000000ea72b00000,0x000000ea72c00000) (1024K)]
  0x000002219e9a63f0 JavaThread "C1 CompilerThread0"         daemon [_thread_blocked, id=9408, stack(0x000000ea72c00000,0x000000ea72d00000) (1024K)]
  0x000002219ec1ae00 JavaThread "Notification Thread"        daemon [_thread_blocked, id=10252, stack(0x000000ea72d00000,0x000000ea72e00000) (1024K)]
  0x000002219ec218a0 JavaThread "Common-Cleaner"             daemon [_thread_blocked, id=6952, stack(0x000000ea72e00000,0x000000ea72f00000) (1024K)]
  0x00000221e52979a0 JavaThread "client"                            [_thread_in_Java, id=11040, stack(0x000000ea73300000,0x000000ea73400000) (1024K)]
  0x00000221fddeead0 JavaThread "DestroyJavaVM"                     [_thread_blocked, id=1252, stack(0x000000ea71c00000,0x000000ea71d00000) (1024K)]
  0x00000221ee6471f0 JavaThread "async0"                            [_thread_blocked, id=7796, stack(0x000000ea72f00000,0x000000ea73000000) (1024K)]
  0x00000221e52f8720 JavaThread "async1"                            [_thread_blocked, id=9240, stack(0x000000ea73400000,0x000000ea73500000) (1024K)]
  0x00000221e58a5c70 JavaThread "debounce0"                         [_thread_blocked, id=6672, stack(0x000000ea73500000,0x000000ea73600000) (1024K)]
  0x000002219ed9c930 JavaThread "debounce1"                         [_thread_blocked, id=2064, stack(0x000000ea71b00000,0x000000ea71c00000) (1024K)]
  0x00000221ee712440 JavaThread "async2"                            [_thread_blocked, id=8036, stack(0x000000ea71d00000,0x000000ea71e00000) (1024K)]
Total: 17

Other Threads:
  0x000002219e978700 VMThread "VM Thread"                           [id=2904, stack(0x000000ea72400000,0x000000ea72500000) (1024K)]
  0x0000022180032610 WatcherThread "VM Periodic Task Thread"        [id=4916, stack(0x000000ea72300000,0x000000ea72400000) (1024K)]
  0x000002218009f1d0 WorkerThread "GC Thread#0"                     [id=12784, stack(0x000000ea71e00000,0x000000ea71f00000) (1024K)]
  0x00000221e4420890 WorkerThread "GC Thread#1"                     [id=10656, stack(0x000000ea73000000,0x000000ea73100000) (1024K)]
  0x00000221e4420c40 WorkerThread "GC Thread#2"                     [id=8372, stack(0x000000ea73100000,0x000000ea73200000) (1024K)]
  0x00000221e4420ff0 WorkerThread "GC Thread#3"                     [id=5580, stack(0x000000ea73200000,0x000000ea73300000) (1024K)]
  0x00000221800b0950 ConcurrentGCThread "G1 Main Marker"            [id=6980, stack(0x000000ea71f00000,0x000000ea72000000) (1024K)]
  0x00000221800b1610 WorkerThread "G1 Conc#0"                       [id=5736, stack(0x000000ea72000000,0x000000ea72100000) (1024K)]
  0x000002219e829110 ConcurrentGCThread "G1 Refine#0"               [id=8708, stack(0x000000ea72100000,0x000000ea72200000) (1024K)]
  0x000002219e829aa0 ConcurrentGCThread "G1 Service"                [id=2156, stack(0x000000ea72200000,0x000000ea72300000) (1024K)]
Total: 10

Threads with active compile tasks:
C2 CompilerThread0  2653581 29326       4       org.jetbrains.kotlin.types.expressions.ControlStructureTypingVisitor::visitIfExpression (367 bytes)
Total: 1

VM state: not at safepoint (normal execution)

VM Mutex/Monitor currently owned by a thread: None

Heap address: 0x0000000700800000, size: 4088 MB, Compressed Oops mode: Zero based, Oop shift amount: 3

CDS archive(s) mapped at: [0x000002219f000000-0x000002219fc90000-0x000002219fc90000), size 13172736, SharedBaseAddress: 0x000002219f000000, ArchiveRelocationMode: 1.
Compressed class space mapped at: 0x00000221a0000000-0x00000221e0000000, reserved size: 1073741824
Narrow klass base: 0x000002219f000000, Narrow klass shift: 0, Narrow klass range: 0x100000000

GC Precious Log:
 CardTable entry size: 512
 Card Set container configuration: InlinePtr #cards 4 size 8 Array Of Cards #cards 16 size 48 Howl #buckets 8 coarsen threshold 3686 Howl Bitmap #cards 512 size 80 coarsen threshold 460 Card regions per heap region 1 cards per card region 4096
 CPUs: 4 total, 4 available
 Memory: 16348M
 Large Page Support: Disabled
 NUMA Support: Disabled
 Compressed Oops: Enabled (Zero based)
 Heap Region Size: 2M
 Heap Min Capacity: 8M
 Heap Initial Capacity: 256M
 Heap Max Capacity: 4088M
 Pre-touch: Disabled
 Parallel Workers: 4
 Concurrent Workers: 1
 Concurrent Refinement Workers: 4
 Periodic GC: Disabled

Heap:
 garbage-first heap   total 684032K, used 505842K [0x0000000700800000, 0x0000000800000000)
  region size 2048K, 162 young (331776K), 12 survivors (24576K)
 Metaspace       used 86964K, committed 88192K, reserved 1179648K
  class space    used 8903K, committed 9536K, reserved 1048576K

Heap Regions: E=young(eden), S=young(survivor), O=old, HS=humongous(starts), HC=humongous(continues), CS=collection set, F=free, TAMS=top-at-mark-start, PB=parsable bottom
|   0|0x0000000700800000, 0x0000000700a00000, 0x0000000700a00000|100%|HS|  |TAMS 0x0000000700800000| PB 0x0000000700800000| Complete 
|   1|0x0000000700a00000, 0x0000000700c00000, 0x0000000700c00000|100%|HC|  |TAMS 0x0000000700a00000| PB 0x0000000700a00000| Complete 
|   2|0x0000000700c00000, 0x0000000700e00000, 0x0000000700e00000|100%| O|  |TAMS 0x0000000700c00000| PB 0x0000000700c00000| Untracked 
|   3|0x0000000700e00000, 0x0000000700ffcb78, 0x0000000701000000| 99%| O|  |TAMS 0x0000000700e00000| PB 0x0000000700e00000| Untracked 
|   4|0x0000000701000000, 0x0000000701200000, 0x0000000701200000|100%| O|  |TAMS 0x0000000701000000| PB 0x0000000701000000| Untracked 
|   5|0x0000000701200000, 0x0000000701400000, 0x0000000701400000|100%| O|  |TAMS 0x0000000701200000| PB 0x0000000701200000| Untracked 
|   6|0x0000000701400000, 0x0000000701600000, 0x0000000701600000|100%| O|  |TAMS 0x0000000701400000| PB 0x0000000701400000| Untracked 
|   7|0x0000000701600000, 0x0000000701800000, 0x0000000701800000|100%| O|  |TAMS 0x0000000701600000| PB 0x0000000701600000| Untracked 
|   8|0x0000000701800000, 0x0000000701a00000, 0x0000000701a00000|100%| O|  |TAMS 0x0000000701800000| PB 0x0000000701800000| Untracked 
|   9|0x0000000701a00000, 0x0000000701c00000, 0x0000000701c00000|100%| O|  |TAMS 0x0000000701a00000| PB 0x0000000701a00000| Untracked 
|  10|0x0000000701c00000, 0x0000000701e00000, 0x0000000701e00000|100%| O|  |TAMS 0x0000000701c00000| PB 0x0000000701c00000| Untracked 
|  11|0x0000000701e00000, 0x0000000702000000, 0x0000000702000000|100%| O|  |TAMS 0x0000000701e00000| PB 0x0000000701e00000| Untracked 
|  12|0x0000000702000000, 0x0000000702200000, 0x0000000702200000|100%| O|  |TAMS 0x0000000702000000| PB 0x0000000702000000| Untracked 
|  13|0x0000000702200000, 0x0000000702400000, 0x0000000702400000|100%| O|  |TAMS 0x0000000702200000| PB 0x0000000702200000| Untracked 
|  14|0x0000000702400000, 0x0000000702600000, 0x0000000702600000|100%| O|  |TAMS 0x0000000702400000| PB 0x0000000702400000| Untracked 
|  15|0x0000000702600000, 0x0000000702800000, 0x0000000702800000|100%| O|  |TAMS 0x0000000702600000| PB 0x0000000702600000| Untracked 
|  16|0x0000000702800000, 0x0000000702a00000, 0x0000000702a00000|100%| O|  |TAMS 0x0000000702800000| PB 0x0000000702800000| Untracked 
|  17|0x0000000702a00000, 0x0000000702c00000, 0x0000000702c00000|100%| O|  |TAMS 0x0000000702a00000| PB 0x0000000702a00000| Untracked 
|  18|0x0000000702c00000, 0x0000000702e00000, 0x0000000702e00000|100%| O|  |TAMS 0x0000000702c00000| PB 0x0000000702c00000| Untracked 
|  19|0x0000000702e00000, 0x0000000703000000, 0x0000000703000000|100%| O|  |TAMS 0x0000000702e00000| PB 0x0000000702e00000| Untracked 
|  20|0x0000000703000000, 0x0000000703200000, 0x0000000703200000|100%| O|  |TAMS 0x0000000703000000| PB 0x0000000703000000| Untracked 
|  21|0x0000000703200000, 0x0000000703400000, 0x0000000703400000|100%| O|  |TAMS 0x0000000703200000| PB 0x0000000703200000| Untracked 
|  22|0x0000000703400000, 0x0000000703600000, 0x0000000703600000|100%| O|  |TAMS 0x0000000703400000| PB 0x0000000703400000| Untracked 
|  23|0x0000000703600000, 0x0000000703800000, 0x0000000703800000|100%| O|  |TAMS 0x0000000703600000| PB 0x0000000703600000| Untracked 
|  24|0x0000000703800000, 0x0000000703a00000, 0x0000000703a00000|100%| O|  |TAMS 0x0000000703800000| PB 0x0000000703800000| Untracked 
|  25|0x0000000703a00000, 0x0000000703c00000, 0x0000000703c00000|100%| O|  |TAMS 0x0000000703a00000| PB 0x0000000703a00000| Untracked 
|  26|0x0000000703c00000, 0x0000000703e00000, 0x0000000703e00000|100%| O|  |TAMS 0x0000000703c00000| PB 0x0000000703c00000| Untracked 
|  27|0x0000000703e00000, 0x0000000704000000, 0x0000000704000000|100%| O|  |TAMS 0x0000000703e00000| PB 0x0000000703e00000| Untracked 
|  28|0x0000000704000000, 0x0000000704200000, 0x0000000704200000|100%| O|  |TAMS 0x0000000704000000| PB 0x0000000704000000| Untracked 
|  29|0x0000000704200000, 0x0000000704400000, 0x0000000704400000|100%| O|  |TAMS 0x0000000704200000| PB 0x0000000704200000| Untracked 
|  30|0x0000000704400000, 0x0000000704600000, 0x0000000704600000|100%| O|  |TAMS 0x0000000704400000| PB 0x0000000704400000| Untracked 
|  31|0x0000000704600000, 0x0000000704800000, 0x0000000704800000|100%| O|Cm|TAMS 0x0000000704600000| PB 0x0000000704600000| Complete 
|  32|0x0000000704800000, 0x0000000704a00000, 0x0000000704a00000|100%| O|  |TAMS 0x0000000704800000| PB 0x0000000704800000| Untracked 
|  33|0x0000000704a00000, 0x0000000704c00000, 0x0000000704c00000|100%| O|  |TAMS 0x0000000704a00000| PB 0x0000000704a00000| Untracked 
|  34|0x0000000704c00000, 0x0000000704e00000, 0x0000000704e00000|100%| O|Cm|TAMS 0x0000000704c00000| PB 0x0000000704c00000| Complete 
|  35|0x0000000704e00000, 0x0000000705000000, 0x0000000705000000|100%| O|Cm|TAMS 0x0000000704e00000| PB 0x0000000704e00000| Complete 
|  36|0x0000000705000000, 0x0000000705200000, 0x0000000705200000|100%| O|  |TAMS 0x0000000705000000| PB 0x0000000705000000| Untracked 
|  37|0x0000000705200000, 0x0000000705400000, 0x0000000705400000|100%| O|  |TAMS 0x0000000705200000| PB 0x0000000705200000| Untracked 
|  38|0x0000000705400000, 0x0000000705600000, 0x0000000705600000|100%| O|  |TAMS 0x0000000705400000| PB 0x0000000705400000| Untracked 
|  39|0x0000000705600000, 0x0000000705800000, 0x0000000705800000|100%| O|Cm|TAMS 0x0000000705600000| PB 0x0000000705600000| Complete 
|  40|0x0000000705800000, 0x0000000705a00000, 0x0000000705a00000|100%| O|Cm|TAMS 0x0000000705800000| PB 0x0000000705800000| Complete 
|  41|0x0000000705a00000, 0x0000000705c00000, 0x0000000705c00000|100%| O|Cm|TAMS 0x0000000705a00000| PB 0x0000000705a00000| Complete 
|  42|0x0000000705c00000, 0x0000000705e00000, 0x0000000705e00000|100%| O|  |TAMS 0x0000000705c00000| PB 0x0000000705c00000| Untracked 
|  43|0x0000000705e00000, 0x0000000706000000, 0x0000000706000000|100%| O|  |TAMS 0x0000000705e00000| PB 0x0000000705e00000| Untracked 
|  44|0x0000000706000000, 0x0000000706200000, 0x0000000706200000|100%| O|  |TAMS 0x0000000706000000| PB 0x0000000706000000| Untracked 
|  45|0x0000000706200000, 0x0000000706400000, 0x0000000706400000|100%| O|  |TAMS 0x0000000706200000| PB 0x0000000706200000| Untracked 
|  46|0x0000000706400000, 0x0000000706600000, 0x0000000706600000|100%| O|  |TAMS 0x0000000706400000| PB 0x0000000706400000| Untracked 
|  47|0x0000000706600000, 0x0000000706800000, 0x0000000706800000|100%| O|  |TAMS 0x0000000706600000| PB 0x0000000706600000| Untracked 
|  48|0x0000000706800000, 0x0000000706a00000, 0x0000000706a00000|100%| O|  |TAMS 0x0000000706800000| PB 0x0000000706800000| Untracked 
|  49|0x0000000706a00000, 0x0000000706c00000, 0x0000000706c00000|100%| O|Cm|TAMS 0x0000000706a00000| PB 0x0000000706a00000| Complete 
|  50|0x0000000706c00000, 0x0000000706e00000, 0x0000000706e00000|100%| O|  |TAMS 0x0000000706c00000| PB 0x0000000706c00000| Untracked 
|  51|0x0000000706e00000, 0x0000000707000000, 0x0000000707000000|100%| O|  |TAMS 0x0000000706e00000| PB 0x0000000706e00000| Untracked 
|  52|0x0000000707000000, 0x0000000707200000, 0x0000000707200000|100%| O|Cm|TAMS 0x0000000707000000| PB 0x0000000707000000| Complete 
|  53|0x0000000707200000, 0x0000000707400000, 0x0000000707400000|100%| O|  |TAMS 0x0000000707200000| PB 0x0000000707200000| Untracked 
|  54|0x0000000707400000, 0x0000000707600000, 0x0000000707600000|100%| O|  |TAMS 0x0000000707400000| PB 0x0000000707400000| Untracked 
|  55|0x0000000707600000, 0x0000000707800000, 0x0000000707800000|100%| O|  |TAMS 0x0000000707600000| PB 0x0000000707600000| Untracked 
|  56|0x0000000707800000, 0x0000000707a00000, 0x0000000707a00000|100%| O|  |TAMS 0x0000000707800000| PB 0x0000000707800000| Untracked 
|  57|0x0000000707a00000, 0x0000000707c00000, 0x0000000707c00000|100%| O|  |TAMS 0x0000000707a00000| PB 0x0000000707a00000| Untracked 
|  58|0x0000000707c00000, 0x0000000707e00000, 0x0000000707e00000|100%| O|Cm|TAMS 0x0000000707c00000| PB 0x0000000707c00000| Complete 
|  59|0x0000000707e00000, 0x0000000708000000, 0x0000000708000000|100%| O|  |TAMS 0x0000000707e00000| PB 0x0000000707e00000| Untracked 
|  60|0x0000000708000000, 0x0000000708200000, 0x0000000708200000|100%| O|  |TAMS 0x0000000708000000| PB 0x0000000708000000| Untracked 
|  61|0x0000000708200000, 0x0000000708400000, 0x0000000708400000|100%| O|  |TAMS 0x0000000708200000| PB 0x0000000708200000| Untracked 
|  62|0x0000000708400000, 0x0000000708600000, 0x0000000708600000|100%| O|  |TAMS 0x0000000708400000| PB 0x0000000708400000| Untracked 
|  63|0x0000000708600000, 0x0000000708800000, 0x0000000708800000|100%| O|  |TAMS 0x0000000708600000| PB 0x0000000708600000| Untracked 
|  64|0x0000000708800000, 0x0000000708a00000, 0x0000000708a00000|100%| O|Cm|TAMS 0x0000000708800000| PB 0x0000000708800000| Complete 
|  65|0x0000000708a00000, 0x0000000708c00000, 0x0000000708c00000|100%| O|  |TAMS 0x0000000708a00000| PB 0x0000000708a00000| Untracked 
|  66|0x0000000708c00000, 0x0000000708e00000, 0x0000000708e00000|100%| O|Cm|TAMS 0x0000000708c00000| PB 0x0000000708c00000| Complete 
|  67|0x0000000708e00000, 0x0000000709000000, 0x0000000709000000|100%| O|Cm|TAMS 0x0000000708e00000| PB 0x0000000708e00000| Complete 
|  68|0x0000000709000000, 0x0000000709200000, 0x0000000709200000|100%| O|  |TAMS 0x0000000709000000| PB 0x0000000709000000| Untracked 
|  69|0x0000000709200000, 0x0000000709400000, 0x0000000709400000|100%| O|  |TAMS 0x0000000709200000| PB 0x0000000709200000| Untracked 
|  70|0x0000000709400000, 0x0000000709600000, 0x0000000709600000|100%| O|  |TAMS 0x0000000709400000| PB 0x0000000709400000| Untracked 
|  71|0x0000000709600000, 0x0000000709800000, 0x0000000709800000|100%| O|  |TAMS 0x0000000709600000| PB 0x0000000709600000| Untracked 
|  72|0x0000000709800000, 0x0000000709a00000, 0x0000000709a00000|100%| O|Cm|TAMS 0x0000000709800000| PB 0x0000000709800000| Complete 
|  73|0x0000000709a00000, 0x0000000709b00000, 0x0000000709c00000| 50%| O|Cm|TAMS 0x0000000709a00000| PB 0x0000000709a00000| Complete 
|  74|0x0000000709c00000, 0x0000000709e00000, 0x0000000709e00000|100%| O|Cm|TAMS 0x0000000709c00000| PB 0x0000000709c00000| Complete 
|  75|0x0000000709e00000, 0x000000070a000000, 0x000000070a000000|100%| O|  |TAMS 0x0000000709e00000| PB 0x0000000709e00000| Untracked 
|  76|0x000000070a000000, 0x000000070a200000, 0x000000070a200000|100%| O|  |TAMS 0x000000070a000000| PB 0x000000070a000000| Untracked 
|  77|0x000000070a200000, 0x000000070a400000, 0x000000070a400000|100%| O|Cm|TAMS 0x000000070a200000| PB 0x000000070a200000| Complete 
|  78|0x000000070a400000, 0x000000070a500000, 0x000000070a600000| 50%| O|  |TAMS 0x000000070a400000| PB 0x000000070a400000| Untracked 
|  79|0x000000070a600000, 0x000000070a800000, 0x000000070a800000|100%| O|Cm|TAMS 0x000000070a600000| PB 0x000000070a600000| Complete 
|  80|0x000000070a800000, 0x000000070a800000, 0x000000070aa00000|  0%| F|  |TAMS 0x000000070a800000| PB 0x000000070a800000| Untracked 
|  81|0x000000070aa00000, 0x000000070aa00000, 0x000000070ac00000|  0%| F|  |TAMS 0x000000070aa00000| PB 0x000000070aa00000| Untracked 
|  82|0x000000070ac00000, 0x000000070ae00000, 0x000000070ae00000|100%| O|Cm|TAMS 0x000000070ac00000| PB 0x000000070ac00000| Complete 
|  83|0x000000070ae00000, 0x000000070ae00000, 0x000000070b000000|  0%| F|  |TAMS 0x000000070ae00000| PB 0x000000070ae00000| Untracked 
|  84|0x000000070b000000, 0x000000070b200000, 0x000000070b200000|100%| O|Cm|TAMS 0x000000070b000000| PB 0x000000070b000000| Complete 
|  85|0x000000070b200000, 0x000000070b400000, 0x000000070b400000|100%| O|Cm|TAMS 0x000000070b200000| PB 0x000000070b200000| Complete 
|  86|0x000000070b400000, 0x000000070b400000, 0x000000070b600000|  0%| F|  |TAMS 0x000000070b400000| PB 0x000000070b400000| Untracked 
|  87|0x000000070b600000, 0x000000070b600000, 0x000000070b800000|  0%| F|  |TAMS 0x000000070b600000| PB 0x000000070b600000| Untracked 
|  88|0x000000070b800000, 0x000000070ba00000, 0x000000070ba00000|100%| O|Cm|TAMS 0x000000070b800000| PB 0x000000070b800000| Complete 
|  89|0x000000070ba00000, 0x000000070ba00000, 0x000000070bc00000|  0%| F|  |TAMS 0x000000070ba00000| PB 0x000000070ba00000| Untracked 
|  90|0x000000070bc00000, 0x000000070bc00000, 0x000000070be00000|  0%| F|  |TAMS 0x000000070bc00000| PB 0x000000070bc00000| Untracked 
|  91|0x000000070be00000, 0x000000070be00000, 0x000000070c000000|  0%| F|  |TAMS 0x000000070be00000| PB 0x000000070be00000| Untracked 
|  92|0x000000070c000000, 0x000000070c000000, 0x000000070c200000|  0%| F|  |TAMS 0x000000070c000000| PB 0x000000070c000000| Untracked 
|  93|0x000000070c200000, 0x000000070c200000, 0x000000070c400000|  0%| F|  |TAMS 0x000000070c200000| PB 0x000000070c200000| Untracked 
|  94|0x000000070c400000, 0x000000070c400000, 0x000000070c600000|  0%| F|  |TAMS 0x000000070c400000| PB 0x000000070c400000| Untracked 
|  95|0x000000070c600000, 0x000000070c800000, 0x000000070c800000|100%| O|  |TAMS 0x000000070c600000| PB 0x000000070c600000| Untracked 
|  96|0x000000070c800000, 0x000000070c800000, 0x000000070ca00000|  0%| F|  |TAMS 0x000000070c800000| PB 0x000000070c800000| Untracked 
|  97|0x000000070ca00000, 0x000000070ca00000, 0x000000070cc00000|  0%| F|  |TAMS 0x000000070ca00000| PB 0x000000070ca00000| Untracked 
|  98|0x000000070cc00000, 0x000000070ce00000, 0x000000070ce00000|100%| O|Cm|TAMS 0x000000070cc00000| PB 0x000000070cc00000| Complete 
|  99|0x000000070ce00000, 0x000000070ce00000, 0x000000070d000000|  0%| F|  |TAMS 0x000000070ce00000| PB 0x000000070ce00000| Untracked 
| 100|0x000000070d000000, 0x000000070d000000, 0x000000070d200000|  0%| F|  |TAMS 0x000000070d000000| PB 0x000000070d000000| Untracked 
| 101|0x000000070d200000, 0x000000070d200000, 0x000000070d400000|  0%| F|  |TAMS 0x000000070d200000| PB 0x000000070d200000| Untracked 
| 102|0x000000070d400000, 0x000000070d400000, 0x000000070d600000|  0%| F|  |TAMS 0x000000070d400000| PB 0x000000070d400000| Untracked 
| 103|0x000000070d600000, 0x000000070d600000, 0x000000070d800000|  0%| F|  |TAMS 0x000000070d600000| PB 0x000000070d600000| Untracked 
| 104|0x000000070d800000, 0x000000070d800000, 0x000000070da00000|  0%| F|  |TAMS 0x000000070d800000| PB 0x000000070d800000| Untracked 
| 105|0x000000070da00000, 0x000000070da00000, 0x000000070dc00000|  0%| F|  |TAMS 0x000000070da00000| PB 0x000000070da00000| Untracked 
| 106|0x000000070dc00000, 0x000000070dc00000, 0x000000070de00000|  0%| F|  |TAMS 0x000000070dc00000| PB 0x000000070dc00000| Untracked 
| 107|0x000000070de00000, 0x000000070de00000, 0x000000070e000000|  0%| F|  |TAMS 0x000000070de00000| PB 0x000000070de00000| Untracked 
| 108|0x000000070e000000, 0x000000070e200000, 0x000000070e200000|100%| O|  |TAMS 0x000000070e000000| PB 0x000000070e000000| Untracked 
| 109|0x000000070e200000, 0x000000070e200000, 0x000000070e400000|  0%| F|  |TAMS 0x000000070e200000| PB 0x000000070e200000| Untracked 
| 110|0x000000070e400000, 0x000000070e400000, 0x000000070e600000|  0%| F|  |TAMS 0x000000070e400000| PB 0x000000070e400000| Untracked 
| 111|0x000000070e600000, 0x000000070e600000, 0x000000070e800000|  0%| F|  |TAMS 0x000000070e600000| PB 0x000000070e600000| Untracked 
| 112|0x000000070e800000, 0x000000070e800000, 0x000000070ea00000|  0%| F|  |TAMS 0x000000070e800000| PB 0x000000070e800000| Untracked 
| 113|0x000000070ea00000, 0x000000070ea00000, 0x000000070ec00000|  0%| F|  |TAMS 0x000000070ea00000| PB 0x000000070ea00000| Untracked 
| 114|0x000000070ec00000, 0x000000070ec00000, 0x000000070ee00000|  0%| F|  |TAMS 0x000000070ec00000| PB 0x000000070ec00000| Untracked 
| 115|0x000000070ee00000, 0x000000070ee00000, 0x000000070f000000|  0%| F|  |TAMS 0x000000070ee00000| PB 0x000000070ee00000| Untracked 
| 116|0x000000070f000000, 0x000000070f000000, 0x000000070f200000|  0%| F|  |TAMS 0x000000070f000000| PB 0x000000070f000000| Untracked 
| 117|0x000000070f200000, 0x000000070f200000, 0x000000070f400000|  0%| F|  |TAMS 0x000000070f200000| PB 0x000000070f200000| Untracked 
| 118|0x000000070f400000, 0x000000070f400000, 0x000000070f600000|  0%| F|  |TAMS 0x000000070f400000| PB 0x000000070f400000| Untracked 
| 119|0x000000070f600000, 0x000000070f600000, 0x000000070f800000|  0%| F|  |TAMS 0x000000070f600000| PB 0x000000070f600000| Untracked 
| 120|0x000000070f800000, 0x000000070f800000, 0x000000070fa00000|  0%| F|  |TAMS 0x000000070f800000| PB 0x000000070f800000| Untracked 
| 121|0x000000070fa00000, 0x000000070fa00000, 0x000000070fc00000|  0%| F|  |TAMS 0x000000070fa00000| PB 0x000000070fa00000| Untracked 
| 122|0x000000070fc00000, 0x000000070fc00000, 0x000000070fe00000|  0%| F|  |TAMS 0x000000070fc00000| PB 0x000000070fc00000| Untracked 
| 123|0x000000070fe00000, 0x000000070fe00000, 0x0000000710000000|  0%| F|  |TAMS 0x000000070fe00000| PB 0x000000070fe00000| Untracked 
| 124|0x0000000710000000, 0x0000000710000000, 0x0000000710200000|  0%| F|  |TAMS 0x0000000710000000| PB 0x0000000710000000| Untracked 
| 125|0x0000000710200000, 0x0000000710200000, 0x0000000710400000|  0%| F|  |TAMS 0x0000000710200000| PB 0x0000000710200000| Untracked 
| 126|0x0000000710400000, 0x0000000710400000, 0x0000000710600000|  0%| F|  |TAMS 0x0000000710400000| PB 0x0000000710400000| Untracked 
| 127|0x0000000710600000, 0x0000000710600000, 0x0000000710800000|  0%| F|  |TAMS 0x0000000710600000| PB 0x0000000710600000| Untracked 
| 128|0x0000000710800000, 0x0000000710800000, 0x0000000710a00000|  0%| F|  |TAMS 0x0000000710800000| PB 0x0000000710800000| Untracked 
| 129|0x0000000710a00000, 0x0000000710a00000, 0x0000000710c00000|  0%| F|  |TAMS 0x0000000710a00000| PB 0x0000000710a00000| Untracked 
| 130|0x0000000710c00000, 0x0000000710c00000, 0x0000000710e00000|  0%| F|  |TAMS 0x0000000710c00000| PB 0x0000000710c00000| Untracked 
| 131|0x0000000710e00000, 0x0000000710e00000, 0x0000000711000000|  0%| F|  |TAMS 0x0000000710e00000| PB 0x0000000710e00000| Untracked 
| 132|0x0000000711000000, 0x0000000711000000, 0x0000000711200000|  0%| F|  |TAMS 0x0000000711000000| PB 0x0000000711000000| Untracked 
| 133|0x0000000711200000, 0x0000000711200000, 0x0000000711400000|  0%| F|  |TAMS 0x0000000711200000| PB 0x0000000711200000| Untracked 
| 134|0x0000000711400000, 0x0000000711400000, 0x0000000711600000|  0%| F|  |TAMS 0x0000000711400000| PB 0x0000000711400000| Untracked 
| 135|0x0000000711600000, 0x0000000711600000, 0x0000000711800000|  0%| F|  |TAMS 0x0000000711600000| PB 0x0000000711600000| Untracked 
| 136|0x0000000711800000, 0x0000000711800000, 0x0000000711a00000|  0%| F|  |TAMS 0x0000000711800000| PB 0x0000000711800000| Untracked 
| 137|0x0000000711a00000, 0x0000000711a00000, 0x0000000711c00000|  0%| F|  |TAMS 0x0000000711a00000| PB 0x0000000711a00000| Untracked 
| 138|0x0000000711c00000, 0x0000000711c00000, 0x0000000711e00000|  0%| F|  |TAMS 0x0000000711c00000| PB 0x0000000711c00000| Untracked 
| 139|0x0000000711e00000, 0x0000000711e00000, 0x0000000712000000|  0%| F|  |TAMS 0x0000000711e00000| PB 0x0000000711e00000| Untracked 
| 140|0x0000000712000000, 0x0000000712000000, 0x0000000712200000|  0%| F|  |TAMS 0x0000000712000000| PB 0x0000000712000000| Untracked 
| 141|0x0000000712200000, 0x0000000712200000, 0x0000000712400000|  0%| F|  |TAMS 0x0000000712200000| PB 0x0000000712200000| Untracked 
| 142|0x0000000712400000, 0x0000000712400000, 0x0000000712600000|  0%| F|  |TAMS 0x0000000712400000| PB 0x0000000712400000| Untracked 
| 143|0x0000000712600000, 0x0000000712600000, 0x0000000712800000|  0%| F|  |TAMS 0x0000000712600000| PB 0x0000000712600000| Untracked 
| 144|0x0000000712800000, 0x0000000712800000, 0x0000000712a00000|  0%| F|  |TAMS 0x0000000712800000| PB 0x0000000712800000| Untracked 
| 145|0x0000000712a00000, 0x0000000712a00000, 0x0000000712c00000|  0%| F|  |TAMS 0x0000000712a00000| PB 0x0000000712a00000| Untracked 
| 146|0x0000000712c00000, 0x0000000712c00000, 0x0000000712e00000|  0%| F|  |TAMS 0x0000000712c00000| PB 0x0000000712c00000| Untracked 
| 147|0x0000000712e00000, 0x0000000712e00000, 0x0000000713000000|  0%| F|  |TAMS 0x0000000712e00000| PB 0x0000000712e00000| Untracked 
| 148|0x0000000713000000, 0x0000000713000000, 0x0000000713200000|  0%| F|  |TAMS 0x0000000713000000| PB 0x0000000713000000| Untracked 
| 149|0x0000000713200000, 0x0000000713200000, 0x0000000713400000|  0%| F|  |TAMS 0x0000000713200000| PB 0x0000000713200000| Untracked 
| 150|0x0000000713400000, 0x0000000713400000, 0x0000000713600000|  0%| F|  |TAMS 0x0000000713400000| PB 0x0000000713400000| Untracked 
| 151|0x0000000713600000, 0x0000000713600000, 0x0000000713800000|  0%| F|  |TAMS 0x0000000713600000| PB 0x0000000713600000| Untracked 
| 152|0x0000000713800000, 0x0000000713800000, 0x0000000713a00000|  0%| F|  |TAMS 0x0000000713800000| PB 0x0000000713800000| Untracked 
| 153|0x0000000713a00000, 0x0000000713a00000, 0x0000000713c00000|  0%| F|  |TAMS 0x0000000713a00000| PB 0x0000000713a00000| Untracked 
| 154|0x0000000713c00000, 0x0000000713c00000, 0x0000000713e00000|  0%| F|  |TAMS 0x0000000713c00000| PB 0x0000000713c00000| Untracked 
| 155|0x0000000713e00000, 0x0000000713e00000, 0x0000000714000000|  0%| F|  |TAMS 0x0000000713e00000| PB 0x0000000713e00000| Untracked 
| 156|0x0000000714000000, 0x0000000714000000, 0x0000000714200000|  0%| F|  |TAMS 0x0000000714000000| PB 0x0000000714000000| Untracked 
| 157|0x0000000714200000, 0x0000000714200000, 0x0000000714400000|  0%| F|  |TAMS 0x0000000714200000| PB 0x0000000714200000| Untracked 
| 158|0x0000000714400000, 0x0000000714400000, 0x0000000714600000|  0%| F|  |TAMS 0x0000000714400000| PB 0x0000000714400000| Untracked 
| 159|0x0000000714600000, 0x0000000714600000, 0x0000000714800000|  0%| F|  |TAMS 0x0000000714600000| PB 0x0000000714600000| Untracked 
| 160|0x0000000714800000, 0x0000000714800000, 0x0000000714a00000|  0%| F|  |TAMS 0x0000000714800000| PB 0x0000000714800000| Untracked 
| 161|0x0000000714a00000, 0x0000000714a00000, 0x0000000714c00000|  0%| F|  |TAMS 0x0000000714a00000| PB 0x0000000714a00000| Untracked 
| 162|0x0000000714c00000, 0x0000000714c00000, 0x0000000714e00000|  0%| F|  |TAMS 0x0000000714c00000| PB 0x0000000714c00000| Untracked 
| 163|0x0000000714e00000, 0x0000000714e00000, 0x0000000715000000|  0%| F|  |TAMS 0x0000000714e00000| PB 0x0000000714e00000| Untracked 
| 164|0x0000000715000000, 0x0000000715000000, 0x0000000715200000|  0%| F|  |TAMS 0x0000000715000000| PB 0x0000000715000000| Untracked 
| 165|0x0000000715200000, 0x0000000715200000, 0x0000000715400000|  0%| F|  |TAMS 0x0000000715200000| PB 0x0000000715200000| Untracked 
| 166|0x0000000715400000, 0x0000000715400000, 0x0000000715600000|  0%| F|  |TAMS 0x0000000715400000| PB 0x0000000715400000| Untracked 
| 167|0x0000000715600000, 0x0000000715600000, 0x0000000715800000|  0%| F|  |TAMS 0x0000000715600000| PB 0x0000000715600000| Untracked 
| 168|0x0000000715800000, 0x0000000715800000, 0x0000000715a00000|  0%| F|  |TAMS 0x0000000715800000| PB 0x0000000715800000| Untracked 
| 169|0x0000000715a00000, 0x0000000715a00000, 0x0000000715c00000|  0%| F|  |TAMS 0x0000000715a00000| PB 0x0000000715a00000| Untracked 
| 170|0x0000000715c00000, 0x0000000715c00000, 0x0000000715e00000|  0%| F|  |TAMS 0x0000000715c00000| PB 0x0000000715c00000| Untracked 
| 171|0x0000000715e00000, 0x0000000715e00000, 0x0000000716000000|  0%| F|  |TAMS 0x0000000715e00000| PB 0x0000000715e00000| Untracked 
| 172|0x0000000716000000, 0x0000000716200000, 0x0000000716200000|100%| S|CS|TAMS 0x0000000716000000| PB 0x0000000716000000| Complete 
| 173|0x0000000716200000, 0x0000000716400000, 0x0000000716400000|100%| S|CS|TAMS 0x0000000716200000| PB 0x0000000716200000| Complete 
| 174|0x0000000716400000, 0x0000000716600000, 0x0000000716600000|100%| S|CS|TAMS 0x0000000716400000| PB 0x0000000716400000| Complete 
| 175|0x0000000716600000, 0x0000000716800000, 0x0000000716800000|100%| S|CS|TAMS 0x0000000716600000| PB 0x0000000716600000| Complete 
| 176|0x0000000716800000, 0x0000000716a00000, 0x0000000716a00000|100%| S|CS|TAMS 0x0000000716800000| PB 0x0000000716800000| Complete 
| 177|0x0000000716a00000, 0x0000000716c00000, 0x0000000716c00000|100%| S|CS|TAMS 0x0000000716a00000| PB 0x0000000716a00000| Complete 
| 178|0x0000000716c00000, 0x0000000716e00000, 0x0000000716e00000|100%| S|CS|TAMS 0x0000000716c00000| PB 0x0000000716c00000| Complete 
| 179|0x0000000716e00000, 0x0000000717000000, 0x0000000717000000|100%| S|CS|TAMS 0x0000000716e00000| PB 0x0000000716e00000| Complete 
| 180|0x0000000717000000, 0x0000000717200000, 0x0000000717200000|100%| S|CS|TAMS 0x0000000717000000| PB 0x0000000717000000| Complete 
| 181|0x0000000717200000, 0x0000000717400000, 0x0000000717400000|100%| S|CS|TAMS 0x0000000717200000| PB 0x0000000717200000| Complete 
| 182|0x0000000717400000, 0x0000000717600000, 0x0000000717600000|100%| S|CS|TAMS 0x0000000717400000| PB 0x0000000717400000| Complete 
| 183|0x0000000717600000, 0x0000000717800000, 0x0000000717800000|100%| S|CS|TAMS 0x0000000717600000| PB 0x0000000717600000| Complete 
| 184|0x0000000717800000, 0x0000000717900000, 0x0000000717a00000| 50%| E|  |TAMS 0x0000000717800000| PB 0x0000000717800000| Complete 
| 185|0x0000000717a00000, 0x0000000717c00000, 0x0000000717c00000|100%| E|CS|TAMS 0x0000000717a00000| PB 0x0000000717a00000| Complete 
| 186|0x0000000717c00000, 0x0000000717e00000, 0x0000000717e00000|100%| E|CS|TAMS 0x0000000717c00000| PB 0x0000000717c00000| Complete 
| 187|0x0000000717e00000, 0x0000000718000000, 0x0000000718000000|100%| E|CS|TAMS 0x0000000717e00000| PB 0x0000000717e00000| Complete 
| 188|0x0000000718000000, 0x0000000718200000, 0x0000000718200000|100%| E|CS|TAMS 0x0000000718000000| PB 0x0000000718000000| Complete 
| 189|0x0000000718200000, 0x0000000718400000, 0x0000000718400000|100%| E|CS|TAMS 0x0000000718200000| PB 0x0000000718200000| Complete 
| 190|0x0000000718400000, 0x0000000718600000, 0x0000000718600000|100%| E|CS|TAMS 0x0000000718400000| PB 0x0000000718400000| Complete 
| 191|0x0000000718600000, 0x0000000718800000, 0x0000000718800000|100%| E|CS|TAMS 0x0000000718600000| PB 0x0000000718600000| Complete 
| 192|0x0000000718800000, 0x0000000718a00000, 0x0000000718a00000|100%| E|CS|TAMS 0x0000000718800000| PB 0x0000000718800000| Complete 
| 193|0x0000000718a00000, 0x0000000718c00000, 0x0000000718c00000|100%| E|CS|TAMS 0x0000000718a00000| PB 0x0000000718a00000| Complete 
| 194|0x0000000718c00000, 0x0000000718e00000, 0x0000000718e00000|100%| E|CS|TAMS 0x0000000718c00000| PB 0x0000000718c00000| Complete 
| 195|0x0000000718e00000, 0x0000000719000000, 0x0000000719000000|100%| E|CS|TAMS 0x0000000718e00000| PB 0x0000000718e00000| Complete 
| 196|0x0000000719000000, 0x0000000719200000, 0x0000000719200000|100%| E|CS|TAMS 0x0000000719000000| PB 0x0000000719000000| Complete 
| 197|0x0000000719200000, 0x0000000719400000, 0x0000000719400000|100%| E|CS|TAMS 0x0000000719200000| PB 0x0000000719200000| Complete 
| 198|0x0000000719400000, 0x0000000719600000, 0x0000000719600000|100%| E|CS|TAMS 0x0000000719400000| PB 0x0000000719400000| Complete 
| 199|0x0000000719600000, 0x0000000719800000, 0x0000000719800000|100%| E|CS|TAMS 0x0000000719600000| PB 0x0000000719600000| Complete 
| 200|0x0000000719800000, 0x0000000719a00000, 0x0000000719a00000|100%| E|CS|TAMS 0x0000000719800000| PB 0x0000000719800000| Complete 
| 201|0x0000000719a00000, 0x0000000719c00000, 0x0000000719c00000|100%| E|CS|TAMS 0x0000000719a00000| PB 0x0000000719a00000| Complete 
| 202|0x0000000719c00000, 0x0000000719e00000, 0x0000000719e00000|100%| E|CS|TAMS 0x0000000719c00000| PB 0x0000000719c00000| Complete 
| 203|0x0000000719e00000, 0x000000071a000000, 0x000000071a000000|100%| E|CS|TAMS 0x0000000719e00000| PB 0x0000000719e00000| Complete 
| 204|0x000000071a000000, 0x000000071a200000, 0x000000071a200000|100%| E|CS|TAMS 0x000000071a000000| PB 0x000000071a000000| Complete 
| 205|0x000000071a200000, 0x000000071a400000, 0x000000071a400000|100%| E|CS|TAMS 0x000000071a200000| PB 0x000000071a200000| Complete 
| 206|0x000000071a400000, 0x000000071a600000, 0x000000071a600000|100%| E|CS|TAMS 0x000000071a400000| PB 0x000000071a400000| Complete 
| 207|0x000000071a600000, 0x000000071a800000, 0x000000071a800000|100%| E|CS|TAMS 0x000000071a600000| PB 0x000000071a600000| Complete 
| 208|0x000000071a800000, 0x000000071aa00000, 0x000000071aa00000|100%| E|CS|TAMS 0x000000071a800000| PB 0x000000071a800000| Complete 
| 209|0x000000071aa00000, 0x000000071ac00000, 0x000000071ac00000|100%| E|CS|TAMS 0x000000071aa00000| PB 0x000000071aa00000| Complete 
| 210|0x000000071ac00000, 0x000000071ae00000, 0x000000071ae00000|100%| E|CS|TAMS 0x000000071ac00000| PB 0x000000071ac00000| Complete 
| 211|0x000000071ae00000, 0x000000071b000000, 0x000000071b000000|100%| E|CS|TAMS 0x000000071ae00000| PB 0x000000071ae00000| Complete 
| 212|0x000000071b000000, 0x000000071b200000, 0x000000071b200000|100%| E|CS|TAMS 0x000000071b000000| PB 0x000000071b000000| Complete 
| 213|0x000000071b200000, 0x000000071b400000, 0x000000071b400000|100%| E|CS|TAMS 0x000000071b200000| PB 0x000000071b200000| Complete 
| 214|0x000000071b400000, 0x000000071b600000, 0x000000071b600000|100%| E|CS|TAMS 0x000000071b400000| PB 0x000000071b400000| Complete 
| 215|0x000000071b600000, 0x000000071b800000, 0x000000071b800000|100%| E|CS|TAMS 0x000000071b600000| PB 0x000000071b600000| Complete 
| 216|0x000000071b800000, 0x000000071ba00000, 0x000000071ba00000|100%| E|CS|TAMS 0x000000071b800000| PB 0x000000071b800000| Complete 
| 217|0x000000071ba00000, 0x000000071bc00000, 0x000000071bc00000|100%| E|CS|TAMS 0x000000071ba00000| PB 0x000000071ba00000| Complete 
| 218|0x000000071bc00000, 0x000000071be00000, 0x000000071be00000|100%| E|CS|TAMS 0x000000071bc00000| PB 0x000000071bc00000| Complete 
| 219|0x000000071be00000, 0x000000071c000000, 0x000000071c000000|100%| E|CS|TAMS 0x000000071be00000| PB 0x000000071be00000| Complete 
| 220|0x000000071c000000, 0x000000071c200000, 0x000000071c200000|100%| E|CS|TAMS 0x000000071c000000| PB 0x000000071c000000| Complete 
| 221|0x000000071c200000, 0x000000071c400000, 0x000000071c400000|100%| E|CS|TAMS 0x000000071c200000| PB 0x000000071c200000| Complete 
| 222|0x000000071c400000, 0x000000071c600000, 0x000000071c600000|100%| E|CS|TAMS 0x000000071c400000| PB 0x000000071c400000| Complete 
| 223|0x000000071c600000, 0x000000071c800000, 0x000000071c800000|100%| E|CS|TAMS 0x000000071c600000| PB 0x000000071c600000| Complete 
| 224|0x000000071c800000, 0x000000071ca00000, 0x000000071ca00000|100%| E|CS|TAMS 0x000000071c800000| PB 0x000000071c800000| Complete 
| 225|0x000000071ca00000, 0x000000071cc00000, 0x000000071cc00000|100%| E|CS|TAMS 0x000000071ca00000| PB 0x000000071ca00000| Complete 
| 226|0x000000071cc00000, 0x000000071ce00000, 0x000000071ce00000|100%| E|CS|TAMS 0x000000071cc00000| PB 0x000000071cc00000| Complete 
| 227|0x000000071ce00000, 0x000000071d000000, 0x000000071d000000|100%| E|CS|TAMS 0x000000071ce00000| PB 0x000000071ce00000| Complete 
| 228|0x000000071d000000, 0x000000071d200000, 0x000000071d200000|100%| E|CS|TAMS 0x000000071d000000| PB 0x000000071d000000| Complete 
| 229|0x000000071d200000, 0x000000071d400000, 0x000000071d400000|100%| E|CS|TAMS 0x000000071d200000| PB 0x000000071d200000| Complete 
| 230|0x000000071d400000, 0x000000071d600000, 0x000000071d600000|100%| E|CS|TAMS 0x000000071d400000| PB 0x000000071d400000| Complete 
| 231|0x000000071d600000, 0x000000071d800000, 0x000000071d800000|100%| E|CS|TAMS 0x000000071d600000| PB 0x000000071d600000| Complete 
| 232|0x000000071d800000, 0x000000071da00000, 0x000000071da00000|100%| E|CS|TAMS 0x000000071d800000| PB 0x000000071d800000| Complete 
| 233|0x000000071da00000, 0x000000071dc00000, 0x000000071dc00000|100%| E|CS|TAMS 0x000000071da00000| PB 0x000000071da00000| Complete 
| 234|0x000000071dc00000, 0x000000071de00000, 0x000000071de00000|100%| E|CS|TAMS 0x000000071dc00000| PB 0x000000071dc00000| Complete 
| 235|0x000000071de00000, 0x000000071e000000, 0x000000071e000000|100%| E|CS|TAMS 0x000000071de00000| PB 0x000000071de00000| Complete 
| 236|0x000000071e000000, 0x000000071e200000, 0x000000071e200000|100%| E|CS|TAMS 0x000000071e000000| PB 0x000000071e000000| Complete 
| 237|0x000000071e200000, 0x000000071e400000, 0x000000071e400000|100%| E|CS|TAMS 0x000000071e200000| PB 0x000000071e200000| Complete 
| 238|0x000000071e400000, 0x000000071e600000, 0x000000071e600000|100%| E|CS|TAMS 0x000000071e400000| PB 0x000000071e400000| Complete 
| 239|0x000000071e600000, 0x000000071e800000, 0x000000071e800000|100%| E|CS|TAMS 0x000000071e600000| PB 0x000000071e600000| Complete 
| 240|0x000000071e800000, 0x000000071ea00000, 0x000000071ea00000|100%| E|CS|TAMS 0x000000071e800000| PB 0x000000071e800000| Complete 
| 241|0x000000071ea00000, 0x000000071ec00000, 0x000000071ec00000|100%| E|CS|TAMS 0x000000071ea00000| PB 0x000000071ea00000| Complete 
| 242|0x000000071ec00000, 0x000000071ee00000, 0x000000071ee00000|100%| E|CS|TAMS 0x000000071ec00000| PB 0x000000071ec00000| Complete 
| 243|0x000000071ee00000, 0x000000071f000000, 0x000000071f000000|100%| E|CS|TAMS 0x000000071ee00000| PB 0x000000071ee00000| Complete 
| 244|0x000000071f000000, 0x000000071f200000, 0x000000071f200000|100%| E|CS|TAMS 0x000000071f000000| PB 0x000000071f000000| Complete 
| 245|0x000000071f200000, 0x000000071f400000, 0x000000071f400000|100%| E|CS|TAMS 0x000000071f200000| PB 0x000000071f200000| Complete 
| 246|0x000000071f400000, 0x000000071f600000, 0x000000071f600000|100%| E|CS|TAMS 0x000000071f400000| PB 0x000000071f400000| Complete 
| 247|0x000000071f600000, 0x000000071f800000, 0x000000071f800000|100%| E|CS|TAMS 0x000000071f600000| PB 0x000000071f600000| Complete 
| 248|0x000000071f800000, 0x000000071fa00000, 0x000000071fa00000|100%| E|CS|TAMS 0x000000071f800000| PB 0x000000071f800000| Complete 
| 249|0x000000071fa00000, 0x000000071fc00000, 0x000000071fc00000|100%| E|CS|TAMS 0x000000071fa00000| PB 0x000000071fa00000| Complete 
| 250|0x000000071fc00000, 0x000000071fe00000, 0x000000071fe00000|100%| E|CS|TAMS 0x000000071fc00000| PB 0x000000071fc00000| Complete 
| 251|0x000000071fe00000, 0x0000000720000000, 0x0000000720000000|100%| E|CS|TAMS 0x000000071fe00000| PB 0x000000071fe00000| Complete 
| 252|0x0000000720000000, 0x0000000720200000, 0x0000000720200000|100%| E|CS|TAMS 0x0000000720000000| PB 0x0000000720000000| Complete 
| 253|0x0000000720200000, 0x0000000720400000, 0x0000000720400000|100%| E|CS|TAMS 0x0000000720200000| PB 0x0000000720200000| Complete 
| 254|0x0000000720400000, 0x0000000720600000, 0x0000000720600000|100%| E|CS|TAMS 0x0000000720400000| PB 0x0000000720400000| Complete 
| 255|0x0000000720600000, 0x0000000720800000, 0x0000000720800000|100%| E|CS|TAMS 0x0000000720600000| PB 0x0000000720600000| Complete 
| 256|0x0000000720800000, 0x0000000720a00000, 0x0000000720a00000|100%| E|CS|TAMS 0x0000000720800000| PB 0x0000000720800000| Complete 
| 257|0x0000000720a00000, 0x0000000720c00000, 0x0000000720c00000|100%| E|CS|TAMS 0x0000000720a00000| PB 0x0000000720a00000| Complete 
| 258|0x0000000720c00000, 0x0000000720e00000, 0x0000000720e00000|100%| E|CS|TAMS 0x0000000720c00000| PB 0x0000000720c00000| Complete 
| 259|0x0000000720e00000, 0x0000000721000000, 0x0000000721000000|100%| E|CS|TAMS 0x0000000720e00000| PB 0x0000000720e00000| Complete 
| 260|0x0000000721000000, 0x0000000721200000, 0x0000000721200000|100%| E|CS|TAMS 0x0000000721000000| PB 0x0000000721000000| Complete 
| 261|0x0000000721200000, 0x0000000721400000, 0x0000000721400000|100%| E|CS|TAMS 0x0000000721200000| PB 0x0000000721200000| Complete 
| 262|0x0000000721400000, 0x0000000721600000, 0x0000000721600000|100%| E|CS|TAMS 0x0000000721400000| PB 0x0000000721400000| Complete 
| 263|0x0000000721600000, 0x0000000721800000, 0x0000000721800000|100%| E|CS|TAMS 0x0000000721600000| PB 0x0000000721600000| Complete 
| 264|0x0000000721800000, 0x0000000721a00000, 0x0000000721a00000|100%| E|CS|TAMS 0x0000000721800000| PB 0x0000000721800000| Complete 
| 265|0x0000000721a00000, 0x0000000721c00000, 0x0000000721c00000|100%| E|CS|TAMS 0x0000000721a00000| PB 0x0000000721a00000| Complete 
| 266|0x0000000721c00000, 0x0000000721e00000, 0x0000000721e00000|100%| E|CS|TAMS 0x0000000721c00000| PB 0x0000000721c00000| Complete 
| 267|0x0000000721e00000, 0x0000000722000000, 0x0000000722000000|100%| E|CS|TAMS 0x0000000721e00000| PB 0x0000000721e00000| Complete 
| 268|0x0000000722000000, 0x0000000722200000, 0x0000000722200000|100%| E|CS|TAMS 0x0000000722000000| PB 0x0000000722000000| Complete 
| 269|0x0000000722200000, 0x0000000722400000, 0x0000000722400000|100%| E|CS|TAMS 0x0000000722200000| PB 0x0000000722200000| Complete 
| 270|0x0000000722400000, 0x0000000722600000, 0x0000000722600000|100%| E|CS|TAMS 0x0000000722400000| PB 0x0000000722400000| Complete 
| 271|0x0000000722600000, 0x0000000722800000, 0x0000000722800000|100%| E|CS|TAMS 0x0000000722600000| PB 0x0000000722600000| Complete 
| 272|0x0000000722800000, 0x0000000722a00000, 0x0000000722a00000|100%| E|CS|TAMS 0x0000000722800000| PB 0x0000000722800000| Complete 
| 273|0x0000000722a00000, 0x0000000722c00000, 0x0000000722c00000|100%| E|CS|TAMS 0x0000000722a00000| PB 0x0000000722a00000| Complete 
| 274|0x0000000722c00000, 0x0000000722e00000, 0x0000000722e00000|100%| E|CS|TAMS 0x0000000722c00000| PB 0x0000000722c00000| Complete 
| 275|0x0000000722e00000, 0x0000000723000000, 0x0000000723000000|100%| E|CS|TAMS 0x0000000722e00000| PB 0x0000000722e00000| Complete 
| 276|0x0000000723000000, 0x0000000723200000, 0x0000000723200000|100%| E|CS|TAMS 0x0000000723000000| PB 0x0000000723000000| Complete 
| 277|0x0000000723200000, 0x0000000723400000, 0x0000000723400000|100%| E|CS|TAMS 0x0000000723200000| PB 0x0000000723200000| Complete 
| 278|0x0000000723400000, 0x0000000723600000, 0x0000000723600000|100%| E|CS|TAMS 0x0000000723400000| PB 0x0000000723400000| Complete 
| 279|0x0000000723600000, 0x0000000723800000, 0x0000000723800000|100%| E|CS|TAMS 0x0000000723600000| PB 0x0000000723600000| Complete 
| 280|0x0000000723800000, 0x0000000723a00000, 0x0000000723a00000|100%| E|CS|TAMS 0x0000000723800000| PB 0x0000000723800000| Complete 
| 281|0x0000000723a00000, 0x0000000723c00000, 0x0000000723c00000|100%| E|CS|TAMS 0x0000000723a00000| PB 0x0000000723a00000| Complete 
| 282|0x0000000723c00000, 0x0000000723e00000, 0x0000000723e00000|100%| E|CS|TAMS 0x0000000723c00000| PB 0x0000000723c00000| Complete 
| 283|0x0000000723e00000, 0x0000000724000000, 0x0000000724000000|100%| E|CS|TAMS 0x0000000723e00000| PB 0x0000000723e00000| Complete 
| 284|0x0000000724000000, 0x0000000724200000, 0x0000000724200000|100%| E|CS|TAMS 0x0000000724000000| PB 0x0000000724000000| Complete 
| 285|0x0000000724200000, 0x0000000724400000, 0x0000000724400000|100%| E|CS|TAMS 0x0000000724200000| PB 0x0000000724200000| Complete 
| 286|0x0000000724400000, 0x0000000724600000, 0x0000000724600000|100%| E|CS|TAMS 0x0000000724400000| PB 0x0000000724400000| Complete 
| 287|0x0000000724600000, 0x0000000724800000, 0x0000000724800000|100%| E|CS|TAMS 0x0000000724600000| PB 0x0000000724600000| Complete 
| 288|0x0000000724800000, 0x0000000724a00000, 0x0000000724a00000|100%| E|CS|TAMS 0x0000000724800000| PB 0x0000000724800000| Complete 
| 289|0x0000000724a00000, 0x0000000724c00000, 0x0000000724c00000|100%| E|CS|TAMS 0x0000000724a00000| PB 0x0000000724a00000| Complete 
| 290|0x0000000724c00000, 0x0000000724e00000, 0x0000000724e00000|100%| E|CS|TAMS 0x0000000724c00000| PB 0x0000000724c00000| Complete 
| 291|0x0000000724e00000, 0x0000000725000000, 0x0000000725000000|100%| E|CS|TAMS 0x0000000724e00000| PB 0x0000000724e00000| Complete 
| 292|0x0000000725000000, 0x0000000725200000, 0x0000000725200000|100%| E|CS|TAMS 0x0000000725000000| PB 0x0000000725000000| Complete 
| 293|0x0000000725200000, 0x0000000725400000, 0x0000000725400000|100%| E|CS|TAMS 0x0000000725200000| PB 0x0000000725200000| Complete 
| 294|0x0000000725400000, 0x0000000725600000, 0x0000000725600000|100%| E|CS|TAMS 0x0000000725400000| PB 0x0000000725400000| Complete 
| 295|0x0000000725600000, 0x0000000725800000, 0x0000000725800000|100%| E|CS|TAMS 0x0000000725600000| PB 0x0000000725600000| Complete 
| 296|0x0000000725800000, 0x0000000725a00000, 0x0000000725a00000|100%| E|CS|TAMS 0x0000000725800000| PB 0x0000000725800000| Complete 
| 297|0x0000000725a00000, 0x0000000725c00000, 0x0000000725c00000|100%| E|CS|TAMS 0x0000000725a00000| PB 0x0000000725a00000| Complete 
| 298|0x0000000725c00000, 0x0000000725e00000, 0x0000000725e00000|100%| E|CS|TAMS 0x0000000725c00000| PB 0x0000000725c00000| Complete 
| 299|0x0000000725e00000, 0x0000000726000000, 0x0000000726000000|100%| E|CS|TAMS 0x0000000725e00000| PB 0x0000000725e00000| Complete 
| 300|0x0000000726000000, 0x0000000726200000, 0x0000000726200000|100%| E|CS|TAMS 0x0000000726000000| PB 0x0000000726000000| Complete 
| 301|0x0000000726200000, 0x0000000726400000, 0x0000000726400000|100%| E|CS|TAMS 0x0000000726200000| PB 0x0000000726200000| Complete 
| 302|0x0000000726400000, 0x0000000726600000, 0x0000000726600000|100%| E|CS|TAMS 0x0000000726400000| PB 0x0000000726400000| Complete 
| 303|0x0000000726600000, 0x0000000726800000, 0x0000000726800000|100%| E|CS|TAMS 0x0000000726600000| PB 0x0000000726600000| Complete 
| 304|0x0000000726800000, 0x0000000726a00000, 0x0000000726a00000|100%| E|CS|TAMS 0x0000000726800000| PB 0x0000000726800000| Complete 
| 305|0x0000000726a00000, 0x0000000726c00000, 0x0000000726c00000|100%| E|CS|TAMS 0x0000000726a00000| PB 0x0000000726a00000| Complete 
| 306|0x0000000726c00000, 0x0000000726e00000, 0x0000000726e00000|100%| E|CS|TAMS 0x0000000726c00000| PB 0x0000000726c00000| Complete 
| 307|0x0000000726e00000, 0x0000000727000000, 0x0000000727000000|100%| E|CS|TAMS 0x0000000726e00000| PB 0x0000000726e00000| Complete 
| 308|0x0000000727000000, 0x0000000727200000, 0x0000000727200000|100%| E|CS|TAMS 0x0000000727000000| PB 0x0000000727000000| Complete 
| 309|0x0000000727200000, 0x0000000727400000, 0x0000000727400000|100%| E|CS|TAMS 0x0000000727200000| PB 0x0000000727200000| Complete 
| 310|0x0000000727400000, 0x0000000727600000, 0x0000000727600000|100%| E|CS|TAMS 0x0000000727400000| PB 0x0000000727400000| Complete 
| 311|0x0000000727600000, 0x0000000727800000, 0x0000000727800000|100%| E|CS|TAMS 0x0000000727600000| PB 0x0000000727600000| Complete 
| 312|0x0000000727800000, 0x0000000727a00000, 0x0000000727a00000|100%| E|CS|TAMS 0x0000000727800000| PB 0x0000000727800000| Complete 
| 313|0x0000000727a00000, 0x0000000727c00000, 0x0000000727c00000|100%| E|CS|TAMS 0x0000000727a00000| PB 0x0000000727a00000| Complete 
| 314|0x0000000727c00000, 0x0000000727e00000, 0x0000000727e00000|100%| E|CS|TAMS 0x0000000727c00000| PB 0x0000000727c00000| Complete 
| 315|0x0000000727e00000, 0x0000000728000000, 0x0000000728000000|100%| E|CS|TAMS 0x0000000727e00000| PB 0x0000000727e00000| Complete 
| 316|0x0000000728000000, 0x0000000728200000, 0x0000000728200000|100%| E|CS|TAMS 0x0000000728000000| PB 0x0000000728000000| Complete 
| 317|0x0000000728200000, 0x0000000728400000, 0x0000000728400000|100%| E|CS|TAMS 0x0000000728200000| PB 0x0000000728200000| Complete 
| 318|0x0000000728400000, 0x0000000728600000, 0x0000000728600000|100%| E|CS|TAMS 0x0000000728400000| PB 0x0000000728400000| Complete 
| 319|0x0000000728600000, 0x0000000728800000, 0x0000000728800000|100%| E|CS|TAMS 0x0000000728600000| PB 0x0000000728600000| Complete 
| 320|0x0000000728800000, 0x0000000728a00000, 0x0000000728a00000|100%| E|CS|TAMS 0x0000000728800000| PB 0x0000000728800000| Complete 
| 321|0x0000000728a00000, 0x0000000728c00000, 0x0000000728c00000|100%| E|CS|TAMS 0x0000000728a00000| PB 0x0000000728a00000| Complete 
| 322|0x0000000728c00000, 0x0000000728e00000, 0x0000000728e00000|100%| E|CS|TAMS 0x0000000728c00000| PB 0x0000000728c00000| Complete 
| 323|0x0000000728e00000, 0x0000000729000000, 0x0000000729000000|100%| E|CS|TAMS 0x0000000728e00000| PB 0x0000000728e00000| Complete 
| 324|0x0000000729000000, 0x0000000729200000, 0x0000000729200000|100%| E|CS|TAMS 0x0000000729000000| PB 0x0000000729000000| Complete 
| 325|0x0000000729200000, 0x0000000729400000, 0x0000000729400000|100%| E|CS|TAMS 0x0000000729200000| PB 0x0000000729200000| Complete 
| 326|0x0000000729400000, 0x0000000729600000, 0x0000000729600000|100%| E|CS|TAMS 0x0000000729400000| PB 0x0000000729400000| Complete 
| 327|0x0000000729600000, 0x0000000729800000, 0x0000000729800000|100%| E|CS|TAMS 0x0000000729600000| PB 0x0000000729600000| Complete 
| 328|0x0000000729800000, 0x0000000729a00000, 0x0000000729a00000|100%| E|CS|TAMS 0x0000000729800000| PB 0x0000000729800000| Complete 
| 329|0x0000000729a00000, 0x0000000729c00000, 0x0000000729c00000|100%| E|CS|TAMS 0x0000000729a00000| PB 0x0000000729a00000| Complete 
| 421|0x0000000735200000, 0x0000000735400000, 0x0000000735400000|100%| E|CS|TAMS 0x0000000735200000| PB 0x0000000735200000| Complete 
|2041|0x00000007ffa00000, 0x00000007ffc00000, 0x00000007ffc00000|100%| E|CS|TAMS 0x00000007ffa00000| PB 0x00000007ffa00000| Complete 
|2042|0x00000007ffc00000, 0x00000007ffe00000, 0x00000007ffe00000|100%| E|CS|TAMS 0x00000007ffc00000| PB 0x00000007ffc00000| Complete 
|2043|0x00000007ffe00000, 0x0000000800000000, 0x0000000800000000|100%| E|CS|TAMS 0x00000007ffe00000| PB 0x00000007ffe00000| Complete 

Card table byte_map: [0x0000022197ce0000,0x00000221984e0000] _byte_map_base: 0x00000221944dc000

Marking Bits: (CMBitMap*) 0x00000221800a00f0
 Bits: [0x00000221984e0000, 0x000002219c4c0000)

Polling page: 0x00000221fdd90000

Metaspace:

Usage:
  Non-class:     76.23 MB used.
      Class:      8.69 MB used.
       Both:     84.93 MB used.

Virtual space:
  Non-class space:      128.00 MB reserved,      76.81 MB ( 60%) committed,  2 nodes.
      Class space:        1.00 GB reserved,       9.31 MB ( <1%) committed,  1 nodes.
             Both:        1.12 GB reserved,      86.12 MB (  7%) committed. 

Chunk freelists:
   Non-Class:  3.22 MB
       Class:  6.72 MB
        Both:  9.95 MB

MaxMetaspaceSize: unlimited
CompressedClassSpaceSize: 1.00 GB
Initial GC threshold: 21.00 MB
Current GC threshold: 143.56 MB
CDS: on
 - commit_granule_bytes: 65536.
 - commit_granule_words: 8192.
 - virtual_space_node_default_size: 8388608.
 - enlarge_chunks_in_place: 1.
 - use_allocation_guard: 0.


Internal statistics:

num_allocs_failed_limit: 6.
num_arena_births: 2188.
num_arena_deaths: 0.
num_vsnodes_births: 3.
num_vsnodes_deaths: 0.
num_space_committed: 1375.
num_space_uncommitted: 0.
num_chunks_returned_to_freelist: 6.
num_chunks_taken_from_freelist: 6008.
num_chunk_merges: 6.
num_chunk_splits: 4165.
num_chunks_enlarged: 2888.
num_inconsistent_stats: 0.

CodeHeap 'non-profiled nmethods': size=120000Kb used=33728Kb max_used=33728Kb free=86271Kb
 bounds [0x000002218ffb0000, 0x00000221920b0000, 0x00000221974e0000]
CodeHeap 'profiled nmethods': size=120000Kb used=29687Kb max_used=44609Kb free=90312Kb
 bounds [0x00000221884e0000, 0x000002218b0b0000, 0x000002218fa10000]
CodeHeap 'non-nmethods': size=5760Kb used=1758Kb max_used=1830Kb free=4001Kb
 bounds [0x000002218fa10000, 0x000002218fc80000, 0x000002218ffb0000]
 total_blobs=14471 nmethods=13708 adapters=662
 compilation: enabled
              stopped_count=0, restarted_count=0
 full_count=0

Compilation events (20 events):
Event: 2651.695 Thread 0x000002219e9a63f0 29317       2       org.jetbrains.kotlin.load.java.lazy.descriptors.LazyJavaClassDescriptor$$Lambda/0x00000221a08070b0::<init> (10 bytes)
Event: 2651.695 Thread 0x000002219e9a63f0 nmethod 29317 0x00000221894db390 code [0x00000221894db520, 0x00000221894db678]
Event: 2651.695 Thread 0x000002219e9a63f0 29318       2       org.jetbrains.kotlin.load.java.lazy.descriptors.LazyJavaClassDescriptor$$Lambda/0x00000221a08032f0::<init> (10 bytes)
Event: 2651.695 Thread 0x000002219e9a63f0 nmethod 29318 0x0000022189982690 code [0x0000022189982820, 0x0000022189982978]
Event: 2651.699 Thread 0x000002219e9a31a0 nmethod 29319 0x0000022192098290 code [0x0000022192098480, 0x0000022192098758]
Event: 2651.699 Thread 0x000002219e9a31a0 29320       4       org.jetbrains.kotlin.resolve.scopes.InnerClassesScopeWrapper::<init> (16 bytes)
Event: 2651.700 Thread 0x000002219e9a31a0 nmethod 29320 0x0000022192098a10 code [0x0000022192098ba0, 0x0000022192098d20]
Event: 2651.700 Thread 0x000002219e9a31a0 29314       4       org.jetbrains.kotlin.load.java.structure.impl.JavaClassImpl::getVisibility (14 bytes)
Event: 2651.703 Thread 0x000002219e9a31a0 nmethod 29314 0x0000022192098e10 code [0x0000022192099000, 0x0000022192099298]
Event: 2651.703 Thread 0x000002219e9a31a0 29315       4       org.jetbrains.kotlin.load.java.lazy.descriptors.LazyJavaClassDescriptor$$Lambda/0x00000221a0806b60::<init> (10 bytes)
Event: 2651.704 Thread 0x000002219e9a31a0 nmethod 29315 0x0000022192099510 code [0x00000221920996a0, 0x0000022192099800]
Event: 2652.016 Thread 0x00000221f04df160 29322       4       org.h2.command.Parser::parseColumnList (76 bytes)
Event: 2652.016 Thread 0x000002219e9a31a0 29323       4       org.h2.command.Parser::parseValuesForCommand (129 bytes)
Event: 2652.059 Thread 0x000002219e9a31a0 nmethod 29323 0x0000022192099890 code [0x0000022192099c20, 0x000002219209b788]
Event: 2652.061 Thread 0x00000221f04df160 nmethod 29322 0x000002219209c690 code [0x000002219209c9e0, 0x000002219209e200]
Event: 2652.086 Thread 0x000002219e9a63f0 29324       3       org.jetbrains.kotlin.psi.KtWhenConditionInRange::getRangeExpression (48 bytes)
Event: 2652.087 Thread 0x000002219e9a63f0 nmethod 29324 0x0000022189666310 code [0x00000221896665a0, 0x0000022189667458]
Event: 2653.258 Thread 0x000002219e9a31a0 29325       4       org.jetbrains.kotlin.types.expressions.ControlStructureTypingVisitor::containsJumpOutOfLoop (66 bytes)
Event: 2653.261 Thread 0x000002219e9a31a0 nmethod 29325 0x000002219209fa10 code [0x000002219209fbc0, 0x000002219209fed0]
Event: 2653.375 Thread 0x000002219e9a31a0 29326       4       org.jetbrains.kotlin.types.expressions.ControlStructureTypingVisitor::visitIfExpression (367 bytes)

GC Heap History (20 events):
Event: 2619.228 GC heap before
{Heap before GC invocations=279 (full 0):
 garbage-first heap   total 628736K, used 511986K [0x0000000700800000, 0x0000000800000000)
  region size 2048K, 156 young (319488K), 23 survivors (47104K)
 Metaspace       used 86944K, committed 88192K, reserved 1179648K
  class space    used 8902K, committed 9536K, reserved 1048576K
}
Event: 2619.282 GC heap after
{Heap after GC invocations=280 (full 0):
 garbage-first heap   total 628736K, used 197618K [0x0000000700800000, 0x0000000800000000)
  region size 2048K, 20 young (40960K), 20 survivors (40960K)
 Metaspace       used 86944K, committed 88192K, reserved 1179648K
  class space    used 8902K, committed 9536K, reserved 1048576K
}
Event: 2621.241 GC heap before
{Heap before GC invocations=280 (full 0):
 garbage-first heap   total 628736K, used 492530K [0x0000000700800000, 0x0000000800000000)
  region size 2048K, 164 young (335872K), 20 survivors (40960K)
 Metaspace       used 86945K, committed 88192K, reserved 1179648K
  class space    used 8902K, committed 9536K, reserved 1048576K
}
Event: 2621.255 GC heap after
{Heap after GC invocations=281 (full 0):
 garbage-first heap   total 628736K, used 178162K [0x0000000700800000, 0x0000000800000000)
  region size 2048K, 5 young (10240K), 5 survivors (10240K)
 Metaspace       used 86945K, committed 88192K, reserved 1179648K
  class space    used 8902K, committed 9536K, reserved 1048576K
}
Event: 2623.075 GC heap before
{Heap before GC invocations=281 (full 0):
 garbage-first heap   total 628736K, used 503794K [0x0000000700800000, 0x0000000800000000)
  region size 2048K, 164 young (335872K), 5 survivors (10240K)
 Metaspace       used 86945K, committed 88192K, reserved 1179648K
  class space    used 8902K, committed 9536K, reserved 1048576K
}
Event: 2623.130 GC heap after
{Heap after GC invocations=282 (full 0):
 garbage-first heap   total 628736K, used 244722K [0x0000000700800000, 0x0000000800000000)
  region size 2048K, 21 young (43008K), 21 survivors (43008K)
 Metaspace       used 86945K, committed 88192K, reserved 1179648K
  class space    used 8902K, committed 9536K, reserved 1048576K
}
Event: 2624.718 GC heap before
{Heap before GC invocations=283 (full 0):
 garbage-first heap   total 628736K, used 470002K [0x0000000700800000, 0x0000000800000000)
  region size 2048K, 151 young (309248K), 21 survivors (43008K)
 Metaspace       used 86945K, committed 88192K, reserved 1179648K
  class space    used 8902K, committed 9536K, reserved 1048576K
}
Event: 2624.752 GC heap after
{Heap after GC invocations=284 (full 0):
 garbage-first heap   total 628736K, used 211954K [0x0000000700800000, 0x0000000800000000)
  region size 2048K, 16 young (32768K), 16 survivors (32768K)
 Metaspace       used 86945K, committed 88192K, reserved 1179648K
  class space    used 8902K, committed 9536K, reserved 1048576K
}
Event: 2626.566 GC heap before
{Heap before GC invocations=284 (full 0):
 garbage-first heap   total 628736K, used 506866K [0x0000000700800000, 0x0000000800000000)
  region size 2048K, 160 young (327680K), 16 survivors (32768K)
 Metaspace       used 86945K, committed 88192K, reserved 1179648K
  class space    used 8902K, committed 9536K, reserved 1048576K
}
Event: 2626.621 GC heap after
{Heap after GC invocations=285 (full 0):
 garbage-first heap   total 628736K, used 214002K [0x0000000700800000, 0x0000000800000000)
  region size 2048K, 20 young (40960K), 20 survivors (40960K)
 Metaspace       used 86945K, committed 88192K, reserved 1179648K
  class space    used 8902K, committed 9536K, reserved 1048576K
}
Event: 2628.886 GC heap before
{Heap before GC invocations=285 (full 0):
 garbage-first heap   total 628736K, used 500722K [0x0000000700800000, 0x0000000800000000)
  region size 2048K, 160 young (327680K), 20 survivors (40960K)
 Metaspace       used 86945K, committed 88192K, reserved 1179648K
  class space    used 8902K, committed 9536K, reserved 1048576K
}
Event: 2628.935 GC heap after
{Heap after GC invocations=286 (full 0):
 garbage-first heap   total 755712K, used 232434K [0x0000000700800000, 0x0000000800000000)
  region size 2048K, 20 young (40960K), 20 survivors (40960K)
 Metaspace       used 86945K, committed 88192K, reserved 1179648K
  class space    used 8902K, committed 9536K, reserved 1048576K
}
Event: 2636.398 GC heap before
{Heap before GC invocations=287 (full 0):
 garbage-first heap   total 684032K, used 558066K [0x0000000700800000, 0x0000000800000000)
  region size 2048K, 197 young (403456K), 20 survivors (40960K)
 Metaspace       used 86952K, committed 88192K, reserved 1179648K
  class space    used 8902K, committed 9536K, reserved 1048576K
}
Event: 2636.420 GC heap after
{Heap after GC invocations=288 (full 0):
 garbage-first heap   total 684032K, used 190450K [0x0000000700800000, 0x0000000800000000)
  region size 2048K, 12 young (24576K), 12 survivors (24576K)
 Metaspace       used 86952K, committed 88192K, reserved 1179648K
  class space    used 8902K, committed 9536K, reserved 1048576K
}
Event: 2640.200 GC heap before
{Heap before GC invocations=288 (full 0):
 garbage-first heap   total 684032K, used 544754K [0x0000000700800000, 0x0000000800000000)
  region size 2048K, 185 young (378880K), 12 survivors (24576K)
 Metaspace       used 86961K, committed 88192K, reserved 1179648K
  class space    used 8902K, committed 9536K, reserved 1048576K
}
Event: 2640.263 GC heap after
{Heap after GC invocations=289 (full 0):
 garbage-first heap   total 684032K, used 201714K [0x0000000700800000, 0x0000000800000000)
  region size 2048K, 24 young (49152K), 24 survivors (49152K)
 Metaspace       used 86961K, committed 88192K, reserved 1179648K
  class space    used 8902K, committed 9536K, reserved 1048576K
}
Event: 2644.219 GC heap before
{Heap before GC invocations=289 (full 0):
 garbage-first heap   total 684032K, used 539634K [0x0000000700800000, 0x0000000800000000)
  region size 2048K, 189 young (387072K), 24 survivors (49152K)
 Metaspace       used 86961K, committed 88192K, reserved 1179648K
  class space    used 8902K, committed 9536K, reserved 1048576K
}
Event: 2644.282 GC heap after
{Heap after GC invocations=290 (full 0):
 garbage-first heap   total 684032K, used 232434K [0x0000000700800000, 0x0000000800000000)
  region size 2048K, 24 young (49152K), 24 survivors (49152K)
 Metaspace       used 86961K, committed 88192K, reserved 1179648K
  class space    used 8902K, committed 9536K, reserved 1048576K
}
Event: 2647.958 GC heap before
{Heap before GC invocations=291 (full 0):
 garbage-first heap   total 684032K, used 517106K [0x0000000700800000, 0x0000000800000000)
  region size 2048K, 174 young (356352K), 24 survivors (49152K)
 Metaspace       used 86964K, committed 88192K, reserved 1179648K
  class space    used 8903K, committed 9536K, reserved 1048576K
}
Event: 2647.984 GC heap after
{Heap after GC invocations=292 (full 0):
 garbage-first heap   total 684032K, used 200690K [0x0000000700800000, 0x0000000800000000)
  region size 2048K, 12 young (24576K), 12 survivors (24576K)
 Metaspace       used 86964K, committed 88192K, reserved 1179648K
  class space    used 8903K, committed 9536K, reserved 1048576K
}

Dll operation events (8 events):
Event: 0.033 Loaded shared library C:\Program Files\Java\jdk-21\bin\java.dll
Event: 0.273 Loaded shared library C:\Program Files\Java\jdk-21\bin\jsvml.dll
Event: 0.360 Loaded shared library C:\Program Files\Java\jdk-21\bin\net.dll
Event: 0.444 Loaded shared library C:\Program Files\Java\jdk-21\bin\nio.dll
Event: 0.454 Loaded shared library C:\Program Files\Java\jdk-21\bin\zip.dll
Event: 1.268 Loaded shared library C:\Program Files\Java\jdk-21\bin\jimage.dll
Event: 3.381 Loaded shared library C:\Program Files\Java\jdk-21\bin\verify.dll
Event: 7.168 Loaded shared library C:\Users\Usuario\AppData\Local\Temp\sqlite-3.41.2.1-bf06e2b4-1a57-4509-a6f2-4f74b2105e1b-sqlitejdbc.dll

Deoptimization events (20 events):
Event: 2647.770 Thread 0x00000221ee712440 Uncommon trap: trap_request=0xffffff66 fr.pc=0x00000221907d0d30 relative=0x00000000000005d0
Event: 2647.770 Thread 0x00000221ee712440 Uncommon trap: reason=speculate_class_check action=maybe_recompile pc=0x00000221907d0d30 method=com.intellij.psi.impl.source.tree.CompositeElement.getChildren(Lcom/intellij/psi/tree/TokenSet;)[Lcom/intellij/lang/ASTNode; @ 31 c2
Event: 2647.770 Thread 0x00000221ee712440 DEOPT PACKING pc=0x00000221907d0d30 sp=0x000000ea71dfe0d0
Event: 2647.770 Thread 0x00000221ee712440 DEOPT UNPACKING pc=0x000002218fa646a2 sp=0x000000ea71dfe0a8 mode 2
Event: 2647.771 Thread 0x00000221ee712440 Uncommon trap: trap_request=0xffffff45 fr.pc=0x000002219196c740 relative=0x0000000000001140
Event: 2647.771 Thread 0x00000221ee712440 Uncommon trap: reason=unstable_if action=reinterpret pc=0x000002219196c740 method=java.util.concurrent.ConcurrentHashMap.putVal(Ljava/lang/Object;Ljava/lang/Object;Z)Ljava/lang/Object; @ 162 c2
Event: 2647.771 Thread 0x00000221ee712440 DEOPT PACKING pc=0x000002219196c740 sp=0x000000ea71dfdfc0
Event: 2647.771 Thread 0x00000221ee712440 DEOPT UNPACKING pc=0x000002218fa646a2 sp=0x000000ea71dfdf48 mode 2
Event: 2647.771 Thread 0x00000221ee712440 Uncommon trap: trap_request=0xffffff54 fr.pc=0x0000022191a56bd4 relative=0x0000000000000234
Event: 2647.771 Thread 0x00000221ee712440 Uncommon trap: reason=speculate_null_assert action=make_not_entrant pc=0x0000022191a56bd4 method=com.intellij.util.containers.ConcurrentWeakKeySoftValueHashMap.processQueues()Z @ 14 c2
Event: 2647.771 Thread 0x00000221ee712440 DEOPT PACKING pc=0x0000022191a56bd4 sp=0x000000ea71dfe020
Event: 2647.771 Thread 0x00000221ee712440 DEOPT UNPACKING pc=0x000002218fa646a2 sp=0x000000ea71dfdfe0 mode 2
Event: 2647.771 Thread 0x00000221ee712440 Uncommon trap: trap_request=0xffffffde fr.pc=0x0000022190339c9c relative=0x000000000000099c
Event: 2647.771 Thread 0x00000221ee712440 Uncommon trap: reason=class_check action=maybe_recompile pc=0x0000022190339c9c method=java.util.concurrent.ConcurrentHashMap.replaceNode(Ljava/lang/Object;Ljava/lang/Object;Ljava/lang/Object;)Ljava/lang/Object; @ 147 c2
Event: 2647.771 Thread 0x00000221ee712440 DEOPT PACKING pc=0x0000022190339c9c sp=0x000000ea71dfdef0
Event: 2647.771 Thread 0x00000221ee712440 DEOPT UNPACKING pc=0x000002218fa646a2 sp=0x000000ea71dfde68 mode 2
Event: 2647.771 Thread 0x00000221ee712440 Uncommon trap: trap_request=0xffffff76 fr.pc=0x0000022190251880 relative=0x00000000000001e0
Event: 2647.771 Thread 0x00000221ee712440 Uncommon trap: reason=predicate action=maybe_recompile pc=0x0000022190251880 method=java.util.LinkedHashMap.valuesToArray([Ljava/lang/Object;Z)[Ljava/lang/Object; @ 53 c2
Event: 2647.771 Thread 0x00000221ee712440 DEOPT PACKING pc=0x0000022190251880 sp=0x000000ea71dfde30
Event: 2647.771 Thread 0x00000221ee712440 DEOPT UNPACKING pc=0x000002218fa646a2 sp=0x000000ea71dfdde0 mode 2

Classes loaded (20 events):
Event: 1222.787 Loading class java/time/ZonedDateTime$1
Event: 1222.787 Loading class java/time/ZonedDateTime$1 done
Event: 1222.790 Loading class java/lang/Throwable$WrappedPrintStream
Event: 1222.790 Loading class java/lang/Throwable$WrappedPrintStream done
Event: 2150.827 Loading class java/beans/PropertyChangeSupport
Event: 2150.827 Loading class java/beans/PropertyChangeSupport done
Event: 2150.827 Loading class java/beans/PropertyChangeSupport$PropertyChangeListenerMap
Event: 2150.827 Loading class java/beans/ChangeListenerMap
Event: 2150.827 Loading class java/beans/ChangeListenerMap done
Event: 2150.827 Loading class java/beans/PropertyChangeSupport$PropertyChangeListenerMap done
Event: 2150.827 Loading class java/beans/PropertyChangeListener
Event: 2150.827 Loading class java/beans/PropertyChangeListener done
Event: 2290.867 Loading class java/net/Proxy
Event: 2290.867 Loading class java/net/Proxy done
Event: 2366.128 Loading class java/util/concurrent/ConcurrentHashMap$TreeNode
Event: 2366.129 Loading class java/util/concurrent/ConcurrentHashMap$TreeNode done
Event: 2366.129 Loading class java/util/concurrent/ConcurrentHashMap$TreeBin
Event: 2366.129 Loading class java/util/concurrent/ConcurrentHashMap$TreeBin done
Event: 2616.064 Loading class java/io/InterruptedIOException
Event: 2616.067 Loading class java/io/InterruptedIOException done

Classes unloaded (0 events):
No events

Classes redefined (0 events):
No events

Internal exceptions (20 events):
Event: 2651.624 Thread 0x00000221ee712440 Exception <a 'java/io/IOException'{0x000000071b219918}> (0x000000071b219918) 
thrown [s\open\src\hotspot\share\prims\jni.cpp, line 520]
Event: 2651.624 Thread 0x00000221ee712440 Exception <a 'java/io/IOException'{0x000000071b219ee8}> (0x000000071b219ee8) 
thrown [s\open\src\hotspot\share\prims\jni.cpp, line 520]
Event: 2652.016 Thread 0x00000221ee712440 Exception <a 'java/io/IOException'{0x000000071a800978}> (0x000000071a800978) 
thrown [s\open\src\hotspot\share\prims\jni.cpp, line 520]
Event: 2652.016 Thread 0x00000221ee712440 Exception <a 'java/io/IOException'{0x000000071a800c98}> (0x000000071a800c98) 
thrown [s\open\src\hotspot\share\prims\jni.cpp, line 520]
Event: 2652.016 Thread 0x00000221ee712440 Exception <a 'java/io/IOException'{0x000000071a800fb8}> (0x000000071a800fb8) 
thrown [s\open\src\hotspot\share\prims\jni.cpp, line 520]
Event: 2652.040 Thread 0x00000221ee712440 Exception <a 'java/io/IOException'{0x000000071a810a08}> (0x000000071a810a08) 
thrown [s\open\src\hotspot\share\prims\jni.cpp, line 520]
Event: 2652.040 Thread 0x00000221ee712440 Exception <a 'java/io/IOException'{0x000000071a810fd8}> (0x000000071a810fd8) 
thrown [s\open\src\hotspot\share\prims\jni.cpp, line 520]
Event: 2652.040 Thread 0x00000221ee712440 Exception <a 'java/io/IOException'{0x000000071a8115a8}> (0x000000071a8115a8) 
thrown [s\open\src\hotspot\share\prims\jni.cpp, line 520]
Event: 2652.716 Thread 0x00000221ee712440 Exception <a 'java/io/IOException'{0x000000071a814cc8}> (0x000000071a814cc8) 
thrown [s\open\src\hotspot\share\prims\jni.cpp, line 520]
Event: 2652.716 Thread 0x00000221ee712440 Exception <a 'java/io/IOException'{0x000000071a814fe8}> (0x000000071a814fe8) 
thrown [s\open\src\hotspot\share\prims\jni.cpp, line 520]
Event: 2652.716 Thread 0x00000221ee712440 Exception <a 'java/io/IOException'{0x000000071a815308}> (0x000000071a815308) 
thrown [s\open\src\hotspot\share\prims\jni.cpp, line 520]
Event: 2652.718 Thread 0x00000221ee712440 Exception <a 'java/io/IOException'{0x0000000719201698}> (0x0000000719201698) 
thrown [s\open\src\hotspot\share\prims\jni.cpp, line 520]
Event: 2652.718 Thread 0x00000221ee712440 Exception <a 'java/io/IOException'{0x0000000719201c68}> (0x0000000719201c68) 
thrown [s\open\src\hotspot\share\prims\jni.cpp, line 520]
Event: 2652.718 Thread 0x00000221ee712440 Exception <a 'java/io/IOException'{0x0000000719202238}> (0x0000000719202238) 
thrown [s\open\src\hotspot\share\prims\jni.cpp, line 520]
Event: 2653.065 Thread 0x00000221ee712440 Exception <a 'java/io/IOException'{0x0000000719204db0}> (0x0000000719204db0) 
thrown [s\open\src\hotspot\share\prims\jni.cpp, line 520]
Event: 2653.065 Thread 0x00000221ee712440 Exception <a 'java/io/IOException'{0x00000007192050d0}> (0x00000007192050d0) 
thrown [s\open\src\hotspot\share\prims\jni.cpp, line 520]
Event: 2653.065 Thread 0x00000221ee712440 Exception <a 'java/io/IOException'{0x00000007192053f0}> (0x00000007192053f0) 
thrown [s\open\src\hotspot\share\prims\jni.cpp, line 520]
Event: 2653.067 Thread 0x00000221ee712440 Exception <a 'java/io/IOException'{0x0000000718704f80}> (0x0000000718704f80) 
thrown [s\open\src\hotspot\share\prims\jni.cpp, line 520]
Event: 2653.067 Thread 0x00000221ee712440 Exception <a 'java/io/IOException'{0x0000000718705550}> (0x0000000718705550) 
thrown [s\open\src\hotspot\share\prims\jni.cpp, line 520]
Event: 2653.067 Thread 0x00000221ee712440 Exception <a 'java/io/IOException'{0x0000000718705b20}> (0x0000000718705b20) 
thrown [s\open\src\hotspot\share\prims\jni.cpp, line 520]

ZGC Phase Switch (0 events):
No events

VM Operations (20 events):
Event: 2644.454 Executing VM operation: G1PauseRemark
Event: 2644.468 Executing VM operation: G1PauseRemark done
Event: 2644.537 Executing VM operation: G1PauseCleanup
Event: 2644.537 Executing VM operation: G1PauseCleanup done
Event: 2645.546 Executing VM operation: Cleanup
Event: 2645.562 Executing VM operation: Cleanup done
Event: 2647.958 Executing VM operation: G1CollectForAllocation (G1 Evacuation Pause)
Event: 2647.985 Executing VM operation: G1CollectForAllocation (G1 Evacuation Pause) done
Event: 2648.096 Executing VM operation: HandshakeAllThreads (HandshakeForDeflation)
Event: 2648.097 Executing VM operation: HandshakeAllThreads (HandshakeForDeflation) done
Event: 2648.097 Executing VM operation: RendezvousGCThreads
Event: 2648.097 Executing VM operation: RendezvousGCThreads done
Event: 2649.108 Executing VM operation: Cleanup
Event: 2649.108 Executing VM operation: Cleanup done
Event: 2650.120 Executing VM operation: Cleanup
Event: 2650.123 Executing VM operation: Cleanup done
Event: 2651.137 Executing VM operation: Cleanup
Event: 2651.138 Executing VM operation: Cleanup done
Event: 2652.139 Executing VM operation: Cleanup
Event: 2652.140 Executing VM operation: Cleanup done

Events (20 events):
Event: 2644.467 Thread 0x000002219e978700 flushing nmethod 0x000002218980fc10
Event: 2644.467 Thread 0x000002219e978700 flushing nmethod 0x000002218a5d1d90
Event: 2644.467 Thread 0x000002219e978700 flushing nmethod 0x000002218b073410
Event: 2644.467 Thread 0x000002219e978700 flushing nmethod 0x0000022190e79210
Event: 2644.467 Thread 0x000002219e978700 flushing nmethod 0x00000221884f3810
Event: 2644.467 Thread 0x000002219e978700 flushing nmethod 0x0000022188fe2b10
Event: 2644.467 Thread 0x000002219e978700 flushing nmethod 0x0000022189255590
Event: 2644.467 Thread 0x000002219e978700 flushing nmethod 0x00000221899e5f10
Event: 2644.467 Thread 0x000002219e978700 flushing nmethod 0x000002218a077b90
Event: 2644.467 Thread 0x000002219e978700 flushing nmethod 0x000002218ae6d410
Event: 2644.467 Thread 0x000002219e978700 flushing nmethod 0x00000221885e2a10
Event: 2644.467 Thread 0x000002219e978700 flushing nmethod 0x0000022188732f10
Event: 2644.467 Thread 0x000002219e978700 flushing nmethod 0x0000022188ccf910
Event: 2644.467 Thread 0x000002219e978700 flushing nmethod 0x00000221890a8990
Event: 2644.467 Thread 0x000002219e978700 flushing nmethod 0x000002218954e310
Event: 2644.467 Thread 0x000002219e978700 flushing nmethod 0x00000221897f8c90
Event: 2647.862 Thread 0x00000221f8231b90 Thread added: 0x00000221f8231b90
Event: 2648.460 Thread 0x00000221f8231b90 Thread exited: 0x00000221f8231b90
Event: 2651.690 Thread 0x00000221f04df160 Thread added: 0x00000221f04df160
Event: 2653.265 Thread 0x00000221f04df160 Thread exited: 0x00000221f04df160


Dynamic libraries:
0x00007ff69ea20000 - 0x00007ff69ea30000 	C:\Program Files\Java\jdk-21\bin\java.exe
0x00007ffbb1710000 - 0x00007ffbb1908000 	C:\Windows\SYSTEM32\ntdll.dll
0x00007ffbb1130000 - 0x00007ffbb11ed000 	C:\Windows\System32\KERNEL32.DLL
0x00007ffbaef50000 - 0x00007ffbaf246000 	C:\Windows\System32\KERNELBASE.dll
0x00007ffbaf640000 - 0x00007ffbaf740000 	C:\Windows\System32\ucrtbase.dll
0x00007ffb927a0000 - 0x00007ffb927b9000 	C:\Program Files\Java\jdk-21\bin\jli.dll
0x00007ffbafd30000 - 0x00007ffbafde0000 	C:\Windows\System32\ADVAPI32.dll
0x00007ffbb11f0000 - 0x00007ffbb128e000 	C:\Windows\System32\msvcrt.dll
0x00007ffbafab0000 - 0x00007ffbafb50000 	C:\Windows\System32\sechost.dll
0x00007ffbaf7d0000 - 0x00007ffbaf8f3000 	C:\Windows\System32\RPCRT4.dll
0x00007ffbaf450000 - 0x00007ffbaf477000 	C:\Windows\System32\bcrypt.dll
0x00007ffbaf910000 - 0x00007ffbafaaf000 	C:\Windows\System32\USER32.dll
0x00007ffbaf610000 - 0x00007ffbaf632000 	C:\Windows\System32\win32u.dll
0x00007ffbafde0000 - 0x00007ffbafe0b000 	C:\Windows\System32\GDI32.dll
0x00007ffbaf4f0000 - 0x00007ffbaf607000 	C:\Windows\System32\gdi32full.dll
0x00007ffbaf3b0000 - 0x00007ffbaf44d000 	C:\Windows\System32\msvcp_win.dll
0x00007ffb92760000 - 0x00007ffb9277b000 	C:\Program Files\Java\jdk-21\bin\VCRUNTIME140.dll
0x00007ffba2820000 - 0x00007ffba2aba000 	C:\Windows\WinSxS\amd64_microsoft.windows.common-controls_6595b64144ccf1df_6.0.19041.4355_none_60b8b9eb71f62e16\COMCTL32.dll
0x00007ffba91b0000 - 0x00007ffba91ba000 	C:\Windows\SYSTEM32\VERSION.dll
0x00007ffbb1670000 - 0x00007ffbb16a2000 	C:\Windows\System32\IMM32.DLL
0x00007ffb92750000 - 0x00007ffb9275c000 	C:\Program Files\Java\jdk-21\bin\vcruntime140_1.dll
0x00007ffb926c0000 - 0x00007ffb9274e000 	C:\Program Files\Java\jdk-21\bin\msvcp140.dll
0x00007ffb603d0000 - 0x00007ffb610ed000 	C:\Program Files\Java\jdk-21\bin\server\jvm.dll
0x00007ffbafc00000 - 0x00007ffbafc6b000 	C:\Windows\System32\WS2_32.dll
0x00007ffbaec10000 - 0x00007ffbaec5b000 	C:\Windows\SYSTEM32\POWRPROF.dll
0x00007ffba33f0000 - 0x00007ffba3417000 	C:\Windows\SYSTEM32\WINMM.dll
0x00007ffbaebf0000 - 0x00007ffbaec02000 	C:\Windows\SYSTEM32\UMPDC.dll
0x00007ffbacc20000 - 0x00007ffbacc32000 	C:\Windows\SYSTEM32\kernel.appcore.dll
0x00007ffb926b0000 - 0x00007ffb926ba000 	C:\Program Files\Java\jdk-21\bin\jimage.dll
0x00007ffba87a0000 - 0x00007ffba8984000 	C:\Windows\SYSTEM32\DBGHELP.DLL
0x00007ffb9f430000 - 0x00007ffb9f464000 	C:\Windows\SYSTEM32\dbgcore.DLL
0x00007ffbaedc0000 - 0x00007ffbaee42000 	C:\Windows\System32\bcryptPrimitives.dll
0x00007ffb92690000 - 0x00007ffb926af000 	C:\Program Files\Java\jdk-21\bin\java.dll
0x00007ffbaff00000 - 0x00007ffbb066b000 	C:\Windows\System32\SHELL32.dll
0x00007ffbace20000 - 0x00007ffbad5bd000 	C:\Windows\SYSTEM32\windows.storage.dll
0x00007ffbb1310000 - 0x00007ffbb1663000 	C:\Windows\System32\combase.dll
0x00007ffbae630000 - 0x00007ffbae65e000 	C:\Windows\SYSTEM32\Wldp.dll
0x00007ffbb0720000 - 0x00007ffbb07ed000 	C:\Windows\System32\OLEAUT32.dll
0x00007ffbafb50000 - 0x00007ffbafbfd000 	C:\Windows\System32\SHCORE.dll
0x00007ffbb0df0000 - 0x00007ffbb0e45000 	C:\Windows\System32\shlwapi.dll
0x00007ffbaecf0000 - 0x00007ffbaed14000 	C:\Windows\SYSTEM32\profapi.dll
0x00007ffb925a0000 - 0x00007ffb92677000 	C:\Program Files\Java\jdk-21\bin\jsvml.dll
0x00007ffb92590000 - 0x00007ffb925a0000 	C:\Program Files\Java\jdk-21\bin\net.dll
0x00007ffba81f0000 - 0x00007ffba82fa000 	C:\Windows\SYSTEM32\WINHTTP.dll
0x00007ffbae410000 - 0x00007ffbae47a000 	C:\Windows\system32\mswsock.dll
0x00007ffb92570000 - 0x00007ffb92586000 	C:\Program Files\Java\jdk-21\bin\nio.dll
0x00007ffb91ae0000 - 0x00007ffb91af8000 	C:\Program Files\Java\jdk-21\bin\zip.dll
0x00007ffbae670000 - 0x00007ffbae688000 	C:\Windows\SYSTEM32\CRYPTSP.dll
0x00007ffbadd50000 - 0x00007ffbadd84000 	C:\Windows\system32\rsaenh.dll
0x00007ffbaeca0000 - 0x00007ffbaecce000 	C:\Windows\SYSTEM32\USERENV.dll
0x00007ffbae5a0000 - 0x00007ffbae5ac000 	C:\Windows\SYSTEM32\CRYPTBASE.dll
0x00007ffbae110000 - 0x00007ffbae14b000 	C:\Windows\SYSTEM32\IPHLPAPI.DLL
0x00007ffbaf900000 - 0x00007ffbaf908000 	C:\Windows\System32\NSI.dll
0x00007ffb92560000 - 0x00007ffb92570000 	C:\Program Files\Java\jdk-21\bin\verify.dll
0x00007ffb95920000 - 0x00007ffb95a09000 	C:\Users\Usuario\AppData\Local\Temp\sqlite-3.41.2.1-bf06e2b4-1a57-4509-a6f2-4f74b2105e1b-sqlitejdbc.dll

dbghelp: loaded successfully - version: 4.0.5 - missing functions: none
symbol engine: initialized successfully - sym options: 0x614 - pdb path: .;C:\Program Files\Java\jdk-21\bin;C:\Windows\SYSTEM32;C:\Windows\WinSxS\amd64_microsoft.windows.common-controls_6595b64144ccf1df_6.0.19041.4355_none_60b8b9eb71f62e16;C:\Program Files\Java\jdk-21\bin\server;C:\Users\Usuario\AppData\Local\Temp

VM Arguments:
jvm_args: -DkotlinLanguageServer.version=1.3.13 
java_command: org.javacs.kt.MainKt
java_class_path (initial): c:\Users\Usuario\AppData\Roaming\Code\User\globalStorage\fwcd.kotlin\langServerInstall\server\lib\server-1.3.13.jar;c:\Users\Usuario\AppData\Roaming\Code\User\globalStorage\fwcd.kotlin\langServerInstall\server\lib\shared-1.3.13.jar;c:\Users\Usuario\AppData\Roaming\Code\User\globalStorage\fwcd.kotlin\langServerInstall\server\lib\kotlin-scripting-jvm-host-unshaded-2.1.0.jar;c:\Users\Usuario\AppData\Roaming\Code\User\globalStorage\fwcd.kotlin\langServerInstall\server\lib\kotlin-scripting-compiler-2.1.0.jar;c:\Users\Usuario\AppData\Roaming\Code\User\globalStorage\fwcd.kotlin\langServerInstall\server\lib\ktfmt-b5d31d1.jar;c:\Users\Usuario\AppData\Roaming\Code\User\globalStorage\fwcd.kotlin\langServerInstall\server\lib\kotlin-compiler-2.1.0.jar;c:\Users\Usuario\AppData\Roaming\Code\User\globalStorage\fwcd.kotlin\langServerInstall\server\lib\exposed-dao-0.37.3.jar;c:\Users\Usuario\AppData\Roaming\Code\User\globalStorage\fwcd.kotlin\langServerInstall\server\lib\exposed-jdbc-0.37.3.jar;c:\Users\Usuario\AppData\Roaming\Code\User\globalStorage\fwcd.kotlin\langServerInstall\server\lib\exposed-core-0.37.3.jar;c:\Users\Usuario\AppData\Roaming\Code\User\globalStorage\fwcd.kotlin\langServerInstall\server\lib\kotlin-scripting-compiler-impl-2.1.0.jar;c:\Users\Usuario\AppData\Roaming\Code\User\globalStorage\fwcd.kotlin\langServerInstall\server\lib\kotlin-reflect-2.1.0.jar;c:\Users\Usuario\AppData\Roaming\Code\User\globalStorage\fwcd.kotlin\langServerInstall\server\lib\kotlin-scripting-jvm-2.1.0.jar;c:\Users\Usuario\AppData\Roaming\Code\User\globalStorage\fwcd.kotlin\langServerInstall\server\lib\kotlin-scripting-common-2.1.0.jar;c:\Users\Usuario\AppData\Roaming\Code\User\globalStorage\fwcd.kotlin\langServerInstall\server\lib\kotlinx-coroutines-core-jvm-1.6.4.jar;c:\Users\Usuario\AppData\Roaming\Code\User\globalStorage\fwcd.kotlin\langServerInstall\server\lib\kotlin-stdlib-jdk8-2.1.0.jar;c:\Users\Usuario\AppData\Roaming\Code\User\globalStorage\fwcd.kotlin\langServerInstall\server\lib\kotlin-stdlib-jdk7-2.1.0.jar;c:\Users\Usuario\AppData\Roaming\Code\User\globalStorage\fwcd.kotlin\langServerInstall\server\lib\kotlin-stdlib-2.1.0.jar;c:\Users\Usuario\AppData\Roaming\Code\User\globalStorage\fwcd.kotlin\langServerInstall\server\lib\org.eclipse.lsp4j-0.21.2.jar;c:\Users\Usuario\AppData\Roaming\Code\User\globalStorage\fwcd.kotlin\langServerInstall\server\lib\org.eclipse.lsp4j.jsonrpc-0.21.2.jar;c:\Users\Usuario\AppData\Roaming\Code\User\globalStorage\fwcd.kotlin\langServerInstall\server\lib\kotlin-sam-with-receiver-compiler-plugin-2.1.0.jar;c:\Users\Usuario\AppData\Roaming\Code\User\globalStorage\fwcd.kotlin\langServerInstall\server\lib\fernflower-1.0.jar;c:\Users\Usuario\AppData\Roaming\Code\User\globalStorage\fwcd.kotlin\langServerInstall\server\lib\h2-1.4.200.jar;c:\Users\Usuario\AppData\Roaming\Code\User\globalStorage\fwcd.kotlin\langServerInstall\server\lib\jcommander-1.78.jar;c:\Users\Usuario\AppData\Roaming\Code\User\globalStorage\fwcd.kotlin\langServerInstall\server\lib\sqlite-jdbc-3.41.2.1.jar;c:\Users\Usuario\AppData\Roaming\Code\User\globalStorage\fwcd.kotlin\langServerInstall\server\lib\google-java-format-1.8.jar;c:\Users\Usuario\AppData\Roaming\Code\User\globalStorage\fwcd.kotlin\langServerInstall\server\lib\guava-33.3.0-jre.jar;c:\Users\Usuario\AppData\Roaming\Code\User\globalStorage\fwcd.kotlin\langServerInstall\server\lib\annotations-13.0.jar;c:\Users\Usuario\AppData\Roaming\Code\User\globalStorage\fwcd.kotlin\langServerInstall\server\lib\gson-2.10.1.jar;c:\Users\Usuario\AppData\Roaming\Code\User\globalStorage\fwcd.kotlin\langServerInstall\server\lib\kotlin-script-runtime-2.1.0.jar;c:\Users\Usuario\AppData\Roaming\Code\User\globalStorage\fwcd.kotlin\langServerInstall\server\lib\trove4j-1.0.20200330.jar;c:\Users\Usuario\AppData\Roaming\Code\User\globalStorage\fwcd.kotlin\langServerInstall\server\lib\jline-3.24.1.jar;c:\Users\Usuario\AppData\Roaming\Code\User\globalStorage\fwcd.kotlin\langServerInstall\server\lib\slf4j-api-1.7.25.jar;c:\Users\Usuario\AppData\Roaming\Code\User\globalStorage\fwcd.kotlin\langServerInstall\server\lib\jna-4.2.2.jar;c:\Users\Usuario\AppData\Roaming\Code\User\globalStorage\fwcd.kotlin\langServerInstall\server\lib\failureaccess-1.0.2.jar;c:\Users\Usuario\AppData\Roaming\Code\User\globalStorage\fwcd.kotlin\langServerInstall\server\lib\listenablefuture-9999.0-empty-to-avoid-conflict-with-guava.jar;c:\Users\Usuario\AppData\Roaming\Code\User\globalStorage\fwcd.kotlin\langServerInstall\server\lib\jsr305-3.0.2.jar;c:\Users\Usuario\AppData\Roaming\Code\User\globalStorage\fwcd.kotlin\langServerInstall\server\lib\checker-qual-3.43.0.jar;c:\Users\Usuario\AppData\Roaming\Code\User\globalStorage\fwcd.kotlin\langServerInstall\server\lib\error_prone_annotations-2.28.0.jar
Launcher Type: SUN_STANDARD

[Global flags]
     intx CICompilerCount                          = 3                                         {product} {ergonomic}
     uint ConcGCThreads                            = 1                                         {product} {ergonomic}
     uint G1ConcRefinementThreads                  = 4                                         {product} {ergonomic}
   size_t G1HeapRegionSize                         = 2097152                                   {product} {ergonomic}
    uintx GCDrainStackTargetSize                   = 64                                        {product} {ergonomic}
   size_t InitialHeapSize                          = 268435456                                 {product} {ergonomic}
   size_t MarkStackSize                            = 4194304                                   {product} {ergonomic}
   size_t MaxHeapSize                              = 4286578688                                {product} {ergonomic}
   size_t MaxNewSize                               = 2571108352                                {product} {ergonomic}
   size_t MinHeapDeltaBytes                        = 2097152                                   {product} {ergonomic}
   size_t MinHeapSize                              = 8388608                                   {product} {ergonomic}
    uintx NonNMethodCodeHeapSize                   = 5832780                                {pd product} {ergonomic}
    uintx NonProfiledCodeHeapSize                  = 122912730                              {pd product} {ergonomic}
    uintx ProfiledCodeHeapSize                     = 122912730                              {pd product} {ergonomic}
    uintx ReservedCodeCacheSize                    = 251658240                              {pd product} {ergonomic}
     bool SegmentedCodeCache                       = true                                      {product} {ergonomic}
   size_t SoftMaxHeapSize                          = 4286578688                             {manageable} {ergonomic}
     bool UseCompressedOops                        = true                           {product lp64_product} {ergonomic}
     bool UseG1GC                                  = true                                      {product} {ergonomic}
     bool UseLargePagesIndividualAllocation        = false                                  {pd product} {ergonomic}

Logging:
Log output configuration:
 #0: stdout all=warning uptime,level,tags foldmultilines=false
 #1: stderr all=off uptime,level,tags foldmultilines=false

Environment Variables:
CLASSPATH=c:\Users\Usuario\AppData\Roaming\Code\User\globalStorage\fwcd.kotlin\langServerInstall\server\lib\server-1.3.13.jar;c:\Users\Usuario\AppData\Roaming\Code\User\globalStorage\fwcd.kotlin\langServerInstall\server\lib\shared-1.3.13.jar;c:\Users\Usuario\AppData\Roaming\Code\User\globalStorage\fwcd.kotlin\langServerInstall\server\lib\kotlin-scripting-jvm-host-unshaded-2.1.0.jar;c:\Users\Usuario\AppData\Roaming\Code\User\globalStorage\fwcd.kotlin\langServerInstall\server\lib\kotlin-scripting-compiler-2.1.0.jar;c:\Users\Usuario\AppData\Roaming\Code\User\globalStorage\fwcd.kotlin\langServerInstall\server\lib\ktfmt-b5d31d1.jar;c:\Users\Usuario\AppData\Roaming\Code\User\globalStorage\fwcd.kotlin\langServerInstall\server\lib\kotlin-compiler-2.1.0.jar;c:\Users\Usuario\AppData\Roaming\Code\User\globalStorage\fwcd.kotlin\langServerInstall\server\lib\exposed-dao-0.37.3.jar;c:\Users\Usuario\AppData\Roaming\Code\User\globalStorage\fwcd.kotlin\langServerInstall\server\lib\exposed-jdbc-0.37.3.jar;c:\Users\Usuario\AppData\Roaming\Code\User\globalStorage\fwcd.kotlin\langServerInstall\server\lib\exposed-core-0.37.3.jar;c:\Users\Usuario\AppData\Roaming\Code\User\globalStorage\fwcd.kotlin\langServerInstall\server\lib\kotlin-scripting-compiler-impl-2.1.0.jar;c:\Users\Usuario\AppData\Roaming\Code\User\globalStorage\fwcd.kotlin\langServerInstall\server\lib\kotlin-reflect-2.1.0.jar;c:\Users\Usuario\AppData\Roaming\Code\User\globalStorage\fwcd.kotlin\langServerInstall\server\lib\kotlin-scripting-jvm-2.1.0.jar;c:\Users\Usuario\AppData\Roaming\Code\User\globalStorage\fwcd.kotlin\langServerInstall\server\lib\kotlin-scripting-common-2.1.0.jar;c:\Users\Usuario\AppData\Roaming\Code\User\globalStorage\fwcd.kotlin\langServerInstall\server\lib\kotlinx-coroutines-core-jvm-1.6.4.jar;c:\Users\Usuario\AppData\Roaming\Code\User\globalStorage\fwcd.kotlin\langServerInstall\server\lib\kotlin-stdlib-jdk8-2.1.0.jar;c:\Users\Usuario\AppData\Roaming\Code\User\globalStorage\fwcd.kotlin\langServerInstall\server\lib\kotlin-stdlib-jdk7-2.1.0.jar;c:\Users\Usuario\AppData\Roaming\Code\User\globalStorage\fwcd.kotlin\langServerInstall\server\lib\kotlin-stdlib-2.1.0.jar;c:\Users\Usuario\AppData\Roaming\Code\User\globalStorage\fwcd.kotlin\langServerInstall\server\lib\org.eclipse.lsp4j-0.21.2.jar;c:\Users\Usuario\AppData\Roaming\Code\User\globalStorage\fwcd.kotlin\langServerInstall\server\lib\org.eclipse.lsp4j.jsonrpc-0.21.2.jar;c:\Users\Usuario\AppData\Roaming\Code\User\globalStorage\fwcd.kotlin\langServerInstall\server\lib\kotlin-sam-with-receiver-compiler-plugin-2.1.0.jar;c:\Users\Usuario\AppData\Roaming\Code\User\globalStorage\fwcd.kotlin\langServerInstall\server\lib\fernflower-1.0.jar;c:\Users\Usuario\AppData\Roaming\Code\User\globalStorage\fwcd.kotlin\langServerInstall\server\lib\h2-1.4.200.jar;c:\Users\Usuario\AppData\Roaming\Code\User\globalStorage\fwcd.kotlin\langServerInstall\server\lib\jcommander-1.78.jar;c:\Users\Usuario\AppData\Roaming\Code\User\globalStorage\fwcd.kotlin\langServerInstall\server\lib\sqlite-jdbc-3.41.2.1.jar;c:\Users\Usuario\AppData\Roaming\Code\User\globalStorage\fwcd.kotlin\langServerInstall\server\lib\google-java-format-1.8.jar;c:\Users\Usuario\AppData\Roaming\Code\User\globalStorage\fwcd.kotlin\langServerInstall\server\lib\guava-33.3.0-jre.jar;c:\Users\Usuario\AppData\Roaming\Code\User\globalStorage\fwcd.kotlin\langServerInstall\server\lib\annotations-13.0.jar;c:\Users\Usuario\AppData\Roaming\Code\User\globalStorage\fwcd.kotlin\langServerInstall\server\lib\gson-2.10.1.jar;c:\Users\Usuario\AppData\Roaming\Code\User\globalStorage\fwcd.kotlin\langServerInstall\server\lib\kotlin-script-runtime-2.1.0.jar;c:\Users\Usuario\AppData\Roaming\Code\User\globalStorage\fwcd.kotlin\langServerInstall\server\lib\trove4j-1.0.20200330.jar;c:\Users\Usuario\AppData\Roaming\Code\User\globalStorage\fwcd.kotlin\langServerInstall\server\lib\jline-3.24.1.jar;c:\Users\Usuario\AppData\Roaming\Code\User\globalStorage\fwcd.kotlin\langServerInstall\server\lib\slf4j-api-1.7.25.jar;c:\Users\Usuario\AppData\Roaming\Code\User\globalStorage\fwcd.kotlin\langServerInstall\server\lib\jna-4.2.2.jar;c:\Users\Usuario\AppData\Roaming\Code\User\globalStorage\fwcd.kotlin\langServerInstall\server\lib\failureaccess-1.0.2.jar;c:\Users\Usuario\AppData\Roaming\Code\User\globalStorage\fwcd.kotlin\langServerInstall\server\lib\listenablefuture-9999.0-empty-to-avoid-conflict-with-guava.jar;c:\Users\Usuario\AppData\Roaming\Code\User\globalStorage\fwcd.kotlin\langServerInstall\server\lib\jsr305-3.0.2.jar;c:\Users\Usuario\AppData\Roaming\Code\User\globalStorage\fwcd.kotlin\langServerInstall\server\lib\checker-qual-3.43.0.jar;c:\Users\Usuario\AppData\Roaming\Code\User\globalStorage\fwcd.kotlin\langServerInstall\server\lib\error_prone_annotations-2.28.0.jar
PATH=C:\Users\Usuario\AppData\Local\Programs\Microsoft VS Code;C:\Program Files\Common Files\Oracle\Java\javapath;C:\Program Files\Java\jre-1.8\bin;C:\Program Files (x86)\Common Files\Oracle\Java\java8path;C:\Program Files (x86)\Common Files\Oracle\Java\javapath;C:\Windows\system32;C:\Windows;C:\Windows\System32\Wbem;C:\Windows\System32\WindowsPowerShell\v1.0\;C:\Windows\System32\OpenSSH\;C:\Program Files\Git\cmd;C:\Users\Usuario\AppData\Roaming\nvm;C:\Program Files\nodejs;C:\Program Files\dotnet\;C:\Program Files;C:\Users\Usuario\AppData\Local\Programs\Python\Launcher\;C:\Users\Usuario\AppData\Local\Microsoft\WindowsApps;C:\Users\Usuario\AppData\Roaming\npm;C:\Users\Usuario\.fly\bin;C:\Users\Usuario\AppData\Local\Programs\oh-my-posh\bin;C:\Users\Usuario\AppData\Roaming\nvm;C:\Program Files\nodejs;C:\Program Files\Maven\apache-maven-3.9.9\bin;C:\Users\Usuario\AppData\Local\Programs\Microsoft VS Code\bin;C:\Users\Usuario\AppData\Local\Microsoft\WinGet\Packages\GitHub.Copilot_Microsoft.Winget.Source_8wekyb3d8bbwe;
USERNAME=Usuario
OS=Windows_NT
PROCESSOR_IDENTIFIER=Intel64 Family 6 Model 58 Stepping 9, GenuineIntel
TMP=C:\Users\Usuario\AppData\Local\Temp
TEMP=C:\Users\Usuario\AppData\Local\Temp




Periodic native trim disabled

---------------  S Y S T E M  ---------------

OS:
 Windows 10 , 64 bit Build 19041 (10.0.19041.3636)
OS uptime: 0 days 1:03 hours
Hyper-V role detected

CPU: total 4 (initial active 4) (4 cores per cpu, 1 threads per core) family 6 model 58 stepping 9 microcode 0x21, cx8, cmov, fxsr, mmx, sse, sse2, sse3, ssse3, sse4.1, sse4.2, popcnt, tsc, tscinvbit, avx, aes, erms, clmul, vzeroupper, clflush, hv, rdtscp, f16c
Processor Information for all 4 processors :
  Max Mhz: 3400, Current Mhz: 3400, Mhz Limit: 3400

Memory: 4k page, system-wide physical 16348M (1736M free)
TotalPageFile size 20444M (AvailPageFile size 4M)
current process WorkingSet (physical memory assigned to process): 881M, peak: 1056M
current process commit charge ("private bytes"): 998M, peak: 1178M

vm_info: Java HotSpot(TM) 64-Bit Server VM (21.0.9+7-LTS-338) for windows-amd64 JRE (21.0.9+7-LTS-338), built on 2025-09-26T06:33:49Z by "mach5run" with MS VC++ 17.6 (VS2022)

END.
