#
# There is insufficient memory for the Java Runtime Environment to continue.
# Native memory allocation (mmap) failed to map 111149056 bytes for G1 virtual space
# Possible reasons:
#   The system is out of physical RAM or swap space
#   The process is running with CompressedOops enabled, and the Java Heap may be blocking the growth of the native heap
# Possible solutions:
#   Reduce memory load on the system
#   Increase physical memory or swap space
#   Check if swap backing store is full
#   Decrease Java heap size (-Xmx/-Xms)
#   Decrease number of Java threads
#   Decrease Java thread stack sizes (-Xss)
#   Set larger code cache with -XX:ReservedCodeCacheSize=
#   JVM is running with Zero Based Compressed Oops mode in which the Java heap is
#     placed in the first 32GB address space. The Java Heap base address is the
#     maximum limit for the native heap growth. Please use -XX:HeapBaseMinAddress
#     to set the Java Heap base and to place the Java Heap above 32GB virtual address.
# This output file may be truncated or incomplete.
#
#  Out of Memory Error (os_windows.cpp:3603), pid=6668, tid=9988
#
# JRE version: Java(TM) SE Runtime Environment (21.0.9+7) (build 21.0.9+7-LTS-338)
# Java VM: Java HotSpot(TM) 64-Bit Server VM (21.0.9+7-LTS-338, mixed mode, sharing, tiered, compressed oops, compressed class ptrs, g1 gc, windows-amd64)
# No core dump will be written. Minidumps are not enabled by default on client versions of Windows
#

---------------  S U M M A R Y ------------

Command Line: -DkotlinLanguageServer.version=1.3.13 org.javacs.kt.MainKt

Host: Intel(R) Core(TM) i5-3570 CPU @ 3.40GHz, 4 cores, 15G,  Windows 10 , 64 bit Build 19041 (10.0.19041.3636)
Time: Tue Apr  7 21:15:24 2026 Hora oficial do Brasil elapsed time: 28.136596 seconds (0d 0h 0m 28s)

---------------  T H R E A D  ---------------

Current thread (0x0000023868d97810):  VMThread "VM Thread"          [id=9988, stack(0x000000582a900000,0x000000582aa00000) (1024K)]

Stack: [0x000000582a900000,0x000000582aa00000]
Native frames: (J=compiled Java code, j=interpreted, Vv=VM code, C=native code)
V  [jvm.dll+0x6cbf89]
V  [jvm.dll+0x858421]
V  [jvm.dll+0x85a94e]
V  [jvm.dll+0x85b023]
V  [jvm.dll+0x27ebc6]
V  [jvm.dll+0x6c8705]
V  [jvm.dll+0x6bd26a]
V  [jvm.dll+0x354a0a]
V  [jvm.dll+0x35c686]
V  [jvm.dll+0x3af79e]
V  [jvm.dll+0x3afa48]
V  [jvm.dll+0x328d1c]
V  [jvm.dll+0x32b576]
V  [jvm.dll+0x335528]
V  [jvm.dll+0x36b855]
V  [jvm.dll+0x860df0]
V  [jvm.dll+0x862174]
V  [jvm.dll+0x8626b0]
V  [jvm.dll+0x862953]
V  [jvm.dll+0x80265b]
V  [jvm.dll+0x6ca66d]
C  [ucrtbase.dll+0x21bb2]
C  [KERNEL32.DLL+0x17344]
C  [ntdll.dll+0x526b1]

VM_Operation (0x000000582a4ff5a0): G1PauseRemark, mode: safepoint, requested by thread 0x00000238485ef300


---------------  P R O C E S S  ---------------

Threads class SMR info:
_java_thread_list=0x000002387899a020, length=17, elements={
0x0000023868db8620, 0x0000023868db9540, 0x0000023868dbdd20, 0x0000023868dbef20,
0x0000023868dbf980, 0x0000023868dc0810, 0x0000023868dc24b0, 0x0000023868dc3a50,
0x000002386d0fa1d0, 0x000002386d104e40, 0x00000238777cc6d0, 0x000002384847ed50,
0x000002386e6008f0, 0x000002386e933290, 0x0000023877a77c70, 0x0000023878dc5260,
0x0000023878808bd0
}

Java Threads: ( => current thread )
  0x0000023868db8620 JavaThread "Reference Handler"          daemon [_thread_blocked, id=14908, stack(0x000000582aa00000,0x000000582ab00000) (1024K)]
  0x0000023868db9540 JavaThread "Finalizer"                  daemon [_thread_blocked, id=14756, stack(0x000000582ab00000,0x000000582ac00000) (1024K)]
  0x0000023868dbdd20 JavaThread "Signal Dispatcher"          daemon [_thread_blocked, id=2212, stack(0x000000582ac00000,0x000000582ad00000) (1024K)]
  0x0000023868dbef20 JavaThread "Attach Listener"            daemon [_thread_blocked, id=2192, stack(0x000000582ad00000,0x000000582ae00000) (1024K)]
  0x0000023868dbf980 JavaThread "Service Thread"             daemon [_thread_blocked, id=8072, stack(0x000000582ae00000,0x000000582af00000) (1024K)]
  0x0000023868dc0810 JavaThread "Monitor Deflation Thread"   daemon [_thread_blocked, id=3792, stack(0x000000582af00000,0x000000582b000000) (1024K)]
  0x0000023868dc24b0 JavaThread "C2 CompilerThread0"         daemon [_thread_blocked, id=14428, stack(0x000000582b000000,0x000000582b100000) (1024K)]
  0x0000023868dc3a50 JavaThread "C1 CompilerThread0"         daemon [_thread_blocked, id=8756, stack(0x000000582b100000,0x000000582b200000) (1024K)]
  0x000002386d0fa1d0 JavaThread "Notification Thread"        daemon [_thread_blocked, id=13492, stack(0x000000582b200000,0x000000582b300000) (1024K)]
  0x000002386d104e40 JavaThread "Common-Cleaner"             daemon [_thread_blocked, id=2456, stack(0x000000582b300000,0x000000582b400000) (1024K)]
  0x00000238777cc6d0 JavaThread "client"                            [_thread_in_native, id=2908, stack(0x000000582b800000,0x000000582b900000) (1024K)]
  0x000002384847ed50 JavaThread "DestroyJavaVM"                     [_thread_blocked, id=12916, stack(0x000000582a200000,0x000000582a300000) (1024K)]
  0x000002386e6008f0 JavaThread "async0"                            [_thread_blocked, id=1624, stack(0x000000582b900000,0x000000582ba00000) (1024K)]
  0x000002386e933290 JavaThread "async1"                            [_thread_blocked, id=6260, stack(0x000000582ba00000,0x000000582bb00000) (1024K)]
  0x0000023877a77c70 JavaThread "debounce0"                         [_thread_blocked, id=14456, stack(0x000000582bb00000,0x000000582bc00000) (1024K)]
  0x0000023878dc5260 JavaThread "async2"                            [_thread_blocked, id=9432, stack(0x000000582bc00000,0x000000582bd00000) (1024K)]
  0x0000023878808bd0 JavaThread "C2 CompilerThread1"         daemon [_thread_blocked, id=14852, stack(0x000000582b400000,0x000000582b500000) (1024K)]
Total: 17

Other Threads:
=>0x0000023868d97810 VMThread "VM Thread"                           [id=9988, stack(0x000000582a900000,0x000000582aa00000) (1024K)]
  0x0000023868d87640 WatcherThread "VM Periodic Task Thread"        [id=9964, stack(0x000000582a800000,0x000000582a900000) (1024K)]
  0x00000238485de390 WorkerThread "GC Thread#0"                     [id=2064, stack(0x000000582a300000,0x000000582a400000) (1024K)]
  0x000002386d5fe4b0 WorkerThread "GC Thread#1"                     [id=14540, stack(0x000000582b500000,0x000000582b600000) (1024K)]
  0x000002386d58b690 WorkerThread "GC Thread#2"                     [id=14616, stack(0x000000582b600000,0x000000582b700000) (1024K)]
  0x000002386d58ba40 WorkerThread "GC Thread#3"                     [id=14452, stack(0x000000582b700000,0x000000582b800000) (1024K)]
  0x00000238485ef300 ConcurrentGCThread "G1 Main Marker"            [id=2188, stack(0x000000582a400000,0x000000582a500000) (1024K)]
  0x00000238485effd0 WorkerThread "G1 Conc#0"                       [id=5140, stack(0x000000582a500000,0x000000582a600000) (1024K)]
  0x000002384863eb50 ConcurrentGCThread "G1 Refine#0"               [id=5224, stack(0x000000582a600000,0x000000582a700000) (1024K)]
  0x0000023868c49850 ConcurrentGCThread "G1 Service"                [id=12992, stack(0x000000582a700000,0x000000582a800000) (1024K)]
Total: 10

Threads with active compile tasks:
C2 CompilerThread0    28162 14702       4       org.jetbrains.kotlin.resolve.lazy.LazyImportScope::getContributedClassifier (48 bytes)
C2 CompilerThread1    28162 14707       4       org.jetbrains.kotlin.resolve.calls.components.ClassicTypeSystemContextForCS::isError (6 bytes)
Total: 2

VM state: at safepoint (normal execution)

VM Mutex/Monitor currently owned by a thread:  ([mutex/lock_event])
[0x00007ffb61010df0] Threads_lock - owner thread: 0x0000023868d97810
[0x00007ffb61010ef0] Heap_lock - owner thread: 0x00000238485ef300

Heap address: 0x0000000700800000, size: 4088 MB, Compressed Oops mode: Zero based, Oop shift amount: 3

CDS archive(s) mapped at: [0x0000023800000000-0x0000023800c90000-0x0000023800c90000), size 13172736, SharedBaseAddress: 0x0000023800000000, ArchiveRelocationMode: 1.
Compressed class space mapped at: 0x0000023801000000-0x0000023841000000, reserved size: 1073741824
Narrow klass base: 0x0000023800000000, Narrow klass shift: 0, Narrow klass range: 0x100000000

GC Precious Log:
 CardTable entry size: 512
 Card Set container configuration: InlinePtr #cards 4 size 8 Array Of Cards #cards 16 size 48 Howl #buckets 8 coarsen threshold 3686 Howl Bitmap #cards 512 size 80 coarsen threshold 460 Card regions per heap region 1 cards per card region 4096
 CPUs: 4 total, 4 available
 Memory: 16348M
 Large Page Support: Disabled
 NUMA Support: Disabled
 Compressed Oops: Enabled (Zero based)
 Heap Region Size: 2M
 Heap Min Capacity: 8M
 Heap Initial Capacity: 256M
 Heap Max Capacity: 4088M
 Pre-touch: Disabled
 Parallel Workers: 4
 Concurrent Workers: 1
 Concurrent Refinement Workers: 4
 Periodic GC: Disabled

Heap:
 garbage-first heap   total 376832K, used 288037K [0x0000000700800000, 0x0000000800000000)
  region size 2048K, 27 young (55296K), 2 survivors (4096K)
 Metaspace       used 77774K, committed 78720K, reserved 1179648K
  class space    used 8653K, committed 9088K, reserved 1048576K

Heap Regions: E=young(eden), S=young(survivor), O=old, HS=humongous(starts), HC=humongous(continues), CS=collection set, F=free, TAMS=top-at-mark-start, PB=parsable bottom
|   0|0x0000000700800000, 0x0000000700a00000, 0x0000000700a00000|100%|HS|  |TAMS 0x0000000700a00000| PB 0x0000000700800000| Complete 
|   1|0x0000000700a00000, 0x0000000700c00000, 0x0000000700c00000|100%|HC|  |TAMS 0x0000000700c00000| PB 0x0000000700a00000| Complete 
|   2|0x0000000700c00000, 0x0000000700e00000, 0x0000000700e00000|100%| O|  |TAMS 0x0000000700e00000| PB 0x0000000700e00000| Untracked 
|   3|0x0000000700e00000, 0x0000000701000000, 0x0000000701000000|100%| O|  |TAMS 0x0000000701000000| PB 0x0000000701000000| Untracked 
|   4|0x0000000701000000, 0x0000000701200000, 0x0000000701200000|100%| O|  |TAMS 0x0000000701200000| PB 0x0000000701200000| Untracked 
|   5|0x0000000701200000, 0x0000000701400000, 0x0000000701400000|100%| O|  |TAMS 0x0000000701400000| PB 0x0000000701400000| Untracked 
|   6|0x0000000701400000, 0x0000000701600000, 0x0000000701600000|100%| O|  |TAMS 0x0000000701600000| PB 0x0000000701600000| Untracked 
|   7|0x0000000701600000, 0x0000000701800000, 0x0000000701800000|100%| O|  |TAMS 0x0000000701800000| PB 0x0000000701800000| Untracked 
|   8|0x0000000701800000, 0x0000000701a00000, 0x0000000701a00000|100%| O|  |TAMS 0x0000000701a00000| PB 0x0000000701a00000| Updating 
|   9|0x0000000701a00000, 0x0000000701c00000, 0x0000000701c00000|100%| O|  |TAMS 0x0000000701c00000| PB 0x0000000701c00000| Untracked 
|  10|0x0000000701c00000, 0x0000000701e00000, 0x0000000701e00000|100%| O|  |TAMS 0x0000000701e00000| PB 0x0000000701e00000| Updating 
|  11|0x0000000701e00000, 0x0000000702000000, 0x0000000702000000|100%| O|  |TAMS 0x0000000702000000| PB 0x0000000702000000| Untracked 
|  12|0x0000000702000000, 0x0000000702200000, 0x0000000702200000|100%| O|  |TAMS 0x0000000702200000| PB 0x0000000702200000| Untracked 
|  13|0x0000000702200000, 0x0000000702400000, 0x0000000702400000|100%| O|  |TAMS 0x0000000702400000| PB 0x0000000702400000| Untracked 
|  14|0x0000000702400000, 0x0000000702600000, 0x0000000702600000|100%| O|  |TAMS 0x0000000702600000| PB 0x0000000702600000| Untracked 
|  15|0x0000000702600000, 0x0000000702800000, 0x0000000702800000|100%| O|  |TAMS 0x0000000702800000| PB 0x0000000702800000| Untracked 
|  16|0x0000000702800000, 0x0000000702a00000, 0x0000000702a00000|100%| O|  |TAMS 0x0000000702a00000| PB 0x0000000702a00000| Untracked 
|  17|0x0000000702a00000, 0x0000000702c00000, 0x0000000702c00000|100%| O|  |TAMS 0x0000000702c00000| PB 0x0000000702c00000| Untracked 
|  18|0x0000000702c00000, 0x0000000702e00000, 0x0000000702e00000|100%|HS|  |TAMS 0x0000000702e00000| PB 0x0000000702c00000| Complete 
|  19|0x0000000702e00000, 0x0000000703000000, 0x0000000703000000|100%| O|  |TAMS 0x0000000703000000| PB 0x0000000703000000| Untracked 
|  20|0x0000000703000000, 0x0000000703200000, 0x0000000703200000|100%| O|  |TAMS 0x0000000703200000| PB 0x0000000703200000| Untracked 
|  21|0x0000000703200000, 0x0000000703400000, 0x0000000703400000|100%| O|  |TAMS 0x0000000703400000| PB 0x0000000703400000| Untracked 
|  22|0x0000000703400000, 0x0000000703600000, 0x0000000703600000|100%| O|  |TAMS 0x0000000703600000| PB 0x0000000703600000| Untracked 
|  23|0x0000000703600000, 0x0000000703800000, 0x0000000703800000|100%| O|  |TAMS 0x0000000703800000| PB 0x0000000703800000| Untracked 
|  24|0x0000000703800000, 0x0000000703a00000, 0x0000000703a00000|100%| O|  |TAMS 0x0000000703a00000| PB 0x0000000703a00000| Untracked 
|  25|0x0000000703a00000, 0x0000000703c00000, 0x0000000703c00000|100%| O|  |TAMS 0x0000000703c00000| PB 0x0000000703c00000| Untracked 
|  26|0x0000000703c00000, 0x0000000703e00000, 0x0000000703e00000|100%| O|  |TAMS 0x0000000703e00000| PB 0x0000000703e00000| Untracked 
|  27|0x0000000703e00000, 0x0000000704000000, 0x0000000704000000|100%| O|  |TAMS 0x0000000704000000| PB 0x0000000704000000| Updating 
|  28|0x0000000704000000, 0x0000000704200000, 0x0000000704200000|100%| O|  |TAMS 0x0000000704200000| PB 0x0000000704200000| Untracked 
|  29|0x0000000704200000, 0x0000000704400000, 0x0000000704400000|100%| O|  |TAMS 0x0000000704400000| PB 0x0000000704400000| Untracked 
|  30|0x0000000704400000, 0x0000000704600000, 0x0000000704600000|100%| O|  |TAMS 0x0000000704600000| PB 0x0000000704600000| Updating 
|  31|0x0000000704600000, 0x0000000704800000, 0x0000000704800000|100%| O|  |TAMS 0x0000000704800000| PB 0x0000000704800000| Untracked 
|  32|0x0000000704800000, 0x0000000704a00000, 0x0000000704a00000|100%| O|  |TAMS 0x0000000704a00000| PB 0x0000000704a00000| Untracked 
|  33|0x0000000704a00000, 0x0000000704c00000, 0x0000000704c00000|100%| O|  |TAMS 0x0000000704c00000| PB 0x0000000704c00000| Updating 
|  34|0x0000000704c00000, 0x0000000704e00000, 0x0000000704e00000|100%| O|  |TAMS 0x0000000704e00000| PB 0x0000000704e00000| Untracked 
|  35|0x0000000704e00000, 0x0000000705000000, 0x0000000705000000|100%| O|  |TAMS 0x0000000705000000| PB 0x0000000705000000| Untracked 
|  36|0x0000000705000000, 0x0000000705200000, 0x0000000705200000|100%| O|  |TAMS 0x0000000705200000| PB 0x0000000705200000| Untracked 
|  37|0x0000000705200000, 0x0000000705400000, 0x0000000705400000|100%| O|  |TAMS 0x0000000705400000| PB 0x0000000705400000| Untracked 
|  38|0x0000000705400000, 0x0000000705600000, 0x0000000705600000|100%| O|  |TAMS 0x0000000705600000| PB 0x0000000705600000| Updating 
|  39|0x0000000705600000, 0x0000000705800000, 0x0000000705800000|100%| O|  |TAMS 0x0000000705800000| PB 0x0000000705800000| Updating 
|  40|0x0000000705800000, 0x0000000705a00000, 0x0000000705a00000|100%| O|  |TAMS 0x0000000705a00000| PB 0x0000000705a00000| Untracked 
|  41|0x0000000705a00000, 0x0000000705c00000, 0x0000000705c00000|100%| O|  |TAMS 0x0000000705c00000| PB 0x0000000705c00000| Untracked 
|  42|0x0000000705c00000, 0x0000000705e00000, 0x0000000705e00000|100%| O|  |TAMS 0x0000000705e00000| PB 0x0000000705e00000| Untracked 
|  43|0x0000000705e00000, 0x0000000706000000, 0x0000000706000000|100%| O|  |TAMS 0x0000000705e00000| PB 0x0000000705e00000| Untracked 
|  44|0x0000000706000000, 0x0000000706200000, 0x0000000706200000|100%| O|  |TAMS 0x0000000706200000| PB 0x0000000706200000| Untracked 
|  45|0x0000000706200000, 0x0000000706400000, 0x0000000706400000|100%| O|  |TAMS 0x0000000706400000| PB 0x0000000706400000| Untracked 
|  46|0x0000000706400000, 0x0000000706600000, 0x0000000706600000|100%| O|  |TAMS 0x0000000706600000| PB 0x0000000706600000| Updating 
|  47|0x0000000706600000, 0x0000000706800000, 0x0000000706800000|100%| O|  |TAMS 0x0000000706800000| PB 0x0000000706800000| Untracked 
|  48|0x0000000706800000, 0x0000000706a00000, 0x0000000706a00000|100%| O|  |TAMS 0x0000000706a00000| PB 0x0000000706a00000| Untracked 
|  49|0x0000000706a00000, 0x0000000706c00000, 0x0000000706c00000|100%| O|  |TAMS 0x0000000706c00000| PB 0x0000000706c00000| Untracked 
|  50|0x0000000706c00000, 0x0000000706e00000, 0x0000000706e00000|100%| O|  |TAMS 0x0000000706e00000| PB 0x0000000706e00000| Untracked 
|  51|0x0000000706e00000, 0x0000000707000000, 0x0000000707000000|100%| O|  |TAMS 0x0000000707000000| PB 0x0000000707000000| Untracked 
|  52|0x0000000707000000, 0x0000000707200000, 0x0000000707200000|100%| O|  |TAMS 0x0000000707200000| PB 0x0000000707200000| Untracked 
|  53|0x0000000707200000, 0x0000000707400000, 0x0000000707400000|100%| O|  |TAMS 0x0000000707400000| PB 0x0000000707400000| Untracked 
|  54|0x0000000707400000, 0x0000000707600000, 0x0000000707600000|100%| O|  |TAMS 0x0000000707600000| PB 0x0000000707600000| Untracked 
|  55|0x0000000707600000, 0x0000000707800000, 0x0000000707800000|100%| O|  |TAMS 0x0000000707800000| PB 0x0000000707800000| Untracked 
|  56|0x0000000707800000, 0x0000000707a00000, 0x0000000707a00000|100%| O|  |TAMS 0x0000000707a00000| PB 0x0000000707a00000| Untracked 
|  57|0x0000000707a00000, 0x0000000707c00000, 0x0000000707c00000|100%| O|  |TAMS 0x0000000707a00000| PB 0x0000000707a00000| Untracked 
|  58|0x0000000707c00000, 0x0000000707e00000, 0x0000000707e00000|100%| O|  |TAMS 0x0000000707e00000| PB 0x0000000707e00000| Updating 
|  59|0x0000000707e00000, 0x0000000708000000, 0x0000000708000000|100%| O|  |TAMS 0x0000000708000000| PB 0x0000000708000000| Untracked 
|  60|0x0000000708000000, 0x0000000708200000, 0x0000000708200000|100%| O|  |TAMS 0x0000000708200000| PB 0x0000000708200000| Untracked 
|  61|0x0000000708200000, 0x0000000708400000, 0x0000000708400000|100%| O|  |TAMS 0x0000000708400000| PB 0x0000000708400000| Untracked 
|  62|0x0000000708400000, 0x0000000708600000, 0x0000000708600000|100%| O|  |TAMS 0x0000000708600000| PB 0x0000000708600000| Untracked 
|  63|0x0000000708600000, 0x0000000708800000, 0x0000000708800000|100%| O|  |TAMS 0x0000000708800000| PB 0x0000000708800000| Untracked 
|  64|0x0000000708800000, 0x0000000708a00000, 0x0000000708a00000|100%| O|  |TAMS 0x0000000708a00000| PB 0x0000000708a00000| Untracked 
|  65|0x0000000708a00000, 0x0000000708c00000, 0x0000000708c00000|100%| O|  |TAMS 0x0000000708c00000| PB 0x0000000708c00000| Untracked 
|  66|0x0000000708c00000, 0x0000000708e00000, 0x0000000708e00000|100%| O|  |TAMS 0x0000000708e00000| PB 0x0000000708e00000| Untracked 
|  67|0x0000000708e00000, 0x0000000709000000, 0x0000000709000000|100%| O|  |TAMS 0x0000000709000000| PB 0x0000000709000000| Untracked 
|  68|0x0000000709000000, 0x0000000709200000, 0x0000000709200000|100%| O|  |TAMS 0x0000000709200000| PB 0x0000000709200000| Untracked 
|  69|0x0000000709200000, 0x0000000709400000, 0x0000000709400000|100%| O|  |TAMS 0x0000000709400000| PB 0x0000000709400000| Untracked 
|  70|0x0000000709400000, 0x0000000709600000, 0x0000000709600000|100%| O|  |TAMS 0x0000000709600000| PB 0x0000000709600000| Untracked 
|  71|0x0000000709600000, 0x0000000709800000, 0x0000000709800000|100%| O|  |TAMS 0x0000000709800000| PB 0x0000000709800000| Untracked 
|  72|0x0000000709800000, 0x0000000709a00000, 0x0000000709a00000|100%| O|  |TAMS 0x0000000709a00000| PB 0x0000000709a00000| Untracked 
|  73|0x0000000709a00000, 0x0000000709c00000, 0x0000000709c00000|100%| O|  |TAMS 0x0000000709c00000| PB 0x0000000709c00000| Untracked 
|  74|0x0000000709c00000, 0x0000000709e00000, 0x0000000709e00000|100%| O|  |TAMS 0x0000000709e00000| PB 0x0000000709e00000| Untracked 
|  75|0x0000000709e00000, 0x000000070a000000, 0x000000070a000000|100%| O|  |TAMS 0x0000000709e00000| PB 0x0000000709e00000| Untracked 
|  76|0x000000070a000000, 0x000000070a200000, 0x000000070a200000|100%| O|  |TAMS 0x000000070a200000| PB 0x000000070a200000| Untracked 
|  77|0x000000070a200000, 0x000000070a400000, 0x000000070a400000|100%| O|  |TAMS 0x000000070a400000| PB 0x000000070a400000| Untracked 
|  78|0x000000070a400000, 0x000000070a600000, 0x000000070a600000|100%| O|  |TAMS 0x000000070a600000| PB 0x000000070a600000| Untracked 
|  79|0x000000070a600000, 0x000000070a800000, 0x000000070a800000|100%| O|  |TAMS 0x000000070a800000| PB 0x000000070a800000| Updating 
|  80|0x000000070a800000, 0x000000070aa00000, 0x000000070aa00000|100%| O|  |TAMS 0x000000070aa00000| PB 0x000000070aa00000| Untracked 
|  81|0x000000070aa00000, 0x000000070ac00000, 0x000000070ac00000|100%| O|  |TAMS 0x000000070ac00000| PB 0x000000070ac00000| Untracked 
|  82|0x000000070ac00000, 0x000000070ae00000, 0x000000070ae00000|100%| O|  |TAMS 0x000000070ae00000| PB 0x000000070ae00000| Untracked 
|  83|0x000000070ae00000, 0x000000070b000000, 0x000000070b000000|100%| O|  |TAMS 0x000000070b000000| PB 0x000000070b000000| Updating 
|  84|0x000000070b000000, 0x000000070b200000, 0x000000070b200000|100%| O|  |TAMS 0x000000070b200000| PB 0x000000070b200000| Untracked 
|  85|0x000000070b200000, 0x000000070b400000, 0x000000070b400000|100%| O|  |TAMS 0x000000070b400000| PB 0x000000070b400000| Untracked 
|  86|0x000000070b400000, 0x000000070b600000, 0x000000070b600000|100%| O|  |TAMS 0x000000070b600000| PB 0x000000070b600000| Updating 
|  87|0x000000070b600000, 0x000000070b800000, 0x000000070b800000|100%| O|  |TAMS 0x000000070b800000| PB 0x000000070b800000| Untracked 
|  88|0x000000070b800000, 0x000000070ba00000, 0x000000070ba00000|100%| O|  |TAMS 0x000000070ba00000| PB 0x000000070ba00000| Untracked 
|  89|0x000000070ba00000, 0x000000070bc00000, 0x000000070bc00000|100%| O|  |TAMS 0x000000070bc00000| PB 0x000000070bc00000| Updating 
|  90|0x000000070bc00000, 0x000000070be00000, 0x000000070be00000|100%| O|  |TAMS 0x000000070be00000| PB 0x000000070be00000| Untracked 
|  91|0x000000070be00000, 0x000000070c000000, 0x000000070c000000|100%| O|  |TAMS 0x000000070c000000| PB 0x000000070c000000| Updating 
|  92|0x000000070c000000, 0x000000070c200000, 0x000000070c200000|100%| O|  |TAMS 0x000000070c200000| PB 0x000000070c200000| Updating 
|  93|0x000000070c200000, 0x000000070c400000, 0x000000070c400000|100%| O|  |TAMS 0x000000070c200000| PB 0x000000070c200000| Untracked 
|  94|0x000000070c400000, 0x000000070c600000, 0x000000070c600000|100%| O|  |TAMS 0x000000070c600000| PB 0x000000070c600000| Untracked 
|  95|0x000000070c600000, 0x000000070c800000, 0x000000070c800000|100%| O|  |TAMS 0x000000070c800000| PB 0x000000070c800000| Untracked 
|  96|0x000000070c800000, 0x000000070ca00000, 0x000000070ca00000|100%| O|  |TAMS 0x000000070ca00000| PB 0x000000070ca00000| Updating 
|  97|0x000000070ca00000, 0x000000070cc00000, 0x000000070cc00000|100%| O|  |TAMS 0x000000070cc00000| PB 0x000000070cc00000| Updating 
|  98|0x000000070cc00000, 0x000000070ce00000, 0x000000070ce00000|100%| O|  |TAMS 0x000000070cc00000| PB 0x000000070cc00000| Untracked 
|  99|0x000000070ce00000, 0x000000070d000000, 0x000000070d000000|100%| O|  |TAMS 0x000000070d000000| PB 0x000000070d000000| Untracked 
| 100|0x000000070d000000, 0x000000070d200000, 0x000000070d200000|100%| O|  |TAMS 0x000000070d200000| PB 0x000000070d200000| Untracked 
| 101|0x000000070d200000, 0x000000070d400000, 0x000000070d400000|100%| O|  |TAMS 0x000000070d400000| PB 0x000000070d400000| Untracked 
| 102|0x000000070d400000, 0x000000070d600000, 0x000000070d600000|100%| O|  |TAMS 0x000000070d600000| PB 0x000000070d600000| Untracked 
| 103|0x000000070d600000, 0x000000070d800000, 0x000000070d800000|100%| O|  |TAMS 0x000000070d800000| PB 0x000000070d800000| Updating 
| 104|0x000000070d800000, 0x000000070da00000, 0x000000070da00000|100%| O|  |TAMS 0x000000070da00000| PB 0x000000070da00000| Untracked 
| 105|0x000000070da00000, 0x000000070dc00000, 0x000000070dc00000|100%| O|  |TAMS 0x000000070dc00000| PB 0x000000070dc00000| Untracked 
| 106|0x000000070dc00000, 0x000000070de00000, 0x000000070de00000|100%| O|  |TAMS 0x000000070de00000| PB 0x000000070de00000| Untracked 
| 107|0x000000070de00000, 0x000000070e000000, 0x000000070e000000|100%| O|  |TAMS 0x000000070e000000| PB 0x000000070e000000| Updating 
| 108|0x000000070e000000, 0x000000070e200000, 0x000000070e200000|100%| O|  |TAMS 0x000000070e000000| PB 0x000000070e000000| Untracked 
| 109|0x000000070e200000, 0x000000070e400000, 0x000000070e400000|100%| O|  |TAMS 0x000000070e200000| PB 0x000000070e200000| Untracked 
| 110|0x000000070e400000, 0x000000070e600000, 0x000000070e600000|100%|HS|  |TAMS 0x000000070e400000| PB 0x000000070e400000| Complete 
| 111|0x000000070e600000, 0x000000070e600000, 0x000000070e800000|  0%| F|  |TAMS 0x000000070e600000| PB 0x000000070e600000| Untracked 
| 112|0x000000070e800000, 0x000000070e800000, 0x000000070ea00000|  0%| F|  |TAMS 0x000000070e800000| PB 0x000000070e800000| Untracked 
| 113|0x000000070ea00000, 0x000000070ea00000, 0x000000070ec00000|  0%| F|  |TAMS 0x000000070ea00000| PB 0x000000070ea00000| Untracked 
| 114|0x000000070ec00000, 0x000000070ec00000, 0x000000070ee00000|  0%| F|  |TAMS 0x000000070ec00000| PB 0x000000070ec00000| Untracked 
| 115|0x000000070ee00000, 0x000000070ee00000, 0x000000070f000000|  0%| F|  |TAMS 0x000000070ee00000| PB 0x000000070ee00000| Untracked 
| 116|0x000000070f000000, 0x000000070f000000, 0x000000070f200000|  0%| F|  |TAMS 0x000000070f000000| PB 0x000000070f000000| Untracked 
| 117|0x000000070f200000, 0x000000070f200000, 0x000000070f400000|  0%| F|  |TAMS 0x000000070f200000| PB 0x000000070f200000| Untracked 
| 118|0x000000070f400000, 0x000000070f400000, 0x000000070f600000|  0%| F|  |TAMS 0x000000070f400000| PB 0x000000070f400000| Untracked 
| 119|0x000000070f600000, 0x000000070f600000, 0x000000070f800000|  0%| F|  |TAMS 0x000000070f600000| PB 0x000000070f600000| Untracked 
| 120|0x000000070f800000, 0x000000070f800000, 0x000000070fa00000|  0%| F|  |TAMS 0x000000070f800000| PB 0x000000070f800000| Untracked 
| 121|0x000000070fa00000, 0x000000070fa00000, 0x000000070fc00000|  0%| F|  |TAMS 0x000000070fa00000| PB 0x000000070fa00000| Untracked 
| 122|0x000000070fc00000, 0x000000070fc00000, 0x000000070fe00000|  0%| F|  |TAMS 0x000000070fc00000| PB 0x000000070fc00000| Untracked 
| 123|0x000000070fe00000, 0x000000070fe00000, 0x0000000710000000|  0%| F|  |TAMS 0x000000070fe00000| PB 0x000000070fe00000| Untracked 
| 124|0x0000000710000000, 0x0000000710000000, 0x0000000710200000|  0%| F|  |TAMS 0x0000000710000000| PB 0x0000000710000000| Untracked 
| 125|0x0000000710200000, 0x0000000710200000, 0x0000000710400000|  0%| F|  |TAMS 0x0000000710200000| PB 0x0000000710200000| Untracked 
| 126|0x0000000710400000, 0x0000000710400000, 0x0000000710600000|  0%| F|  |TAMS 0x0000000710400000| PB 0x0000000710400000| Untracked 
| 127|0x0000000710600000, 0x0000000710600000, 0x0000000710800000|  0%| F|  |TAMS 0x0000000710600000| PB 0x0000000710600000| Untracked 
| 128|0x0000000710800000, 0x0000000710800000, 0x0000000710a00000|  0%| F|  |TAMS 0x0000000710800000| PB 0x0000000710800000| Untracked 
| 129|0x0000000710a00000, 0x0000000710a00000, 0x0000000710c00000|  0%| F|  |TAMS 0x0000000710a00000| PB 0x0000000710a00000| Untracked 
| 130|0x0000000710c00000, 0x0000000710c00000, 0x0000000710e00000|  0%| F|  |TAMS 0x0000000710c00000| PB 0x0000000710c00000| Untracked 
| 131|0x0000000710e00000, 0x0000000710e00000, 0x0000000711000000|  0%| F|  |TAMS 0x0000000710e00000| PB 0x0000000710e00000| Untracked 
| 132|0x0000000711000000, 0x0000000711000000, 0x0000000711200000|  0%| F|  |TAMS 0x0000000711000000| PB 0x0000000711000000| Untracked 
| 133|0x0000000711200000, 0x0000000711200000, 0x0000000711400000|  0%| F|  |TAMS 0x0000000711200000| PB 0x0000000711200000| Untracked 
| 134|0x0000000711400000, 0x0000000711400000, 0x0000000711600000|  0%| F|  |TAMS 0x0000000711400000| PB 0x0000000711400000| Untracked 
| 135|0x0000000711600000, 0x0000000711600000, 0x0000000711800000|  0%| F|  |TAMS 0x0000000711600000| PB 0x0000000711600000| Untracked 
| 136|0x0000000711800000, 0x0000000711800000, 0x0000000711a00000|  0%| F|  |TAMS 0x0000000711800000| PB 0x0000000711800000| Untracked 
| 137|0x0000000711a00000, 0x0000000711a00000, 0x0000000711c00000|  0%| F|  |TAMS 0x0000000711a00000| PB 0x0000000711a00000| Untracked 
| 138|0x0000000711c00000, 0x0000000711c00000, 0x0000000711e00000|  0%| F|  |TAMS 0x0000000711c00000| PB 0x0000000711c00000| Untracked 
| 139|0x0000000711e00000, 0x0000000711e00000, 0x0000000712000000|  0%| F|  |TAMS 0x0000000711e00000| PB 0x0000000711e00000| Untracked 
| 140|0x0000000712000000, 0x0000000712000000, 0x0000000712200000|  0%| F|  |TAMS 0x0000000712000000| PB 0x0000000712000000| Untracked 
| 141|0x0000000712200000, 0x0000000712200000, 0x0000000712400000|  0%| F|  |TAMS 0x0000000712200000| PB 0x0000000712200000| Untracked 
| 142|0x0000000712400000, 0x0000000712400000, 0x0000000712600000|  0%| F|  |TAMS 0x0000000712400000| PB 0x0000000712400000| Untracked 
| 143|0x0000000712600000, 0x0000000712600000, 0x0000000712800000|  0%| F|  |TAMS 0x0000000712600000| PB 0x0000000712600000| Untracked 
| 144|0x0000000712800000, 0x0000000712800000, 0x0000000712a00000|  0%| F|  |TAMS 0x0000000712800000| PB 0x0000000712800000| Untracked 
| 145|0x0000000712a00000, 0x0000000712a00000, 0x0000000712c00000|  0%| F|  |TAMS 0x0000000712a00000| PB 0x0000000712a00000| Untracked 
| 146|0x0000000712c00000, 0x0000000712c00000, 0x0000000712e00000|  0%| F|  |TAMS 0x0000000712c00000| PB 0x0000000712c00000| Untracked 
| 147|0x0000000712e00000, 0x0000000712e00000, 0x0000000713000000|  0%| F|  |TAMS 0x0000000712e00000| PB 0x0000000712e00000| Untracked 
| 148|0x0000000713000000, 0x0000000713000000, 0x0000000713200000|  0%| F|  |TAMS 0x0000000713000000| PB 0x0000000713000000| Untracked 
| 149|0x0000000713200000, 0x0000000713200000, 0x0000000713400000|  0%| F|  |TAMS 0x0000000713200000| PB 0x0000000713200000| Untracked 
| 150|0x0000000713400000, 0x0000000713400000, 0x0000000713600000|  0%| F|  |TAMS 0x0000000713400000| PB 0x0000000713400000| Untracked 
| 151|0x0000000713600000, 0x0000000713600000, 0x0000000713800000|  0%| F|  |TAMS 0x0000000713600000| PB 0x0000000713600000| Untracked 
| 152|0x0000000713800000, 0x0000000713800000, 0x0000000713a00000|  0%| F|  |TAMS 0x0000000713800000| PB 0x0000000713800000| Untracked 
| 153|0x0000000713a00000, 0x0000000713b00000, 0x0000000713c00000| 50%| E|  |TAMS 0x0000000713a00000| PB 0x0000000713a00000| Complete 
| 154|0x0000000713c00000, 0x0000000713e00000, 0x0000000713e00000|100%| E|CS|TAMS 0x0000000713c00000| PB 0x0000000713c00000| Complete 
| 155|0x0000000713e00000, 0x0000000714000000, 0x0000000714000000|100%| E|CS|TAMS 0x0000000713e00000| PB 0x0000000713e00000| Complete 
| 156|0x0000000714000000, 0x0000000714200000, 0x0000000714200000|100%| E|CS|TAMS 0x0000000714000000| PB 0x0000000714000000| Complete 
| 157|0x0000000714200000, 0x0000000714400000, 0x0000000714400000|100%| E|CS|TAMS 0x0000000714200000| PB 0x0000000714200000| Complete 
| 158|0x0000000714400000, 0x0000000714600000, 0x0000000714600000|100%| E|CS|TAMS 0x0000000714400000| PB 0x0000000714400000| Complete 
| 159|0x0000000714600000, 0x0000000714800000, 0x0000000714800000|100%| E|CS|TAMS 0x0000000714600000| PB 0x0000000714600000| Complete 
| 160|0x0000000714800000, 0x0000000714a00000, 0x0000000714a00000|100%| E|CS|TAMS 0x0000000714800000| PB 0x0000000714800000| Complete 
| 161|0x0000000714a00000, 0x0000000714c00000, 0x0000000714c00000|100%| E|CS|TAMS 0x0000000714a00000| PB 0x0000000714a00000| Complete 
| 162|0x0000000714c00000, 0x0000000714e00000, 0x0000000714e00000|100%| E|CS|TAMS 0x0000000714c00000| PB 0x0000000714c00000| Complete 
| 163|0x0000000714e00000, 0x0000000715000000, 0x0000000715000000|100%| E|CS|TAMS 0x0000000714e00000| PB 0x0000000714e00000| Complete 
| 164|0x0000000715000000, 0x0000000715200000, 0x0000000715200000|100%| E|CS|TAMS 0x0000000715000000| PB 0x0000000715000000| Complete 
| 165|0x0000000715200000, 0x0000000715400000, 0x0000000715400000|100%| E|CS|TAMS 0x0000000715200000| PB 0x0000000715200000| Complete 
| 166|0x0000000715400000, 0x0000000715600000, 0x0000000715600000|100%| E|CS|TAMS 0x0000000715400000| PB 0x0000000715400000| Complete 
| 167|0x0000000715600000, 0x0000000715800000, 0x0000000715800000|100%| E|CS|TAMS 0x0000000715600000| PB 0x0000000715600000| Complete 
| 168|0x0000000715800000, 0x0000000715a00000, 0x0000000715a00000|100%| E|CS|TAMS 0x0000000715800000| PB 0x0000000715800000| Complete 
| 169|0x0000000715a00000, 0x0000000715c00000, 0x0000000715c00000|100%| E|CS|TAMS 0x0000000715a00000| PB 0x0000000715a00000| Complete 
| 170|0x0000000715c00000, 0x0000000715e00000, 0x0000000715e00000|100%| E|CS|TAMS 0x0000000715c00000| PB 0x0000000715c00000| Complete 
| 171|0x0000000715e00000, 0x0000000716000000, 0x0000000716000000|100%| E|CS|TAMS 0x0000000715e00000| PB 0x0000000715e00000| Complete 
| 172|0x0000000716000000, 0x0000000716200000, 0x0000000716200000|100%| E|CS|TAMS 0x0000000716000000| PB 0x0000000716000000| Complete 
| 173|0x0000000716200000, 0x0000000716400000, 0x0000000716400000|100%| E|CS|TAMS 0x0000000716200000| PB 0x0000000716200000| Complete 
| 174|0x0000000716400000, 0x0000000716600000, 0x0000000716600000|100%| E|CS|TAMS 0x0000000716400000| PB 0x0000000716400000| Complete 
| 175|0x0000000716600000, 0x00000007167495f0, 0x0000000716800000| 64%| S|CS|TAMS 0x0000000716600000| PB 0x0000000716600000| Complete 
| 176|0x0000000716800000, 0x0000000716a00000, 0x0000000716a00000|100%| S|CS|TAMS 0x0000000716800000| PB 0x0000000716800000| Complete 
| 177|0x0000000716a00000, 0x0000000716c00000, 0x0000000716c00000|100%| E|CS|TAMS 0x0000000716a00000| PB 0x0000000716a00000| Complete 
| 178|0x0000000716c00000, 0x0000000716e00000, 0x0000000716e00000|100%| E|CS|TAMS 0x0000000716c00000| PB 0x0000000716c00000| Complete 
|2039|0x00000007ff600000, 0x00000007ff800000, 0x00000007ff800000|100%| O|  |TAMS 0x00000007ff800000| PB 0x00000007ff800000| Updating 
|2040|0x00000007ff800000, 0x00000007ffa00000, 0x00000007ffa00000|100%| O|  |TAMS 0x00000007ffa00000| PB 0x00000007ffa00000| Untracked 
|2041|0x00000007ffa00000, 0x00000007ffc00000, 0x00000007ffc00000|100%| O|  |TAMS 0x00000007ffc00000| PB 0x00000007ffc00000| Untracked 
|2042|0x00000007ffc00000, 0x00000007ffe00000, 0x00000007ffe00000|100%| E|CS|TAMS 0x00000007ffc00000| PB 0x00000007ffc00000| Complete 
|2043|0x00000007ffe00000, 0x0000000800000000, 0x0000000800000000|100%| O|  |TAMS 0x0000000800000000| PB 0x0000000800000000| Updating 

Card table byte_map: [0x0000023861ff0000,0x00000238627f0000] _byte_map_base: 0x000002385e7ec000

Marking Bits: (CMBitMap*) 0x00000238485deaa0
 Bits: [0x00000238627f0000, 0x00000238667d0000)

Polling page: 0x00000238483c0000

Metaspace:

Usage:
  Non-class:     67.50 MB used.
      Class:      8.45 MB used.
       Both:     75.95 MB used.

Virtual space:
  Non-class space:      128.00 MB reserved,      68.00 MB ( 53%) committed,  2 nodes.
      Class space:        1.00 GB reserved,       8.88 MB ( <1%) committed,  1 nodes.
             Both:        1.12 GB reserved,      76.88 MB (  7%) committed. 

Chunk freelists:
   Non-Class:  11.66 MB
       Class:  7.08 MB
        Both:  18.73 MB

MaxMetaspaceSize: unlimited
CompressedClassSpaceSize: 1.00 GB
Initial GC threshold: 21.00 MB
Current GC threshold: 125.75 MB
CDS: on
 - commit_granule_bytes: 65536.
 - commit_granule_words: 8192.
 - virtual_space_node_default_size: 8388608.
 - enlarge_chunks_in_place: 1.
 - use_allocation_guard: 0.


Internal statistics:

num_allocs_failed_limit: 15.
num_arena_births: 1576.
num_arena_deaths: 0.
num_vsnodes_births: 3.
num_vsnodes_deaths: 0.
num_space_committed: 1228.
num_space_uncommitted: 0.
num_chunks_returned_to_freelist: 15.
num_chunks_taken_from_freelist: 4510.
num_chunk_merges: 15.
num_chunk_splits: 3346.
num_chunks_enlarged: 2553.
num_inconsistent_stats: 0.

CodeHeap 'non-profiled nmethods': size=120000Kb used=8193Kb max_used=8554Kb free=111806Kb
 bounds [0x0000023859ca0000, 0x000002385a500000, 0x00000238611d0000]
CodeHeap 'profiled nmethods': size=120000Kb used=35401Kb max_used=37165Kb free=84598Kb
 bounds [0x00000238521d0000, 0x0000023854620000, 0x0000023859700000]
CodeHeap 'non-nmethods': size=5760Kb used=1753Kb max_used=1827Kb free=4006Kb
 bounds [0x0000023859700000, 0x0000023859970000, 0x0000023859ca0000]
 total_blobs=13135 nmethods=12375 adapters=660
 compilation: enabled
              stopped_count=0, restarted_count=0
 full_count=0

Compilation events (20 events):
Event: 28.067 Thread 0x0000023868dc24b0 14697       4       org.jetbrains.kotlin.psi.KtNameReferenceExpression::getReferencedName (30 bytes)
Event: 28.070 Thread 0x0000023878808bd0 14698       4       org.jetbrains.kotlin.resolve.calls.inference.DescriptorRelatedInferenceUtilsKt::addSubsystemFromArgument (103 bytes)
Event: 28.072 Thread 0x0000023878808bd0 nmethod 14698 0x000002385a4f8c10 code [0x000002385a4f8e00, 0x000002385a4f90a8]
Event: 28.079 Thread 0x0000023868dc24b0 nmethod 14697 0x000002385a4f9310 code [0x000002385a4f9580, 0x000002385a4f9e60]
Event: 28.088 Thread 0x0000023868dc3a50 14699       3       org.jetbrains.kotlin.resolve.lazy.ExplicitImportsIndexed::nameToDirectives$lambda$0 (56 bytes)
Event: 28.089 Thread 0x0000023868dc3a50 nmethod 14699 0x0000023854613f90 code [0x00000238546141e0, 0x0000023854614bf8]
Event: 28.090 Thread 0x0000023868dc3a50 14700       3       com.google.common.collect.ImmutableListMultimap::fromMapEntries (141 bytes)
Event: 28.091 Thread 0x0000023868dc3a50 nmethod 14700 0x0000023854615010 code [0x00000238546153a0, 0x0000023854616c00]
Event: 28.096 Thread 0x0000023868dc3a50 14701       3       org.jetbrains.kotlin.resolve.PackageFragmentWithCustomSource::<init> (27 bytes)
Event: 28.096 Thread 0x0000023868dc3a50 nmethod 14701 0x0000023854617410 code [0x00000238546176c0, 0x0000023854618210]
Event: 28.097 Thread 0x0000023868dc24b0 14702       4       org.jetbrains.kotlin.resolve.lazy.LazyImportScope::getContributedClassifier (48 bytes)
Event: 28.103 Thread 0x0000023868dc3a50 14703       3       org.jetbrains.kotlin.resolve.jvm.checkers.JavaNullabilityChecker$$Lambda/0x000002380171f620::invoke (8 bytes)
Event: 28.103 Thread 0x0000023868dc3a50 nmethod 14703 0x0000023854618610 code [0x00000238546187e0, 0x0000023854618b60]
Event: 28.103 Thread 0x0000023868dc3a50 14704       3       org.jetbrains.kotlin.resolve.jvm.checkers.JavaNullabilityChecker$$Lambda/0x000002380171f1f0::invoke (16 bytes)
Event: 28.104 Thread 0x0000023868dc3a50 nmethod 14704 0x0000023854618c90 code [0x0000023854618e40, 0x0000023854619058]
Event: 28.104 Thread 0x0000023868dc3a50 14705       3       org.jetbrains.kotlin.contracts.EffectSystem::getNonTrivialComputation (55 bytes)
Event: 28.105 Thread 0x0000023868dc3a50 nmethod 14705 0x0000023854619190 code [0x0000023854619380, 0x00000238546198c0]
Event: 28.105 Thread 0x0000023868dc3a50 14706       3       org.jetbrains.kotlin.contracts.model.visitors.InfoCollector::collectFromSchema (197 bytes)
Event: 28.106 Thread 0x0000023868dc3a50 nmethod 14706 0x0000023854619a90 code [0x0000023854619de0, 0x000002385461b348]
Event: 28.106 Thread 0x0000023878808bd0 14707       4       org.jetbrains.kotlin.resolve.calls.components.ClassicTypeSystemContextForCS::isError (6 bytes)

GC Heap History (20 events):
Event: 16.133 GC heap before
{Heap before GC invocations=33 (full 0):
 garbage-first heap   total 280576K, used 217491K [0x0000000700800000, 0x0000000800000000)
  region size 2048K, 43 young (88064K), 5 survivors (10240K)
 Metaspace       used 72309K, committed 73280K, reserved 1114112K
  class space    used 8260K, committed 8704K, reserved 1048576K
}
Event: 16.144 GC heap after
{Heap after GC invocations=34 (full 0):
 garbage-first heap   total 280576K, used 146382K [0x0000000700800000, 0x0000000800000000)
  region size 2048K, 6 young (12288K), 6 survivors (12288K)
 Metaspace       used 72309K, committed 73280K, reserved 1114112K
  class space    used 8260K, committed 8704K, reserved 1048576K
}
Event: 17.200 GC heap before
{Heap before GC invocations=34 (full 0):
 garbage-first heap   total 280576K, used 246734K [0x0000000700800000, 0x0000000800000000)
  region size 2048K, 50 young (102400K), 6 survivors (12288K)
 Metaspace       used 72635K, committed 73600K, reserved 1114112K
  class space    used 8274K, committed 8704K, reserved 1048576K
}
Event: 17.218 GC heap after
{Heap after GC invocations=35 (full 0):
 garbage-first heap   total 280576K, used 163840K [0x0000000700800000, 0x0000000800000000)
  region size 2048K, 7 young (14336K), 7 survivors (14336K)
 Metaspace       used 72635K, committed 73600K, reserved 1114112K
  class space    used 8274K, committed 8704K, reserved 1048576K
}
Event: 17.290 GC heap before
{Heap before GC invocations=35 (full 0):
 garbage-first heap   total 280576K, used 172032K [0x0000000700800000, 0x0000000800000000)
  region size 2048K, 12 young (24576K), 7 survivors (14336K)
 Metaspace       used 72645K, committed 73600K, reserved 1114112K
  class space    used 8274K, committed 8704K, reserved 1048576K
}
Event: 17.300 GC heap after
{Heap after GC invocations=36 (full 0):
 garbage-first heap   total 337920K, used 165834K [0x0000000700800000, 0x0000000800000000)
  region size 2048K, 2 young (4096K), 2 survivors (4096K)
 Metaspace       used 72645K, committed 73600K, reserved 1114112K
  class space    used 8274K, committed 8704K, reserved 1048576K
}
Event: 17.709 GC heap before
{Heap before GC invocations=36 (full 0):
 garbage-first heap   total 337920K, used 221130K [0x0000000700800000, 0x0000000800000000)
  region size 2048K, 29 young (59392K), 2 survivors (4096K)
 Metaspace       used 72945K, committed 73920K, reserved 1179648K
  class space    used 8304K, committed 8768K, reserved 1048576K
}
Event: 17.716 GC heap after
{Heap after GC invocations=37 (full 0):
 garbage-first heap   total 337920K, used 172642K [0x0000000700800000, 0x0000000800000000)
  region size 2048K, 5 young (10240K), 5 survivors (10240K)
 Metaspace       used 72945K, committed 73920K, reserved 1179648K
  class space    used 8304K, committed 8768K, reserved 1048576K
}
Event: 18.791 GC heap before
{Heap before GC invocations=38 (full 0):
 garbage-first heap   total 337920K, used 293474K [0x0000000700800000, 0x0000000800000000)
  region size 2048K, 62 young (126976K), 5 survivors (10240K)
 Metaspace       used 74672K, committed 75584K, reserved 1179648K
  class space    used 8482K, committed 8896K, reserved 1048576K
}
Event: 18.804 GC heap after
{Heap after GC invocations=39 (full 0):
 garbage-first heap   total 337920K, used 185335K [0x0000000700800000, 0x0000000800000000)
  region size 2048K, 8 young (16384K), 8 survivors (16384K)
 Metaspace       used 74672K, committed 75584K, reserved 1179648K
  class space    used 8482K, committed 8896K, reserved 1048576K
}
Event: 21.110 GC heap before
{Heap before GC invocations=39 (full 0):
 garbage-first heap   total 337920K, used 295927K [0x0000000700800000, 0x0000000800000000)
  region size 2048K, 60 young (122880K), 8 survivors (16384K)
 Metaspace       used 75338K, committed 76352K, reserved 1179648K
  class space    used 8500K, committed 8960K, reserved 1048576K
}
Event: 21.132 GC heap after
{Heap after GC invocations=40 (full 0):
 garbage-first heap   total 337920K, used 199179K [0x0000000700800000, 0x0000000800000000)
  region size 2048K, 8 young (16384K), 8 survivors (16384K)
 Metaspace       used 75338K, committed 76352K, reserved 1179648K
  class space    used 8500K, committed 8960K, reserved 1048576K
}
Event: 23.564 GC heap before
{Heap before GC invocations=40 (full 0):
 garbage-first heap   total 337920K, used 248331K [0x0000000700800000, 0x0000000800000000)
  region size 2048K, 33 young (67584K), 8 survivors (16384K)
 Metaspace       used 76236K, committed 77184K, reserved 1179648K
  class space    used 8549K, committed 8960K, reserved 1048576K
}
Event: 23.581 GC heap after
{Heap after GC invocations=41 (full 0):
 garbage-first heap   total 337920K, used 205824K [0x0000000700800000, 0x0000000800000000)
  region size 2048K, 4 young (8192K), 4 survivors (8192K)
 Metaspace       used 76236K, committed 77184K, reserved 1179648K
  class space    used 8549K, committed 8960K, reserved 1048576K
}
Event: 26.386 GC heap before
{Heap before GC invocations=42 (full 0):
 garbage-first heap   total 376832K, used 304128K [0x0000000700800000, 0x0000000800000000)
  region size 2048K, 51 young (104448K), 4 survivors (8192K)
 Metaspace       used 77307K, committed 78272K, reserved 1179648K
  class space    used 8620K, committed 9088K, reserved 1048576K
}
Event: 26.402 GC heap after
{Heap after GC invocations=43 (full 0):
 garbage-first heap   total 376832K, used 219823K [0x0000000700800000, 0x0000000800000000)
  region size 2048K, 7 young (14336K), 7 survivors (14336K)
 Metaspace       used 77307K, committed 78272K, reserved 1179648K
  class space    used 8620K, committed 9088K, reserved 1048576K
}
Event: 27.636 GC heap before
{Heap before GC invocations=43 (full 0):
 garbage-first heap   total 376832K, used 334511K [0x0000000700800000, 0x0000000800000000)
  region size 2048K, 61 young (124928K), 7 survivors (14336K)
 Metaspace       used 77640K, committed 78592K, reserved 1179648K
  class space    used 8644K, committed 9088K, reserved 1048576K
}
Event: 27.658 GC heap after
{Heap after GC invocations=44 (full 0):
 garbage-first heap   total 376832K, used 234117K [0x0000000700800000, 0x0000000800000000)
  region size 2048K, 8 young (16384K), 8 survivors (16384K)
 Metaspace       used 77640K, committed 78592K, reserved 1179648K
  class space    used 8644K, committed 9088K, reserved 1048576K
}
Event: 27.720 GC heap before
{Heap before GC invocations=44 (full 0):
 garbage-first heap   total 376832K, used 238213K [0x0000000700800000, 0x0000000800000000)
  region size 2048K, 11 young (22528K), 8 survivors (16384K)
 Metaspace       used 77653K, committed 78592K, reserved 1179648K
  class space    used 8644K, committed 9088K, reserved 1048576K
}
Event: 27.728 GC heap after
{Heap after GC invocations=45 (full 0):
 garbage-first heap   total 376832K, used 236837K [0x0000000700800000, 0x0000000800000000)
  region size 2048K, 2 young (4096K), 2 survivors (4096K)
 Metaspace       used 77653K, committed 78592K, reserved 1179648K
  class space    used 8644K, committed 9088K, reserved 1048576K
}

Dll operation events (8 events):
Event: 0.008 Loaded shared library C:\Program Files\Java\jdk-21\bin\java.dll
Event: 0.047 Loaded shared library C:\Program Files\Java\jdk-21\bin\jsvml.dll
Event: 0.107 Loaded shared library C:\Program Files\Java\jdk-21\bin\net.dll
Event: 0.108 Loaded shared library C:\Program Files\Java\jdk-21\bin\nio.dll
Event: 0.113 Loaded shared library C:\Program Files\Java\jdk-21\bin\zip.dll
Event: 0.220 Loaded shared library C:\Program Files\Java\jdk-21\bin\jimage.dll
Event: 1.418 Loaded shared library C:\Program Files\Java\jdk-21\bin\verify.dll
Event: 3.364 Loaded shared library C:\Users\Usuario\AppData\Local\Temp\sqlite-3.41.2.1-05d4623d-6b0c-44c6-9950-132f0e10fc7f-sqlitejdbc.dll

Deoptimization events (20 events):
Event: 27.550 Thread 0x0000023877a77c70 DEOPT PACKING pc=0x000002385a3bb64c sp=0x000000582bbfaec0
Event: 27.550 Thread 0x0000023877a77c70 DEOPT UNPACKING pc=0x00000238597546a2 sp=0x000000582bbfad80 mode 2
Event: 27.563 Thread 0x0000023877a77c70 Uncommon trap: trap_request=0xffffffde fr.pc=0x000002385a3bb64c relative=0x000000000000046c
Event: 27.563 Thread 0x0000023877a77c70 Uncommon trap: reason=class_check action=maybe_recompile pc=0x000002385a3bb64c method=org.jetbrains.kotlin.resolve.calls.inference.components.NewTypeSubstitutor.substitute(Lorg/jetbrains/kotlin/types/SimpleType;ZZ)Lorg/jetbrains/kotlin/types/UnwrappedType
Event: 27.563 Thread 0x0000023877a77c70 DEOPT PACKING pc=0x000002385a3bb64c sp=0x000000582bbfaec0
Event: 27.563 Thread 0x0000023877a77c70 DEOPT UNPACKING pc=0x00000238597546a2 sp=0x000000582bbfad80 mode 2
Event: 27.693 Thread 0x0000023877a77c70 Uncommon trap: trap_request=0xffffff45 fr.pc=0x000002385a4d5ff4 relative=0x00000000000008f4
Event: 27.693 Thread 0x0000023877a77c70 Uncommon trap: reason=unstable_if action=reinterpret pc=0x000002385a4d5ff4 method=com.intellij.psi.impl.source.CharTableImpl$StringHashToCharSequencesMap.charSequenceSubSequenceEquals(Ljava/lang/CharSequence;Ljava/lang/CharSequence;II)Z @ 77 c2
Event: 27.693 Thread 0x0000023877a77c70 DEOPT PACKING pc=0x000002385a4d5ff4 sp=0x000000582bbfa270
Event: 27.693 Thread 0x0000023877a77c70 DEOPT UNPACKING pc=0x00000238597546a2 sp=0x000000582bbfa010 mode 2
Event: 27.957 Thread 0x0000023877a77c70 Uncommon trap: trap_request=0xffffff45 fr.pc=0x000002385a390368 relative=0x0000000000000308
Event: 27.957 Thread 0x0000023877a77c70 Uncommon trap: reason=unstable_if action=reinterpret pc=0x000002385a390368 method=org.jetbrains.kotlin.name.FqNameUnsafe.startsWith(Lorg/jetbrains/kotlin/name/Name;)Z @ 87 c2
Event: 27.957 Thread 0x0000023877a77c70 DEOPT PACKING pc=0x000002385a390368 sp=0x000000582bbf9b20
Event: 27.957 Thread 0x0000023877a77c70 DEOPT UNPACKING pc=0x00000238597546a2 sp=0x000000582bbf9ac8 mode 2
Event: 27.972 Thread 0x0000023877a77c70 DEOPT PACKING pc=0x0000023852cf1d08 sp=0x000000582bbfa530
Event: 27.972 Thread 0x0000023877a77c70 DEOPT UNPACKING pc=0x0000023859754e42 sp=0x000000582bbf9a48 mode 0
Event: 28.039 Thread 0x0000023877a77c70 Uncommon trap: trap_request=0xffffff45 fr.pc=0x000002385a3b9abc relative=0x00000000000003bc
Event: 28.039 Thread 0x0000023877a77c70 Uncommon trap: reason=unstable_if action=reinterpret pc=0x000002385a3b9abc method=org.jetbrains.kotlin.name.FqNameUnsafe.startsWith(Lorg/jetbrains/kotlin/name/Name;)Z @ 87 c2
Event: 28.039 Thread 0x0000023877a77c70 DEOPT PACKING pc=0x000002385a3b9abc sp=0x000000582bbf98f0
Event: 28.039 Thread 0x0000023877a77c70 DEOPT UNPACKING pc=0x00000238597546a2 sp=0x000000582bbf97c8 mode 2

Classes loaded (20 events):
Event: 9.290 Loading class java/util/stream/SliceOps
Event: 9.290 Loading class java/util/stream/SliceOps done
Event: 9.290 Loading class java/util/stream/SliceOps$1
Event: 9.290 Loading class java/util/stream/SliceOps$1 done
Event: 9.290 Loading class java/util/stream/SliceOps$1$1
Event: 9.291 Loading class java/util/stream/SliceOps$1$1 done
Event: 10.103 Loading class java/util/concurrent/CompletableFuture$AsyncRun
Event: 10.103 Loading class java/util/concurrent/CompletableFuture$AsyncRun done
Event: 10.140 Loading class java/util/concurrent/ConcurrentLinkedQueue$Itr
Event: 10.140 Loading class java/util/concurrent/ConcurrentLinkedQueue$Itr done
Event: 16.082 Loading class java/util/EnumMap$EntrySet
Event: 16.082 Loading class java/util/EnumMap$EntrySet done
Event: 16.082 Loading class java/util/EnumMap$EntryIterator
Event: 16.083 Loading class java/util/EnumMap$EnumMapIterator
Event: 16.083 Loading class java/util/EnumMap$EnumMapIterator done
Event: 16.083 Loading class java/util/EnumMap$EntryIterator done
Event: 16.083 Loading class java/util/EnumMap$EntryIterator$Entry
Event: 16.083 Loading class java/util/EnumMap$EntryIterator$Entry done
Event: 18.549 Loading class java/util/function/IntBinaryOperator
Event: 18.549 Loading class java/util/function/IntBinaryOperator done

Classes unloaded (0 events):
No events

Classes redefined (0 events):
No events

Internal exceptions (20 events):
Event: 13.127 Thread 0x0000023877a77c70 Exception <a 'java/lang/NoSuchMethodError'{0x000000070b6e9e30}: 'java.lang.Object java.lang.invoke.DirectMethodHandle$Holder.invokeStatic(java.lang.Object, java.lang.Object, int, java.lang.Object)'> (0x000000070b6e9e30) 
thrown [s\open\src\hotspot\share\interpreter\linkResolver.cpp, line 773]
Event: 13.128 Thread 0x0000023877a77c70 Exception <a 'java/lang/NoSuchMethodError'{0x000000070b6f0a98}: 'java.lang.Object java.lang.invoke.DirectMethodHandle$Holder.newInvokeSpecial(java.lang.Object, java.lang.Object, int, java.lang.Object)'> (0x000000070b6f0a98) 
thrown [s\open\src\hotspot\share\interpreter\linkResolver.cpp, line 773]
Event: 13.128 Thread 0x0000023877a77c70 Exception <a 'java/lang/NoSuchMethodError'{0x000000070b6f4628}: 'java.lang.Object java.lang.invoke.DirectMethodHandle$Holder.invokeSpecial(java.lang.Object, java.lang.Object, java.lang.Object, int, java.lang.Object)'> (0x000000070b6f4628) 
thrown [s\open\src\hotspot\share\interpreter\linkResolver.cpp, line 773]
Event: 13.128 Thread 0x0000023877a77c70 Exception <a 'java/lang/NoSuchMethodError'{0x000000070b6f7d90}: 'java.lang.Object java.lang.invoke.Invokers$Holder.linkToTargetMethod(java.lang.Object, int, java.lang.Object, java.lang.Object)'> (0x000000070b6f7d90) 
thrown [s\open\src\hotspot\share\interpreter\linkResolver.cpp, line 773]
Event: 16.287 Thread 0x0000023877a77c70 Exception <a 'java/lang/NoSuchMethodError'{0x00000007104296a8}: 'java.lang.Object java.lang.invoke.DirectMethodHandle$Holder.newInvokeSpecial(java.lang.Object, java.lang.Object, java.lang.Object, java.lang.Object, int, int)'> (0x00000007104296a8) 
thrown [s\open\src\hotspot\share\interpreter\linkResolver.cpp, line 773]
Event: 17.833 Thread 0x0000023877a77c70 Implicit null exception at 0x000002385a0e5bd0 to 0x000002385a0e5ca4
Event: 17.843 Thread 0x0000023877a77c70 Implicit null exception at 0x000002385a0a19c0 to 0x000002385a0a1a54
Event: 17.911 Thread 0x0000023877a77c70 Exception <a 'java/lang/NoSuchMethodError'{0x0000000713853890}: 'java.lang.Object java.lang.invoke.DirectMethodHandle$Holder.invokeStatic(java.lang.Object, int, java.lang.Object, java.lang.Object)'> (0x0000000713853890) 
thrown [s\open\src\hotspot\share\interpreter\linkResolver.cpp, line 773]
Event: 17.911 Thread 0x0000023877a77c70 Exception <a 'java/lang/NoSuchMethodError'{0x000000071385aa38}: 'java.lang.Object java.lang.invoke.DirectMethodHandle$Holder.newInvokeSpecial(java.lang.Object, int, java.lang.Object)'> (0x000000071385aa38) 
thrown [s\open\src\hotspot\share\interpreter\linkResolver.cpp, line 773]
Event: 18.551 Thread 0x0000023877a77c70 Exception <a 'java/lang/IncompatibleClassChangeError'{0x00000007105dbf88}: Found class java.lang.Object, but interface was expected> (0x00000007105dbf88) 
thrown [s\open\src\hotspot\share\interpreter\linkResolver.cpp, line 840]
Event: 18.552 Thread 0x0000023877a77c70 Exception <a 'java/lang/NoSuchMethodError'{0x00000007105dee60}: 'int java.lang.invoke.DirectMethodHandle$Holder.invokeSpecialIFC(java.lang.Object, java.lang.Object, java.lang.Object)'> (0x00000007105dee60) 
thrown [s\open\src\hotspot\share\interpreter\linkResolver.cpp, line 773]
Event: 24.487 Thread 0x0000023877a77c70 Exception <a 'java/lang/NoSuchMethodError'{0x0000000716014c68}: 'java.lang.Object java.lang.invoke.DirectMethodHandle$Holder.invokeStatic(java.lang.Object, java.lang.Object, java.lang.Object, java.lang.Object, java.lang.Object, int, java.lang.Object)'> (0x0000000716014c68) 
thrown [s\open\src\hotspot\share\interpreter\linkResolver.cpp, line 773]
Event: 24.487 Thread 0x0000023877a77c70 Exception <a 'java/lang/NoSuchMethodError'{0x000000071601de60}: 'java.lang.Object java.lang.invoke.DirectMethodHandle$Holder.newInvokeSpecial(java.lang.Object, java.lang.Object, java.lang.Object, java.lang.Object, java.lang.Object, int, java.lang.Object)'> (0x000000071601de60) 
thrown [s\open\src\hotspot\share\interpreter\linkResolver.cpp, line 773]
Event: 24.488 Thread 0x0000023877a77c70 Exception <a 'java/lang/NoSuchMethodError'{0x0000000716022038}: 'java.lang.Object java.lang.invoke.DirectMethodHandle$Holder.invokeSpecial(java.lang.Object, java.lang.Object, java.lang.Object, java.lang.Object, java.lang.Object, java.lang.Object, int, java.lang.Object)'> (0x0000000716022038) 
thrown [s\open\src\hotspot\share\interpreter\linkResolver.cpp, line 773]
Event: 24.488 Thread 0x0000023877a77c70 Exception <a 'java/lang/NoSuchMethodError'{0x0000000716025be0}: 'java.lang.Object java.lang.invoke.Invokers$Holder.linkToTargetMethod(java.lang.Object, java.lang.Object, java.lang.Object, java.lang.Object, int, java.lang.Object, java.lang.Object)'> (0x0000000716025be0) 
thrown [s\open\src\hotspot\share\interpreter\linkResolver.cpp, line 773]
Event: 26.446 Thread 0x0000023877a77c70 Exception <a 'java/lang/NoSuchMethodError'{0x0000000716c445b8}: 'java.lang.Object java.lang.invoke.DirectMethodHandle$Holder.invokeStatic(java.lang.Object, java.lang.Object, java.lang.Object, java.lang.Object, java.lang.Object, java.lang.Object, java.lang.Object, java.lang.Object, int)'> (0x0000000716c445b8) 
thrown [s\open\src\hotspot\share\interpreter\linkResolver.cpp, line 773]
Event: 26.447 Thread 0x0000023877a77c70 Exception <a 'java/lang/NoSuchMethodError'{0x0000000716c4ebf0}: 'java.lang.Object java.lang.invoke.DirectMethodHandle$Holder.newInvokeSpecial(java.lang.Object, java.lang.Object, java.lang.Object, java.lang.Object, java.lang.Object, java.lang.Object, java.lang.Object, java.lang.Object, int)'> (0x0000000716c4ebf0) 
thrown [s\open\src\hotspot\share\interpreter\linkResolver.cpp, line 773]
Event: 26.447 Thread 0x0000023877a77c70 Exception <a 'java/lang/NoSuchMethodError'{0x0000000716c53848}: 'java.lang.Object java.lang.invoke.DirectMethodHandle$Holder.invokeSpecial(java.lang.Object, java.lang.Object, java.lang.Object, java.lang.Object, java.lang.Object, java.lang.Object, java.lang.Object, java.lang.Object, java.lang.Object, int)'> (0x0000000716c53848) 
thrown [s\open\src\hotspot\share\interpreter\linkResolver.cpp, line 773]
Event: 26.447 Thread 0x0000023877a77c70 Exception <a 'java/lang/NoSuchMethodError'{0x0000000716c57fd8}: 'java.lang.Object java.lang.invoke.Invokers$Holder.linkToTargetMethod(java.lang.Object, java.lang.Object, java.lang.Object, java.lang.Object, java.lang.Object, java.lang.Object, java.lang.Object, int, java.lang.Object)'> (0x0000000716c57fd8) 
thrown [s\open\src\hotspot\share\interpreter\linkResolver.cpp, line 773]
Event: 27.210 Thread 0x0000023877a77c70 Implicit null exception at 0x000002385a47aee7 to 0x000002385a47bb20

ZGC Phase Switch (0 events):
No events

VM Operations (20 events):
Event: 26.585 Executing VM operation: ICBufferFull done
Event: 26.715 Executing VM operation: HandshakeAllThreads (Deoptimize)
Event: 26.716 Executing VM operation: HandshakeAllThreads (Deoptimize) done
Event: 26.792 Executing VM operation: ICBufferFull
Event: 26.793 Executing VM operation: ICBufferFull done
Event: 27.211 Executing VM operation: ICBufferFull
Event: 27.211 Executing VM operation: ICBufferFull done
Event: 27.443 Executing VM operation: HandshakeAllThreads (Deoptimize)
Event: 27.443 Executing VM operation: HandshakeAllThreads (Deoptimize) done
Event: 27.485 Executing VM operation: ICBufferFull
Event: 27.485 Executing VM operation: ICBufferFull done
Event: 27.570 Executing VM operation: ICBufferFull
Event: 27.570 Executing VM operation: ICBufferFull done
Event: 27.636 Executing VM operation: G1CollectForAllocation (G1 Evacuation Pause)
Event: 27.658 Executing VM operation: G1CollectForAllocation (G1 Evacuation Pause) done
Event: 27.720 Executing VM operation: G1TryInitiateConcMark (G1 Humongous Allocation)
Event: 27.728 Executing VM operation: G1TryInitiateConcMark (G1 Humongous Allocation) done
Event: 28.051 Executing VM operation: ICBufferFull
Event: 28.051 Executing VM operation: ICBufferFull done
Event: 28.107 Executing VM operation: G1PauseRemark

Events (20 events):
Event: 28.134 Thread 0x0000023868d97810 flushing nmethod 0x000002385336b710
Event: 28.134 Thread 0x0000023868d97810 flushing nmethod 0x0000023853402110
Event: 28.134 Thread 0x0000023868d97810 flushing nmethod 0x00000238534fde90
Event: 28.134 Thread 0x0000023868d97810 flushing nmethod 0x0000023853503b10
Event: 28.134 Thread 0x0000023868d97810 flushing nmethod 0x0000023853504210
Event: 28.134 Thread 0x0000023868d97810 flushing nmethod 0x0000023853505d10
Event: 28.134 Thread 0x0000023868d97810 flushing nmethod 0x000002385350b390
Event: 28.134 Thread 0x0000023868d97810 flushing nmethod 0x0000023853547110
Event: 28.134 Thread 0x0000023868d97810 flushing nmethod 0x000002385354ab90
Event: 28.134 Thread 0x0000023868d97810 flushing nmethod 0x000002385362cf90
Event: 28.134 Thread 0x0000023868d97810 flushing nmethod 0x0000023853700c90
Event: 28.134 Thread 0x0000023868d97810 flushing nmethod 0x0000023853701990
Event: 28.134 Thread 0x0000023868d97810 flushing nmethod 0x0000023853b06f10
Event: 28.134 Thread 0x0000023868d97810 flushing nmethod 0x0000023853b77e90
Event: 28.134 Thread 0x0000023868d97810 flushing nmethod 0x0000023853b9bb10
Event: 28.134 Thread 0x0000023868d97810 flushing nmethod 0x0000023853bbb210
Event: 28.134 Thread 0x0000023868d97810 flushing nmethod 0x0000023853c35390
Event: 28.134 Thread 0x0000023868d97810 flushing nmethod 0x0000023853e55610
Event: 28.134 Thread 0x0000023868d97810 flushing nmethod 0x0000023853e69190
Event: 28.134 Thread 0x0000023868d97810 flushing nmethod 0x0000023853e6f090


Dynamic libraries:
0x00007ff69ea20000 - 0x00007ff69ea30000 	C:\Program Files\Java\jdk-21\bin\java.exe
0x00007ffbb1710000 - 0x00007ffbb1908000 	C:\Windows\SYSTEM32\ntdll.dll
0x00007ffbb1130000 - 0x00007ffbb11ed000 	C:\Windows\System32\KERNEL32.DLL
0x00007ffbaef50000 - 0x00007ffbaf246000 	C:\Windows\System32\KERNELBASE.dll
0x00007ffbaf640000 - 0x00007ffbaf740000 	C:\Windows\System32\ucrtbase.dll
0x00007ffb927a0000 - 0x00007ffb927b9000 	C:\Program Files\Java\jdk-21\bin\jli.dll
0x00007ffb92760000 - 0x00007ffb9277b000 	C:\Program Files\Java\jdk-21\bin\VCRUNTIME140.dll
0x00007ffbafd30000 - 0x00007ffbafde0000 	C:\Windows\System32\ADVAPI32.dll
0x00007ffbb11f0000 - 0x00007ffbb128e000 	C:\Windows\System32\msvcrt.dll
0x00007ffbafab0000 - 0x00007ffbafb50000 	C:\Windows\System32\sechost.dll
0x00007ffbaf7d0000 - 0x00007ffbaf8f3000 	C:\Windows\System32\RPCRT4.dll
0x00007ffbaf450000 - 0x00007ffbaf477000 	C:\Windows\System32\bcrypt.dll
0x00007ffbaf910000 - 0x00007ffbafaaf000 	C:\Windows\System32\USER32.dll
0x00007ffbaf610000 - 0x00007ffbaf632000 	C:\Windows\System32\win32u.dll
0x00007ffbafde0000 - 0x00007ffbafe0b000 	C:\Windows\System32\GDI32.dll
0x00007ffbaf4f0000 - 0x00007ffbaf607000 	C:\Windows\System32\gdi32full.dll
0x00007ffbaf3b0000 - 0x00007ffbaf44d000 	C:\Windows\System32\msvcp_win.dll
0x00007ffba2820000 - 0x00007ffba2aba000 	C:\Windows\WinSxS\amd64_microsoft.windows.common-controls_6595b64144ccf1df_6.0.19041.4355_none_60b8b9eb71f62e16\COMCTL32.dll
0x00007ffba91b0000 - 0x00007ffba91ba000 	C:\Windows\SYSTEM32\VERSION.dll
0x00007ffbb1670000 - 0x00007ffbb16a2000 	C:\Windows\System32\IMM32.DLL
0x00007ffb92750000 - 0x00007ffb9275c000 	C:\Program Files\Java\jdk-21\bin\vcruntime140_1.dll
0x00007ffb926c0000 - 0x00007ffb9274e000 	C:\Program Files\Java\jdk-21\bin\msvcp140.dll
0x00007ffb603d0000 - 0x00007ffb610ed000 	C:\Program Files\Java\jdk-21\bin\server\jvm.dll
0x00007ffbafc00000 - 0x00007ffbafc6b000 	C:\Windows\System32\WS2_32.dll
0x00007ffbaec10000 - 0x00007ffbaec5b000 	C:\Windows\SYSTEM32\POWRPROF.dll
0x00007ffba33f0000 - 0x00007ffba3417000 	C:\Windows\SYSTEM32\WINMM.dll
0x00007ffbaebf0000 - 0x00007ffbaec02000 	C:\Windows\SYSTEM32\UMPDC.dll
0x00007ffbacc20000 - 0x00007ffbacc32000 	C:\Windows\SYSTEM32\kernel.appcore.dll
0x00007ffb926b0000 - 0x00007ffb926ba000 	C:\Program Files\Java\jdk-21\bin\jimage.dll
0x00007ffba87a0000 - 0x00007ffba8984000 	C:\Windows\SYSTEM32\DBGHELP.DLL
0x00007ffb9f430000 - 0x00007ffb9f464000 	C:\Windows\SYSTEM32\dbgcore.DLL
0x00007ffbaedc0000 - 0x00007ffbaee42000 	C:\Windows\System32\bcryptPrimitives.dll
0x00007ffb92690000 - 0x00007ffb926af000 	C:\Program Files\Java\jdk-21\bin\java.dll
0x00007ffbaff00000 - 0x00007ffbb066b000 	C:\Windows\System32\SHELL32.dll
0x00007ffbace20000 - 0x00007ffbad5bd000 	C:\Windows\SYSTEM32\windows.storage.dll
0x00007ffbb1310000 - 0x00007ffbb1663000 	C:\Windows\System32\combase.dll
0x00007ffbae630000 - 0x00007ffbae65e000 	C:\Windows\SYSTEM32\Wldp.dll
0x00007ffbb0720000 - 0x00007ffbb07ed000 	C:\Windows\System32\OLEAUT32.dll
0x00007ffbafb50000 - 0x00007ffbafbfd000 	C:\Windows\System32\SHCORE.dll
0x00007ffbb0df0000 - 0x00007ffbb0e45000 	C:\Windows\System32\shlwapi.dll
0x00007ffbaecf0000 - 0x00007ffbaed14000 	C:\Windows\SYSTEM32\profapi.dll
0x00007ffb925a0000 - 0x00007ffb92677000 	C:\Program Files\Java\jdk-21\bin\jsvml.dll
0x00007ffb92590000 - 0x00007ffb925a0000 	C:\Program Files\Java\jdk-21\bin\net.dll
0x00007ffba81f0000 - 0x00007ffba82fa000 	C:\Windows\SYSTEM32\WINHTTP.dll
0x00007ffbae410000 - 0x00007ffbae47a000 	C:\Windows\system32\mswsock.dll
0x00007ffb92570000 - 0x00007ffb92586000 	C:\Program Files\Java\jdk-21\bin\nio.dll
0x00007ffb91ae0000 - 0x00007ffb91af8000 	C:\Program Files\Java\jdk-21\bin\zip.dll
0x00007ffbae670000 - 0x00007ffbae688000 	C:\Windows\SYSTEM32\CRYPTSP.dll
0x00007ffbadd50000 - 0x00007ffbadd84000 	C:\Windows\system32\rsaenh.dll
0x00007ffbaeca0000 - 0x00007ffbaecce000 	C:\Windows\SYSTEM32\USERENV.dll
0x00007ffbae5a0000 - 0x00007ffbae5ac000 	C:\Windows\SYSTEM32\CRYPTBASE.dll
0x00007ffbae110000 - 0x00007ffbae14b000 	C:\Windows\SYSTEM32\IPHLPAPI.DLL
0x00007ffbaf900000 - 0x00007ffbaf908000 	C:\Windows\System32\NSI.dll
0x00007ffb92560000 - 0x00007ffb92570000 	C:\Program Files\Java\jdk-21\bin\verify.dll
0x00007ffb95920000 - 0x00007ffb95a09000 	C:\Users\Usuario\AppData\Local\Temp\sqlite-3.41.2.1-05d4623d-6b0c-44c6-9950-132f0e10fc7f-sqlitejdbc.dll

dbghelp: loaded successfully - version: 4.0.5 - missing functions: none
symbol engine: initialized successfully - sym options: 0x614 - pdb path: .;C:\Program Files\Java\jdk-21\bin;C:\Windows\SYSTEM32;C:\Windows\WinSxS\amd64_microsoft.windows.common-controls_6595b64144ccf1df_6.0.19041.4355_none_60b8b9eb71f62e16;C:\Program Files\Java\jdk-21\bin\server;C:\Users\Usuario\AppData\Local\Temp

VM Arguments:
jvm_args: -DkotlinLanguageServer.version=1.3.13 
java_command: org.javacs.kt.MainKt
java_class_path (initial): c:\Users\Usuario\AppData\Roaming\Code\User\globalStorage\fwcd.kotlin\langServerInstall\server\lib\server-1.3.13.jar;c:\Users\Usuario\AppData\Roaming\Code\User\globalStorage\fwcd.kotlin\langServerInstall\server\lib\shared-1.3.13.jar;c:\Users\Usuario\AppData\Roaming\Code\User\globalStorage\fwcd.kotlin\langServerInstall\server\lib\kotlin-scripting-jvm-host-unshaded-2.1.0.jar;c:\Users\Usuario\AppData\Roaming\Code\User\globalStorage\fwcd.kotlin\langServerInstall\server\lib\kotlin-scripting-compiler-2.1.0.jar;c:\Users\Usuario\AppData\Roaming\Code\User\globalStorage\fwcd.kotlin\langServerInstall\server\lib\ktfmt-b5d31d1.jar;c:\Users\Usuario\AppData\Roaming\Code\User\globalStorage\fwcd.kotlin\langServerInstall\server\lib\kotlin-compiler-2.1.0.jar;c:\Users\Usuario\AppData\Roaming\Code\User\globalStorage\fwcd.kotlin\langServerInstall\server\lib\exposed-dao-0.37.3.jar;c:\Users\Usuario\AppData\Roaming\Code\User\globalStorage\fwcd.kotlin\langServerInstall\server\lib\exposed-jdbc-0.37.3.jar;c:\Users\Usuario\AppData\Roaming\Code\User\globalStorage\fwcd.kotlin\langServerInstall\server\lib\exposed-core-0.37.3.jar;c:\Users\Usuario\AppData\Roaming\Code\User\globalStorage\fwcd.kotlin\langServerInstall\server\lib\kotlin-scripting-compiler-impl-2.1.0.jar;c:\Users\Usuario\AppData\Roaming\Code\User\globalStorage\fwcd.kotlin\langServerInstall\server\lib\kotlin-reflect-2.1.0.jar;c:\Users\Usuario\AppData\Roaming\Code\User\globalStorage\fwcd.kotlin\langServerInstall\server\lib\kotlin-scripting-jvm-2.1.0.jar;c:\Users\Usuario\AppData\Roaming\Code\User\globalStorage\fwcd.kotlin\langServerInstall\server\lib\kotlin-scripting-common-2.1.0.jar;c:\Users\Usuario\AppData\Roaming\Code\User\globalStorage\fwcd.kotlin\langServerInstall\server\lib\kotlinx-coroutines-core-jvm-1.6.4.jar;c:\Users\Usuario\AppData\Roaming\Code\User\globalStorage\fwcd.kotlin\langServerInstall\server\lib\kotlin-stdlib-jdk8-2.1.0.jar;c:\Users\Usuario\AppData\Roaming\Code\User\globalStorage\fwcd.kotlin\langServerInstall\server\lib\kotlin-stdlib-jdk7-2.1.0.jar;c:\Users\Usuario\AppData\Roaming\Code\User\globalStorage\fwcd.kotlin\langServerInstall\server\lib\kotlin-stdlib-2.1.0.jar;c:\Users\Usuario\AppData\Roaming\Code\User\globalStorage\fwcd.kotlin\langServerInstall\server\lib\org.eclipse.lsp4j-0.21.2.jar;c:\Users\Usuario\AppData\Roaming\Code\User\globalStorage\fwcd.kotlin\langServerInstall\server\lib\org.eclipse.lsp4j.jsonrpc-0.21.2.jar;c:\Users\Usuario\AppData\Roaming\Code\User\globalStorage\fwcd.kotlin\langServerInstall\server\lib\kotlin-sam-with-receiver-compiler-plugin-2.1.0.jar;c:\Users\Usuario\AppData\Roaming\Code\User\globalStorage\fwcd.kotlin\langServerInstall\server\lib\fernflower-1.0.jar;c:\Users\Usuario\AppData\Roaming\Code\User\globalStorage\fwcd.kotlin\langServerInstall\server\lib\h2-1.4.200.jar;c:\Users\Usuario\AppData\Roaming\Code\User\globalStorage\fwcd.kotlin\langServerInstall\server\lib\jcommander-1.78.jar;c:\Users\Usuario\AppData\Roaming\Code\User\globalStorage\fwcd.kotlin\langServerInstall\server\lib\sqlite-jdbc-3.41.2.1.jar;c:\Users\Usuario\AppData\Roaming\Code\User\globalStorage\fwcd.kotlin\langServerInstall\server\lib\google-java-format-1.8.jar;c:\Users\Usuario\AppData\Roaming\Code\User\globalStorage\fwcd.kotlin\langServerInstall\server\lib\guava-33.3.0-jre.jar;c:\Users\Usuario\AppData\Roaming\Code\User\globalStorage\fwcd.kotlin\langServerInstall\server\lib\annotations-13.0.jar;c:\Users\Usuario\AppData\Roaming\Code\User\globalStorage\fwcd.kotlin\langServerInstall\server\lib\gson-2.10.1.jar;c:\Users\Usuario\AppData\Roaming\Code\User\globalStorage\fwcd.kotlin\langServerInstall\server\lib\kotlin-script-runtime-2.1.0.jar;c:\Users\Usuario\AppData\Roaming\Code\User\globalStorage\fwcd.kotlin\langServerInstall\server\lib\trove4j-1.0.20200330.jar;c:\Users\Usuario\AppData\Roaming\Code\User\globalStorage\fwcd.kotlin\langServerInstall\server\lib\jline-3.24.1.jar;c:\Users\Usuario\AppData\Roaming\Code\User\globalStorage\fwcd.kotlin\langServerInstall\server\lib\slf4j-api-1.7.25.jar;c:\Users\Usuario\AppData\Roaming\Code\User\globalStorage\fwcd.kotlin\langServerInstall\server\lib\jna-4.2.2.jar;c:\Users\Usuario\AppData\Roaming\Code\User\globalStorage\fwcd.kotlin\langServerInstall\server\lib\failureaccess-1.0.2.jar;c:\Users\Usuario\AppData\Roaming\Code\User\globalStorage\fwcd.kotlin\langServerInstall\server\lib\listenablefuture-9999.0-empty-to-avoid-conflict-with-guava.jar;c:\Users\Usuario\AppData\Roaming\Code\User\globalStorage\fwcd.kotlin\langServerInstall\server\lib\jsr305-3.0.2.jar;c:\Users\Usuario\AppData\Roaming\Code\User\globalStorage\fwcd.kotlin\langServerInstall\server\lib\checker-qual-3.43.0.jar;c:\Users\Usuario\AppData\Roaming\Code\User\globalStorage\fwcd.kotlin\langServerInstall\server\lib\error_prone_annotations-2.28.0.jar
Launcher Type: SUN_STANDARD

[Global flags]
     intx CICompilerCount                          = 3                                         {product} {ergonomic}
     uint ConcGCThreads                            = 1                                         {product} {ergonomic}
     uint G1ConcRefinementThreads                  = 4                                         {product} {ergonomic}
   size_t G1HeapRegionSize                         = 2097152                                   {product} {ergonomic}
    uintx GCDrainStackTargetSize                   = 64                                        {product} {ergonomic}
   size_t InitialHeapSize                          = 268435456                                 {product} {ergonomic}
   size_t MarkStackSize                            = 4194304                                   {product} {ergonomic}
   size_t MaxHeapSize                              = 4286578688                                {product} {ergonomic}
   size_t MaxNewSize                               = 2571108352                                {product} {ergonomic}
   size_t MinHeapDeltaBytes                        = 2097152                                   {product} {ergonomic}
   size_t MinHeapSize                              = 8388608                                   {product} {ergonomic}
    uintx NonNMethodCodeHeapSize                   = 5832780                                {pd product} {ergonomic}
    uintx NonProfiledCodeHeapSize                  = 122912730                              {pd product} {ergonomic}
    uintx ProfiledCodeHeapSize                     = 122912730                              {pd product} {ergonomic}
    uintx ReservedCodeCacheSize                    = 251658240                              {pd product} {ergonomic}
     bool SegmentedCodeCache                       = true                                      {product} {ergonomic}
   size_t SoftMaxHeapSize                          = 4286578688                             {manageable} {ergonomic}
     bool UseCompressedOops                        = true                           {product lp64_product} {ergonomic}
     bool UseG1GC                                  = true                                      {product} {ergonomic}
     bool UseLargePagesIndividualAllocation        = false                                  {pd product} {ergonomic}

Logging:
Log output configuration:
 #0: stdout all=warning uptime,level,tags foldmultilines=false
 #1: stderr all=off uptime,level,tags foldmultilines=false

Environment Variables:
CLASSPATH=c:\Users\Usuario\AppData\Roaming\Code\User\globalStorage\fwcd.kotlin\langServerInstall\server\lib\server-1.3.13.jar;c:\Users\Usuario\AppData\Roaming\Code\User\globalStorage\fwcd.kotlin\langServerInstall\server\lib\shared-1.3.13.jar;c:\Users\Usuario\AppData\Roaming\Code\User\globalStorage\fwcd.kotlin\langServerInstall\server\lib\kotlin-scripting-jvm-host-unshaded-2.1.0.jar;c:\Users\Usuario\AppData\Roaming\Code\User\globalStorage\fwcd.kotlin\langServerInstall\server\lib\kotlin-scripting-compiler-2.1.0.jar;c:\Users\Usuario\AppData\Roaming\Code\User\globalStorage\fwcd.kotlin\langServerInstall\server\lib\ktfmt-b5d31d1.jar;c:\Users\Usuario\AppData\Roaming\Code\User\globalStorage\fwcd.kotlin\langServerInstall\server\lib\kotlin-compiler-2.1.0.jar;c:\Users\Usuario\AppData\Roaming\Code\User\globalStorage\fwcd.kotlin\langServerInstall\server\lib\exposed-dao-0.37.3.jar;c:\Users\Usuario\AppData\Roaming\Code\User\globalStorage\fwcd.kotlin\langServerInstall\server\lib\exposed-jdbc-0.37.3.jar;c:\Users\Usuario\AppData\Roaming\Code\User\globalStorage\fwcd.kotlin\langServerInstall\server\lib\exposed-core-0.37.3.jar;c:\Users\Usuario\AppData\Roaming\Code\User\globalStorage\fwcd.kotlin\langServerInstall\server\lib\kotlin-scripting-compiler-impl-2.1.0.jar;c:\Users\Usuario\AppData\Roaming\Code\User\globalStorage\fwcd.kotlin\langServerInstall\server\lib\kotlin-reflect-2.1.0.jar;c:\Users\Usuario\AppData\Roaming\Code\User\globalStorage\fwcd.kotlin\langServerInstall\server\lib\kotlin-scripting-jvm-2.1.0.jar;c:\Users\Usuario\AppData\Roaming\Code\User\globalStorage\fwcd.kotlin\langServerInstall\server\lib\kotlin-scripting-common-2.1.0.jar;c:\Users\Usuario\AppData\Roaming\Code\User\globalStorage\fwcd.kotlin\langServerInstall\server\lib\kotlinx-coroutines-core-jvm-1.6.4.jar;c:\Users\Usuario\AppData\Roaming\Code\User\globalStorage\fwcd.kotlin\langServerInstall\server\lib\kotlin-stdlib-jdk8-2.1.0.jar;c:\Users\Usuario\AppData\Roaming\Code\User\globalStorage\fwcd.kotlin\langServerInstall\server\lib\kotlin-stdlib-jdk7-2.1.0.jar;c:\Users\Usuario\AppData\Roaming\Code\User\globalStorage\fwcd.kotlin\langServerInstall\server\lib\kotlin-stdlib-2.1.0.jar;c:\Users\Usuario\AppData\Roaming\Code\User\globalStorage\fwcd.kotlin\langServerInstall\server\lib\org.eclipse.lsp4j-0.21.2.jar;c:\Users\Usuario\AppData\Roaming\Code\User\globalStorage\fwcd.kotlin\langServerInstall\server\lib\org.eclipse.lsp4j.jsonrpc-0.21.2.jar;c:\Users\Usuario\AppData\Roaming\Code\User\globalStorage\fwcd.kotlin\langServerInstall\server\lib\kotlin-sam-with-receiver-compiler-plugin-2.1.0.jar;c:\Users\Usuario\AppData\Roaming\Code\User\globalStorage\fwcd.kotlin\langServerInstall\server\lib\fernflower-1.0.jar;c:\Users\Usuario\AppData\Roaming\Code\User\globalStorage\fwcd.kotlin\langServerInstall\server\lib\h2-1.4.200.jar;c:\Users\Usuario\AppData\Roaming\Code\User\globalStorage\fwcd.kotlin\langServerInstall\server\lib\jcommander-1.78.jar;c:\Users\Usuario\AppData\Roaming\Code\User\globalStorage\fwcd.kotlin\langServerInstall\server\lib\sqlite-jdbc-3.41.2.1.jar;c:\Users\Usuario\AppData\Roaming\Code\User\globalStorage\fwcd.kotlin\langServerInstall\server\lib\google-java-format-1.8.jar;c:\Users\Usuario\AppData\Roaming\Code\User\globalStorage\fwcd.kotlin\langServerInstall\server\lib\guava-33.3.0-jre.jar;c:\Users\Usuario\AppData\Roaming\Code\User\globalStorage\fwcd.kotlin\langServerInstall\server\lib\annotations-13.0.jar;c:\Users\Usuario\AppData\Roaming\Code\User\globalStorage\fwcd.kotlin\langServerInstall\server\lib\gson-2.10.1.jar;c:\Users\Usuario\AppData\Roaming\Code\User\globalStorage\fwcd.kotlin\langServerInstall\server\lib\kotlin-script-runtime-2.1.0.jar;c:\Users\Usuario\AppData\Roaming\Code\User\globalStorage\fwcd.kotlin\langServerInstall\server\lib\trove4j-1.0.20200330.jar;c:\Users\Usuario\AppData\Roaming\Code\User\globalStorage\fwcd.kotlin\langServerInstall\server\lib\jline-3.24.1.jar;c:\Users\Usuario\AppData\Roaming\Code\User\globalStorage\fwcd.kotlin\langServerInstall\server\lib\slf4j-api-1.7.25.jar;c:\Users\Usuario\AppData\Roaming\Code\User\globalStorage\fwcd.kotlin\langServerInstall\server\lib\jna-4.2.2.jar;c:\Users\Usuario\AppData\Roaming\Code\User\globalStorage\fwcd.kotlin\langServerInstall\server\lib\failureaccess-1.0.2.jar;c:\Users\Usuario\AppData\Roaming\Code\User\globalStorage\fwcd.kotlin\langServerInstall\server\lib\listenablefuture-9999.0-empty-to-avoid-conflict-with-guava.jar;c:\Users\Usuario\AppData\Roaming\Code\User\globalStorage\fwcd.kotlin\langServerInstall\server\lib\jsr305-3.0.2.jar;c:\Users\Usuario\AppData\Roaming\Code\User\globalStorage\fwcd.kotlin\langServerInstall\server\lib\checker-qual-3.43.0.jar;c:\Users\Usuario\AppData\Roaming\Code\User\globalStorage\fwcd.kotlin\langServerInstall\server\lib\error_prone_annotations-2.28.0.jar
PATH=C:\Users\Usuario\AppData\Local\Programs\Microsoft VS Code;C:\Program Files\Common Files\Oracle\Java\javapath;C:\Program Files\Java\jre-1.8\bin;C:\Program Files (x86)\Common Files\Oracle\Java\java8path;C:\Program Files (x86)\Common Files\Oracle\Java\javapath;C:\Windows\system32;C:\Windows;C:\Windows\System32\Wbem;C:\Windows\System32\WindowsPowerShell\v1.0\;C:\Windows\System32\OpenSSH\;C:\Program Files\Git\cmd;C:\Users\Usuario\AppData\Roaming\nvm;C:\Program Files\nodejs;C:\Program Files\dotnet\;C:\Program Files;C:\Users\Usuario\AppData\Local\Programs\Python\Launcher\;C:\Users\Usuario\AppData\Local\Microsoft\WindowsApps;C:\Users\Usuario\AppData\Roaming\npm;C:\Users\Usuario\.fly\bin;C:\Users\Usuario\AppData\Local\Programs\oh-my-posh\bin;C:\Users\Usuario\AppData\Roaming\nvm;C:\Program Files\nodejs;C:\Program Files\Maven\apache-maven-3.9.9\bin;C:\Users\Usuario\AppData\Local\Programs\Microsoft VS Code\bin;C:\Users\Usuario\AppData\Local\Microsoft\WinGet\Packages\GitHub.Copilot_Microsoft.Winget.Source_8wekyb3d8bbwe;
USERNAME=Usuario
OS=Windows_NT
PROCESSOR_IDENTIFIER=Intel64 Family 6 Model 58 Stepping 9, GenuineIntel
TMP=C:\Users\Usuario\AppData\Local\Temp
TEMP=C:\Users\Usuario\AppData\Local\Temp




Periodic native trim disabled

---------------  S Y S T E M  ---------------

OS:
 Windows 10 , 64 bit Build 19041 (10.0.19041.3636)
OS uptime: 0 days 1:09 hours
Hyper-V role detected

CPU: total 4 (initial active 4) (4 cores per cpu, 1 threads per core) family 6 model 58 stepping 9 microcode 0x21, cx8, cmov, fxsr, mmx, sse, sse2, sse3, ssse3, sse4.1, sse4.2, popcnt, tsc, tscinvbit, avx, aes, erms, clmul, vzeroupper, clflush, hv, rdtscp, f16c
Processor Information for all 4 processors :
  Max Mhz: 3400, Current Mhz: 3400, Mhz Limit: 3400

Memory: 4k page, system-wide physical 16348M (1483M free)
TotalPageFile size 20444M (AvailPageFile size 25M)
current process WorkingSet (physical memory assigned to process): 635M, peak: 648M
current process commit charge ("private bytes"): 667M, peak: 773M

vm_info: Java HotSpot(TM) 64-Bit Server VM (21.0.9+7-LTS-338) for windows-amd64 JRE (21.0.9+7-LTS-338), built on 2025-09-26T06:33:49Z by "mach5run" with MS VC++ 17.6 (VS2022)

END.
