#
# There is insufficient memory for the Java Runtime Environment to continue.
# Native memory allocation (malloc) failed to allocate 466592 bytes. Error detail: Chunk::new
# Possible reasons:
#   The system is out of physical RAM or swap space
#   This process is running with CompressedOops enabled, and the Java Heap may be blocking the growth of the native heap
# Possible solutions:
#   Reduce memory load on the system
#   Increase physical memory or swap space
#   Check if swap backing store is full
#   Decrease Java heap size (-Xmx/-Xms)
#   Decrease number of Java threads
#   Decrease Java thread stack sizes (-Xss)
#   Set larger code cache with -XX:ReservedCodeCacheSize=
#   JVM is running with Unscaled Compressed Oops mode in which the Java heap is
#     placed in the first 4GB address space. The Java Heap base address is the
#     maximum limit for the native heap growth. Please use -XX:HeapBaseMinAddress
#     to set the Java Heap base and to place the Java Heap above 4GB virtual address.
# This output file may be truncated or incomplete.
#
#  Out of Memory Error (arena.cpp:168), pid=14436, tid=13836
#
# JRE version: OpenJDK Runtime Environment Temurin-21.0.10+7 (21.0.10+7) (build 21.0.10+7-LTS)
# Java VM: OpenJDK 64-Bit Server VM Temurin-21.0.10+7 (21.0.10+7-LTS, mixed mode, sharing, tiered, compressed oops, compressed class ptrs, parallel gc, windows-amd64)
# No core dump will be written. Minidumps are not enabled by default on client versions of Windows
#

---------------  S U M M A R Y ------------

Command Line: --add-modules=ALL-SYSTEM --add-opens=java.base/java.util=ALL-UNNAMED --add-opens=java.base/java.lang=ALL-UNNAMED --add-opens=java.base/sun.nio.fs=ALL-UNNAMED -Declipse.application=org.eclipse.jdt.ls.core.id1 -Dosgi.bundles.defaultStartLevel=4 -Declipse.product=org.eclipse.jdt.ls.core.product -Djava.import.generatesMetadataFilesAtProjectRoot=false -DDetectVMInstallationsJob.disabled=true -Dfile.encoding=utf8 -XX:+UseParallelGC -XX:GCTimeRatio=4 -XX:AdaptiveSizePolicyWeight=90 -Dsun.zip.disableMemoryMapping=true -Xmx2G -Xms100m -Xlog:disable -javaagent:c:\Users\Usuario\.vscode\extensions\redhat.java-1.53.0-win32-x64\lombok\lombok-1.18.39-4050.jar -XX:+HeapDumpOnOutOfMemoryError -XX:HeapDumpPath=c:\Users\Usuario\AppData\Roaming\Code\User\workspaceStorage\f7725a79b689caac457f54df7d2f0319\redhat.java -Daether.dependencyCollector.impl=bf c:\Users\Usuario\.vscode\extensions\redhat.java-1.53.0-win32-x64\server\plugins\org.eclipse.equinox.launcher_1.7.100.v20251111-0406.jar -configuration c:\Users\Usuario\AppData\Roaming\Code\User\globalStorage\redhat.java\1.53.0\config_win -data c:\Users\Usuario\AppData\Roaming\Code\User\workspaceStorage\f7725a79b689caac457f54df7d2f0319\redhat.java\jdt_ws --pipe=\\.\pipe\lsp-f58d56645c2f632bfb38da31ccae58cf-sock

Host: Intel(R) Core(TM) i5-3570 CPU @ 3.40GHz, 4 cores, 15G,  Windows 10 , 64 bit Build 19041 (10.0.19041.3636)
Time: Tue Apr  7 21:09:38 2026 Hora oficial do Brasil elapsed time: 3.347665 seconds (0d 0h 0m 3s)

---------------  T H R E A D  ---------------

Current thread (0x000002051d4f2bb0):  JavaThread "C2 CompilerThread0" daemon [_thread_in_native, id=13836, stack(0x000000e463f00000,0x000000e464000000) (1024K)]


Current CompileTask:
C2:3347 1300       4       java.io.DataInputStream::readUTF (501 bytes)

Stack: [0x000000e463f00000,0x000000e464000000]
Native frames: (J=compiled Java code, j=interpreted, Vv=VM code, C=native code)
V  [jvm.dll+0x6d7a39]
V  [jvm.dll+0x8b4b26]
V  [jvm.dll+0x8b70de]
V  [jvm.dll+0x8b77c3]
V  [jvm.dll+0x284346]
V  [jvm.dll+0xc66ed]
V  [jvm.dll+0xc6c31]
V  [jvm.dll+0x3bec3b]
V  [jvm.dll+0x38b162]
V  [jvm.dll+0x38a5aa]
V  [jvm.dll+0x24c560]
V  [jvm.dll+0x24bb40]
V  [jvm.dll+0x1cb34e]
V  [jvm.dll+0x25b85d]
V  [jvm.dll+0x259dea]
V  [jvm.dll+0x3f857e]
V  [jvm.dll+0x85f59d]
V  [jvm.dll+0x6d626d]
C  [ucrtbase.dll+0x21bb2]
C  [KERNEL32.DLL+0x17344]
C  [ntdll.dll+0x526b1]


---------------  P R O C E S S  ---------------

Threads class SMR info:
_java_thread_list=0x000002055f596800, length=12, elements={
0x00000205048e39c0, 0x000002051d4e92b0, 0x000002051d4eab20, 0x000002051d4ec6b0,
0x000002051d4ed5d0, 0x000002051d4f0300, 0x000002051d4f1d70, 0x000002051d4f2bb0,
0x000002051d563c20, 0x000002055f3ac860, 0x000002055f48bee0, 0x000002055f70e400
}

Java Threads: ( => current thread )
  0x00000205048e39c0 JavaThread "main"                              [_thread_in_vm, id=3240, stack(0x000000e463500000,0x000000e463600000) (1024K)]
  0x000002051d4e92b0 JavaThread "Reference Handler"          daemon [_thread_blocked, id=15072, stack(0x000000e463900000,0x000000e463a00000) (1024K)]
  0x000002051d4eab20 JavaThread "Finalizer"                  daemon [_thread_blocked, id=13964, stack(0x000000e463a00000,0x000000e463b00000) (1024K)]
  0x000002051d4ec6b0 JavaThread "Signal Dispatcher"          daemon [_thread_blocked, id=428, stack(0x000000e463b00000,0x000000e463c00000) (1024K)]
  0x000002051d4ed5d0 JavaThread "Attach Listener"            daemon [_thread_blocked, id=13232, stack(0x000000e463c00000,0x000000e463d00000) (1024K)]
  0x000002051d4f0300 JavaThread "Service Thread"             daemon [_thread_blocked, id=9296, stack(0x000000e463d00000,0x000000e463e00000) (1024K)]
  0x000002051d4f1d70 JavaThread "Monitor Deflation Thread"   daemon [_thread_blocked, id=14748, stack(0x000000e463e00000,0x000000e463f00000) (1024K)]
=>0x000002051d4f2bb0 JavaThread "C2 CompilerThread0"         daemon [_thread_in_native, id=13836, stack(0x000000e463f00000,0x000000e464000000) (1024K)]
  0x000002051d563c20 JavaThread "C1 CompilerThread0"         daemon [_thread_in_native, id=14412, stack(0x000000e464000000,0x000000e464100000) (1024K)]
  0x000002055f3ac860 JavaThread "Common-Cleaner"             daemon [_thread_blocked, id=14524, stack(0x000000e464100000,0x000000e464200000) (1024K)]
  0x000002055f48bee0 JavaThread "Notification Thread"        daemon [_thread_blocked, id=13544, stack(0x000000e464300000,0x000000e464400000) (1024K)]
  0x000002055f70e400 JavaThread "C2 CompilerThread1"         daemon [_thread_in_native, id=13008, stack(0x000000e464600000,0x000000e464700000) (1024K)]
Total: 12

Other Threads:
  0x0000020506bbf320 VMThread "VM Thread"                           [id=9964, stack(0x000000e463800000,0x000000e463900000) (1024K)]
  0x0000020506b6c770 WatcherThread "VM Periodic Task Thread"        [id=2884, stack(0x000000e463700000,0x000000e463800000) (1024K)]
  0x0000020506b1dae0 WorkerThread "GC Thread#0"                     [id=13152, stack(0x000000e463600000,0x000000e463700000) (1024K)]
  0x000002055f850320 WorkerThread "GC Thread#1"                     [id=14640, stack(0x000000e464200000,0x000000e464300000) (1024K)]
  0x000002055f57e820 WorkerThread "GC Thread#2"                     [id=15096, stack(0x000000e464400000,0x000000e464500000) (1024K)]
  0x000002055f57ebd0 WorkerThread "GC Thread#3"                     [id=3792, stack(0x000000e464500000,0x000000e464600000) (1024K)]
Total: 6

Threads with active compile tasks:
C2 CompilerThread0  3378 1300       4       java.io.DataInputStream::readUTF (501 bytes)
C1 CompilerThread0  3378 1338       3       java.net.URLStreamHandler::setURL (159 bytes)
C2 CompilerThread1  3378 1308   !   4       java.io.BufferedInputStream::read (69 bytes)
Total: 3

VM state: not at safepoint (normal execution)

VM Mutex/Monitor currently owned by a thread: None

Heap address: 0x0000000080000000, size: 2048 MB, Compressed Oops mode: 32-bit

CDS archive(s) mapped at: [0x000002051e000000-0x000002051eba0000-0x000002051eba0000), size 12189696, SharedBaseAddress: 0x000002051e000000, ArchiveRelocationMode: 1.
Compressed class space mapped at: 0x000002051f000000-0x000002055f000000, reserved size: 1073741824
Narrow klass base: 0x000002051e000000, Narrow klass shift: 0, Narrow klass range: 0x100000000

GC Precious Log:
 CardTable entry size: 512
 CPUs: 4 total, 4 available
 Memory: 16348M
 Large Page Support: Disabled
 NUMA Support: Disabled
 Compressed Oops: Enabled (32-bit)
 Alignments: Space 512K, Generation 512K, Heap 2M
 Heap Min Capacity: 100M
 Heap Initial Capacity: 100M
 Heap Max Capacity: 2G
 Pre-touch: Disabled
 Parallel Workers: 4

Heap:
 PSYoungGen      total 29696K, used 11558K [0x00000000d5580000, 0x00000000d7680000, 0x0000000100000000)
  eden space 25600K, 32% used [0x00000000d5580000,0x00000000d5d8fcd8,0x00000000d6e80000)
  from space 4096K, 80% used [0x00000000d6e80000,0x00000000d71b9e98,0x00000000d7280000)
  to   space 4096K, 0% used [0x00000000d7280000,0x00000000d7280000,0x00000000d7680000)
 ParOldGen       total 68608K, used 0K [0x0000000080000000, 0x0000000084300000, 0x00000000d5580000)
  object space 68608K, 0% used [0x0000000080000000,0x0000000080000000,0x0000000084300000)
 Metaspace       used 5933K, committed 6208K, reserved 1114112K
  class space    used 613K, committed 768K, reserved 1048576K

Card table byte_map: [0x00000205064e0000,0x00000205068f0000] _byte_map_base: 0x00000205060e0000

Marking Bits: (ParMarkBitMap*) 0x00007ffb45703450
 Begin Bits: [0x0000020518fc0000, 0x000002051afc0000)
 End Bits:   [0x000002051afc0000, 0x000002051cfc0000)

Polling page: 0x00000205062d0000

Metaspace:

Usage:
  Non-class:      5.21 MB used.
      Class:    613.21 KB used.
       Both:      5.81 MB used.

Virtual space:
  Non-class space:       64.00 MB reserved,       5.31 MB (  8%) committed,  1 nodes.
      Class space:        1.00 GB reserved,     768.00 KB ( <1%) committed,  1 nodes.
             Both:        1.06 GB reserved,       6.06 MB ( <1%) committed. 

Chunk freelists:
   Non-Class:  10.14 MB
       Class:  15.08 MB
        Both:  25.22 MB

MaxMetaspaceSize: unlimited
CompressedClassSpaceSize: 1.00 GB
Initial GC threshold: 21.00 MB
Current GC threshold: 21.00 MB
CDS: on
 - commit_granule_bytes: 65536.
 - commit_granule_words: 8192.
 - virtual_space_node_default_size: 8388608.
 - enlarge_chunks_in_place: 1.
 - use_allocation_guard: 0.


Internal statistics:

num_allocs_failed_limit: 0.
num_arena_births: 190.
num_arena_deaths: 0.
num_vsnodes_births: 2.
num_vsnodes_deaths: 0.
num_space_committed: 97.
num_space_uncommitted: 0.
num_chunks_returned_to_freelist: 0.
num_chunks_taken_from_freelist: 311.
num_chunk_merges: 0.
num_chunk_splits: 198.
num_chunks_enlarged: 123.
num_inconsistent_stats: 0.

CodeHeap 'non-profiled nmethods': size=120000Kb used=564Kb max_used=564Kb free=119435Kb
 bounds [0x00000205117e0000, 0x0000020511a50000, 0x0000020518d10000]
CodeHeap 'profiled nmethods': size=120000Kb used=2243Kb max_used=2243Kb free=117756Kb
 bounds [0x0000020509d10000, 0x0000020509f80000, 0x0000020511240000]
CodeHeap 'non-nmethods': size=5760Kb used=1203Kb max_used=1222Kb free=4556Kb
 bounds [0x0000020511240000, 0x00000205114b0000, 0x00000205117e0000]
CodeCache: size=245760Kb, used=4010Kb, max_used=4029Kb, free=241747Kb
 total_blobs=1801, nmethods=1331, adapters=377, full_count=0
Compilation: enabled, stopped_count=0, restarted_count=0

Compilation events (20 events):
Event: 3.324 Thread 0x000002051d563c20 nmethod 1298 0x0000020509f24b10 code [0x0000020509f24e80, 0x0000020509f26360]
Event: 3.324 Thread 0x000002051d563c20 1299       3       java.io.DataInputStream::readByte (6 bytes)
Event: 3.324 Thread 0x000002051d563c20 nmethod 1299 0x0000020509f26a90 code [0x0000020509f26c60, 0x0000020509f26f48]
Event: 3.328 Thread 0x000002051d563c20 1309       3       java.lang.String::toCharArray (25 bytes)
Event: 3.328 Thread 0x000002051d563c20 nmethod 1309 0x0000020509f27090 code [0x0000020509f27260, 0x0000020509f274f8]
Event: 3.328 Thread 0x000002055f70e400 1307       4       java.io.DataInputStream::readFully (59 bytes)
Event: 3.329 Thread 0x000002051d563c20 1310       3       org.eclipse.osgi.container.ModuleDatabase$Persistence::readString (7 bytes)
Event: 3.329 Thread 0x000002051d563c20 nmethod 1310 0x0000020509f27610 code [0x0000020509f277c0, 0x0000020509f278e0]
Event: 3.329 Thread 0x000002051d563c20 1312       3       org.eclipse.osgi.container.ModuleDatabase$Persistence::readMapValue (111 bytes)
Event: 3.330 Thread 0x000002051d563c20 nmethod 1312 0x0000020509f27990 code [0x0000020509f27d20, 0x0000020509f29078]
Event: 3.332 Thread 0x000002051d563c20 1313       3       org.eclipse.osgi.container.ModuleDatabase$Persistence::readVersion0 (96 bytes)
Event: 3.334 Thread 0x000002051d563c20 nmethod 1313 0x0000020509f29790 code [0x0000020509f29be0, 0x0000020509f2ba00]
Event: 3.334 Thread 0x000002051d563c20 1315       3       org.eclipse.osgi.container.ModuleDatabase$Persistence::readMap (118 bytes)
Event: 3.336 Thread 0x000002051d563c20 nmethod 1315 0x0000020509f2c410 code [0x0000020509f2c7c0, 0x0000020509f2dd48]
Event: 3.336 Thread 0x000002051d563c20 1314       3       org.eclipse.osgi.container.ModuleDatabase$Persistence::readIndexedMap (16 bytes)
Event: 3.336 Thread 0x000002051d563c20 nmethod 1314 0x0000020509f2e690 code [0x0000020509f2e8c0, 0x0000020509f2efb8]
Event: 3.337 Thread 0x000002051d563c20 1316       3       org.eclipse.osgi.container.ModuleDatabase$Persistence::readListValue (97 bytes)
Event: 3.339 Thread 0x000002051d563c20 nmethod 1316 0x0000020509f2f310 code [0x0000020509f2f680, 0x0000020509f30950]
Event: 3.344 Thread 0x000002051d563c20 1320       3       org.eclipse.osgi.container.ModuleDatabase$Persistence::readList (78 bytes)
Event: 3.345 Thread 0x000002051d563c20 nmethod 1320 0x0000020509f31090 code [0x0000020509f313c0, 0x0000020509f32568]

GC Heap History (2 events):
Event: 2.600 GC heap before
{Heap before GC invocations=1 (full 0):
 PSYoungGen      total 29696K, used 25600K [0x00000000d5580000, 0x00000000d7680000, 0x0000000100000000)
  eden space 25600K, 100% used [0x00000000d5580000,0x00000000d6e80000,0x00000000d6e80000)
  from space 4096K, 0% used [0x00000000d7280000,0x00000000d7280000,0x00000000d7680000)
  to   space 4096K, 0% used [0x00000000d6e80000,0x00000000d6e80000,0x00000000d7280000)
 ParOldGen       total 68608K, used 0K [0x0000000080000000, 0x0000000084300000, 0x00000000d5580000)
  object space 68608K, 0% used [0x0000000080000000,0x0000000080000000,0x0000000084300000)
 Metaspace       used 4360K, committed 4608K, reserved 1114112K
  class space    used 474K, committed 576K, reserved 1048576K
}
Event: 2.653 GC heap after
{Heap after GC invocations=1 (full 0):
 PSYoungGen      total 29696K, used 3303K [0x00000000d5580000, 0x00000000d7680000, 0x0000000100000000)
  eden space 25600K, 0% used [0x00000000d5580000,0x00000000d5580000,0x00000000d6e80000)
  from space 4096K, 80% used [0x00000000d6e80000,0x00000000d71b9e98,0x00000000d7280000)
  to   space 4096K, 0% used [0x00000000d7280000,0x00000000d7280000,0x00000000d7680000)
 ParOldGen       total 68608K, used 0K [0x0000000080000000, 0x0000000084300000, 0x00000000d5580000)
  object space 68608K, 0% used [0x0000000080000000,0x0000000080000000,0x0000000084300000)
 Metaspace       used 4360K, committed 4608K, reserved 1114112K
  class space    used 474K, committed 576K, reserved 1048576K
}

Dll operation events (8 events):
Event: 0.009 Loaded shared library c:\Users\Usuario\.vscode\extensions\redhat.java-1.53.0-win32-x64\jre\21.0.10-win32-x86_64\bin\java.dll
Event: 0.465 Loaded shared library c:\Users\Usuario\.vscode\extensions\redhat.java-1.53.0-win32-x64\jre\21.0.10-win32-x86_64\bin\zip.dll
Event: 0.494 Loaded shared library C:\Users\Usuario\.vscode\extensions\redhat.java-1.53.0-win32-x64\jre\21.0.10-win32-x86_64\bin\instrument.dll
Event: 0.499 Loaded shared library C:\Users\Usuario\.vscode\extensions\redhat.java-1.53.0-win32-x64\jre\21.0.10-win32-x86_64\bin\net.dll
Event: 0.559 Loaded shared library C:\Users\Usuario\.vscode\extensions\redhat.java-1.53.0-win32-x64\jre\21.0.10-win32-x86_64\bin\nio.dll
Event: 0.566 Loaded shared library C:\Users\Usuario\.vscode\extensions\redhat.java-1.53.0-win32-x64\jre\21.0.10-win32-x86_64\bin\zip.dll
Event: 0.592 Loaded shared library C:\Users\Usuario\.vscode\extensions\redhat.java-1.53.0-win32-x64\jre\21.0.10-win32-x86_64\bin\jimage.dll
Event: 0.771 Loaded shared library c:\Users\Usuario\.vscode\extensions\redhat.java-1.53.0-win32-x64\jre\21.0.10-win32-x86_64\bin\verify.dll

Deoptimization events (20 events):
Event: 2.761 Thread 0x00000205048e39c0 Uncommon trap: trap_request=0xffffffde fr.pc=0x00000205118349f8 relative=0x0000000000000558
Event: 2.761 Thread 0x00000205048e39c0 Uncommon trap: reason=class_check action=maybe_recompile pc=0x00000205118349f8 method=java.util.Collections$UnmodifiableCollection$1.<init>(Ljava/util/Collections$UnmodifiableCollection;)V @ 17 c2
Event: 2.761 Thread 0x00000205048e39c0 DEOPT PACKING pc=0x00000205118349f8 sp=0x000000e4635fe940
Event: 2.761 Thread 0x00000205048e39c0 DEOPT UNPACKING pc=0x0000020511293aa2 sp=0x000000e4635fe888 mode 2
Event: 2.761 Thread 0x00000205048e39c0 Uncommon trap: trap_request=0xffffff45 fr.pc=0x0000020511856038 relative=0x0000000000000278
Event: 2.761 Thread 0x00000205048e39c0 Uncommon trap: reason=unstable_if action=reinterpret pc=0x0000020511856038 method=java.util.HashMap.hash(Ljava/lang/Object;)I @ 1 c2
Event: 2.761 Thread 0x00000205048e39c0 DEOPT PACKING pc=0x0000020511856038 sp=0x000000e4635fe8f0
Event: 2.761 Thread 0x00000205048e39c0 DEOPT UNPACKING pc=0x0000020511293aa2 sp=0x000000e4635fe788 mode 2
Event: 2.764 Thread 0x00000205048e39c0 Uncommon trap: trap_request=0xffffff45 fr.pc=0x000002051185593c relative=0x000000000000027c
Event: 2.764 Thread 0x00000205048e39c0 Uncommon trap: reason=unstable_if action=reinterpret pc=0x000002051185593c method=java.util.HashMap.hash(Ljava/lang/Object;)I @ 1 c2
Event: 2.764 Thread 0x00000205048e39c0 DEOPT PACKING pc=0x000002051185593c sp=0x000000e4635fe860
Event: 2.764 Thread 0x00000205048e39c0 DEOPT UNPACKING pc=0x0000020511293aa2 sp=0x000000e4635fe768 mode 2
Event: 2.764 Thread 0x00000205048e39c0 Uncommon trap: trap_request=0xffffff45 fr.pc=0x0000020511848e50 relative=0x00000000000000b0
Event: 2.764 Thread 0x00000205048e39c0 Uncommon trap: reason=unstable_if action=reinterpret pc=0x0000020511848e50 method=java.util.HashMap.hash(Ljava/lang/Object;)I @ 1 c2
Event: 2.764 Thread 0x00000205048e39c0 DEOPT PACKING pc=0x0000020511848e50 sp=0x000000e4635fe910
Event: 2.764 Thread 0x00000205048e39c0 DEOPT UNPACKING pc=0x0000020511293aa2 sp=0x000000e4635fe8a8 mode 2
Event: 2.764 Thread 0x00000205048e39c0 Uncommon trap: trap_request=0xffffffde fr.pc=0x00000205118349f8 relative=0x0000000000000558
Event: 2.764 Thread 0x00000205048e39c0 Uncommon trap: reason=class_check action=maybe_recompile pc=0x00000205118349f8 method=java.util.Collections$UnmodifiableCollection$1.<init>(Ljava/util/Collections$UnmodifiableCollection;)V @ 17 c2
Event: 2.764 Thread 0x00000205048e39c0 DEOPT PACKING pc=0x00000205118349f8 sp=0x000000e4635fe940
Event: 2.764 Thread 0x00000205048e39c0 DEOPT UNPACKING pc=0x0000020511293aa2 sp=0x000000e4635fe888 mode 2

Classes loaded (20 events):
Event: 3.084 Loading class java/util/AbstractQueue done
Event: 3.084 Loading class java/util/concurrent/SynchronousQueue done
Event: 3.084 Loading class java/util/concurrent/SynchronousQueue$Transferer
Event: 3.085 Loading class java/util/concurrent/LinkedTransferQueue
Event: 3.085 Loading class java/util/concurrent/TransferQueue
Event: 3.085 Loading class java/util/concurrent/TransferQueue done
Event: 3.085 Loading class java/util/concurrent/LinkedTransferQueue done
Event: 3.085 Loading class java/util/concurrent/SynchronousQueue$Transferer done
Event: 3.085 Loading class java/util/concurrent/LinkedTransferQueue$DualNode
Event: 3.085 Loading class java/util/concurrent/LinkedTransferQueue$DualNode done
Event: 3.087 Loading class java/util/concurrent/RejectedExecutionHandler
Event: 3.087 Loading class java/util/concurrent/RejectedExecutionHandler done
Event: 3.087 Loading class java/util/concurrent/LinkedBlockingQueue
Event: 3.087 Loading class java/util/concurrent/LinkedBlockingQueue done
Event: 3.088 Loading class java/util/concurrent/LinkedBlockingQueue$Node
Event: 3.088 Loading class java/util/concurrent/LinkedBlockingQueue$Node done
Event: 3.303 Loading class java/util/concurrent/Semaphore$NonfairSync
Event: 3.303 Loading class java/util/concurrent/Semaphore$Sync
Event: 3.303 Loading class java/util/concurrent/Semaphore$Sync done
Event: 3.303 Loading class java/util/concurrent/Semaphore$NonfairSync done

Classes unloaded (0 events):
No events

Classes redefined (0 events):
No events

Internal exceptions (20 events):
Event: 2.049 Thread 0x00000205048e39c0 Exception <a 'java/io/FileNotFoundException'{0x00000000d64ce4d0}> (0x00000000d64ce4d0) 
thrown [s\src\hotspot\share\prims\jni.cpp, line 520]
Event: 2.049 Thread 0x00000205048e39c0 Exception <a 'java/io/FileNotFoundException'{0x00000000d64cf070}> (0x00000000d64cf070) 
thrown [s\src\hotspot\share\prims\jni.cpp, line 520]
Event: 2.053 Thread 0x00000205048e39c0 Implicit null exception at 0x000002051180d724 to 0x000002051180dc84
Event: 2.053 Thread 0x00000205048e39c0 Implicit null exception at 0x000002051180e320 to 0x000002051180e86c
Event: 2.056 Thread 0x00000205048e39c0 Exception <a 'java/io/FileNotFoundException'{0x00000000d65074d8}> (0x00000000d65074d8) 
thrown [s\src\hotspot\share\prims\jni.cpp, line 520]
Event: 2.065 Thread 0x00000205048e39c0 Exception <a 'java/lang/NoSuchMethodError'{0x00000000d6540bd0}: 'java.lang.Object java.lang.invoke.DirectMethodHandle$Holder.invokeInterface(java.lang.Object, java.lang.Object)'> (0x00000000d6540bd0) 
thrown [s\src\hotspot\share\interpreter\linkResolver.cpp, line 773]
Event: 2.172 Thread 0x00000205048e39c0 Exception <a 'java/lang/NoSuchMethodError'{0x00000000d6554168}: 'java.lang.Object java.lang.invoke.Invokers$Holder.invokeExact_MT(java.lang.Object, java.lang.Object, java.lang.Object, java.lang.Object, java.lang.Object, java.lang.Object)'> (0x00000000d6554168) 
thrown [s\src\hotspot\share\interpreter\linkResolver.cpp, line 773]
Event: 2.182 Thread 0x00000205048e39c0 Exception <a 'java/lang/NoSuchMethodError'{0x00000000d656b240}: 'int java.lang.invoke.DirectMethodHandle$Holder.invokeStatic(java.lang.Object, java.lang.Object, java.lang.Object, java.lang.Object, java.lang.Object)'> (0x00000000d656b240) 
thrown [s\src\hotspot\share\interpreter\linkResolver.cpp, line 773]
Event: 2.207 Thread 0x00000205048e39c0 Exception <a 'java/lang/NoSuchMethodError'{0x00000000d65fecb8}: 'java.lang.Object java.lang.invoke.DirectMethodHandle$Holder.invokeInterface(java.lang.Object, java.lang.Object, int)'> (0x00000000d65fecb8) 
thrown [s\src\hotspot\share\interpreter\linkResolver.cpp, line 773]
Event: 2.452 Thread 0x00000205048e39c0 Exception <a 'java/lang/NoSuchMethodError'{0x00000000d6a674c0}: 'java.lang.ClassLoader java.lang.ClassLoader.getPlatformClassLoader(java.lang.Class)'> (0x00000000d6a674c0) 
thrown [s\src\hotspot\share\interpreter\linkResolver.cpp, line 773]
Event: 2.655 Thread 0x00000205048e39c0 Exception <a 'java/lang/ClassNotFoundException'{0x00000000d5588560}: sun/net/www/protocol/c/Handler> (0x00000000d5588560) 
thrown [s\src\hotspot\share\classfile\systemDictionary.cpp, line 312]
Event: 2.656 Thread 0x00000205048e39c0 Exception <a 'java/lang/ClassNotFoundException'{0x00000000d55898f0}: sun/net/www/protocol/c/Handler> (0x00000000d55898f0) 
thrown [s\src\hotspot\share\classfile\systemDictionary.cpp, line 312]
Event: 2.656 Thread 0x00000205048e39c0 Exception <a 'java/lang/ClassNotFoundException'{0x00000000d558aad0}: sun/net/www/protocol/c/Handler> (0x00000000d558aad0) 
thrown [s\src\hotspot\share\classfile\systemDictionary.cpp, line 312]
Event: 2.666 Thread 0x00000205048e39c0 Exception <a 'java/io/FileNotFoundException'{0x00000000d55bc980}> (0x00000000d55bc980) 
thrown [s\src\hotspot\share\prims\jni.cpp, line 520]
Event: 2.761 Thread 0x00000205048e39c0 Implicit null exception at 0x0000020511845a49 to 0x00000205118463b8
Event: 2.761 Thread 0x00000205048e39c0 Implicit null exception at 0x0000020511855e1a to 0x0000020511856020
Event: 2.762 Thread 0x00000205048e39c0 Exception <a 'java/lang/NoSuchMethodError'{0x00000000d56f0780}: 'void java.lang.invoke.DirectMethodHandle$Holder.invokeStatic(java.lang.Object, java.lang.Object, java.lang.Object, java.lang.Object)'> (0x00000000d56f0780) 
thrown [s\src\hotspot\share\interpreter\linkResolver.cpp, line 773]
Event: 2.764 Thread 0x00000205048e39c0 Implicit null exception at 0x000002051185571a to 0x0000020511855924
Event: 2.764 Thread 0x00000205048e39c0 Implicit null exception at 0x0000020511848dbd to 0x0000020511848e41
Event: 2.957 Thread 0x00000205048e39c0 Exception <a 'java/lang/NoSuchMethodError'{0x00000000d59cd260}: 'void java.lang.invoke.DirectMethodHandle$Holder.invokeSpecial(java.lang.Object, java.lang.Object, java.lang.Object)'> (0x00000000d59cd260) 
thrown [s\src\hotspot\share\interpreter\linkResolver.cpp, line 773]

ZGC Phase Switch (0 events):
No events

VM Operations (14 events):
Event: 0.461 Executing non-safepoint VM operation: HandshakeAllThreads (Deoptimize)
Event: 0.461 Executing non-safepoint VM operation: HandshakeAllThreads (Deoptimize) done
Event: 0.660 Executing non-safepoint VM operation: HandshakeAllThreads (Deoptimize)
Event: 0.660 Executing non-safepoint VM operation: HandshakeAllThreads (Deoptimize) done
Event: 1.666 Executing safepoint VM operation: Cleanup
Event: 1.666 Executing safepoint VM operation: Cleanup done
Event: 1.667 Executing non-safepoint VM operation: HandshakeAllThreads (Deoptimize)
Event: 1.667 Executing non-safepoint VM operation: HandshakeAllThreads (Deoptimize) done
Event: 1.783 Executing non-safepoint VM operation: HandshakeAllThreads (Deoptimize)
Event: 1.783 Executing non-safepoint VM operation: HandshakeAllThreads (Deoptimize) done
Event: 2.545 Executing non-safepoint VM operation: HandshakeAllThreads (Deoptimize)
Event: 2.545 Executing non-safepoint VM operation: HandshakeAllThreads (Deoptimize) done
Event: 2.599 Executing safepoint VM operation: ParallelGCFailedAllocation (Allocation Failure)
Event: 2.653 Executing safepoint VM operation: ParallelGCFailedAllocation (Allocation Failure) done

Memory protections (0 events):
No events

Nmethod flushes (0 events):
No events

Events (16 events):
Event: 0.041 Thread 0x00000205048e39c0 Thread added: 0x00000205048e39c0
Event: 0.202 Thread 0x00000205048e39c0 Thread added: 0x000002051d4e92b0
Event: 0.203 Thread 0x00000205048e39c0 Thread added: 0x000002051d4eab20
Event: 0.203 Thread 0x00000205048e39c0 Thread added: 0x000002051d4ec6b0
Event: 0.205 Thread 0x00000205048e39c0 Thread added: 0x000002051d4ed5d0
Event: 0.205 Thread 0x00000205048e39c0 Thread added: 0x000002051d4f0300
Event: 0.205 Thread 0x00000205048e39c0 Thread added: 0x000002051d4f1d70
Event: 0.206 Thread 0x00000205048e39c0 Thread added: 0x000002051d4f2bb0
Event: 0.324 Thread 0x00000205048e39c0 Thread added: 0x000002051d563c20
Event: 0.496 Thread 0x00000205048e39c0 Thread added: 0x000002055f3ac860
Event: 0.762 Thread 0x000002051d4f2bb0 Thread added: 0x000002055f3c82f0
Event: 1.067 Thread 0x00000205048e39c0 Thread added: 0x000002055f48bee0
Event: 2.018 Thread 0x000002055f3c82f0 Thread exited: 0x000002055f3c82f0
Event: 2.951 Thread 0x000002051d563c20 Thread added: 0x000002055f6d1880
Event: 3.061 Thread 0x000002055f6d1880 Thread exited: 0x000002055f6d1880
Event: 3.328 Thread 0x000002051d563c20 Thread added: 0x000002055f70e400


Dynamic libraries:
0x00007ff7e2780000 - 0x00007ff7e278e000 	c:\Users\Usuario\.vscode\extensions\redhat.java-1.53.0-win32-x64\jre\21.0.10-win32-x86_64\bin\java.exe
0x00007ffbb1710000 - 0x00007ffbb1908000 	C:\Windows\SYSTEM32\ntdll.dll
0x00007ffbb1130000 - 0x00007ffbb11ed000 	C:\Windows\System32\KERNEL32.DLL
0x00007ffbaef50000 - 0x00007ffbaf246000 	C:\Windows\System32\KERNELBASE.dll
0x00007ffbaf640000 - 0x00007ffbaf740000 	C:\Windows\System32\ucrtbase.dll
0x00007ffb92a00000 - 0x00007ffb92a18000 	c:\Users\Usuario\.vscode\extensions\redhat.java-1.53.0-win32-x64\jre\21.0.10-win32-x86_64\bin\jli.dll
0x00007ffbaf910000 - 0x00007ffbafaaf000 	C:\Windows\System32\USER32.dll
0x00007ffbaf610000 - 0x00007ffbaf632000 	C:\Windows\System32\win32u.dll
0x00007ffbafde0000 - 0x00007ffbafe0b000 	C:\Windows\System32\GDI32.dll
0x00007ffbaf4f0000 - 0x00007ffbaf607000 	C:\Windows\System32\gdi32full.dll
0x00007ffbaf3b0000 - 0x00007ffbaf44d000 	C:\Windows\System32\msvcp_win.dll
0x00007ffb929e0000 - 0x00007ffb929fe000 	c:\Users\Usuario\.vscode\extensions\redhat.java-1.53.0-win32-x64\jre\21.0.10-win32-x86_64\bin\VCRUNTIME140.dll
0x00007ffba2820000 - 0x00007ffba2aba000 	C:\Windows\WinSxS\amd64_microsoft.windows.common-controls_6595b64144ccf1df_6.0.19041.4355_none_60b8b9eb71f62e16\COMCTL32.dll
0x00007ffbb11f0000 - 0x00007ffbb128e000 	C:\Windows\System32\msvcrt.dll
0x00007ffbb1670000 - 0x00007ffbb16a2000 	C:\Windows\System32\IMM32.DLL
0x00007ffb92ac0000 - 0x00007ffb92acc000 	c:\Users\Usuario\.vscode\extensions\redhat.java-1.53.0-win32-x64\jre\21.0.10-win32-x86_64\bin\vcruntime140_1.dll
0x00007ffb5f7d0000 - 0x00007ffb5f85d000 	c:\Users\Usuario\.vscode\extensions\redhat.java-1.53.0-win32-x64\jre\21.0.10-win32-x86_64\bin\msvcp140.dll
0x00007ffb44a40000 - 0x00007ffb457e1000 	c:\Users\Usuario\.vscode\extensions\redhat.java-1.53.0-win32-x64\jre\21.0.10-win32-x86_64\bin\server\jvm.dll
0x00007ffbafd30000 - 0x00007ffbafde0000 	C:\Windows\System32\ADVAPI32.dll
0x00007ffbafab0000 - 0x00007ffbafb50000 	C:\Windows\System32\sechost.dll
0x00007ffbaf7d0000 - 0x00007ffbaf8f3000 	C:\Windows\System32\RPCRT4.dll
0x00007ffbaf450000 - 0x00007ffbaf477000 	C:\Windows\System32\bcrypt.dll
0x00007ffbafc00000 - 0x00007ffbafc6b000 	C:\Windows\System32\WS2_32.dll
0x00007ffbaec10000 - 0x00007ffbaec5b000 	C:\Windows\SYSTEM32\POWRPROF.dll
0x00007ffba33f0000 - 0x00007ffba3417000 	C:\Windows\SYSTEM32\WINMM.dll
0x00007ffba91b0000 - 0x00007ffba91ba000 	C:\Windows\SYSTEM32\VERSION.dll
0x00007ffbaebf0000 - 0x00007ffbaec02000 	C:\Windows\SYSTEM32\UMPDC.dll
0x00007ffbacc20000 - 0x00007ffbacc32000 	C:\Windows\SYSTEM32\kernel.appcore.dll
0x00007ffb92890000 - 0x00007ffb9289a000 	c:\Users\Usuario\.vscode\extensions\redhat.java-1.53.0-win32-x64\jre\21.0.10-win32-x86_64\bin\jimage.dll
0x00007ffba87a0000 - 0x00007ffba8984000 	C:\Windows\SYSTEM32\DBGHELP.DLL
0x00007ffb9f430000 - 0x00007ffb9f464000 	C:\Windows\SYSTEM32\dbgcore.DLL
0x00007ffbaedc0000 - 0x00007ffbaee42000 	C:\Windows\System32\bcryptPrimitives.dll
0x00007ffb88ce0000 - 0x00007ffb88cef000 	c:\Users\Usuario\.vscode\extensions\redhat.java-1.53.0-win32-x64\jre\21.0.10-win32-x86_64\bin\instrument.dll
0x00007ffb92780000 - 0x00007ffb927a0000 	c:\Users\Usuario\.vscode\extensions\redhat.java-1.53.0-win32-x64\jre\21.0.10-win32-x86_64\bin\java.dll
0x00007ffbaff00000 - 0x00007ffbb066b000 	C:\Windows\System32\SHELL32.dll
0x00007ffbace20000 - 0x00007ffbad5bd000 	C:\Windows\SYSTEM32\windows.storage.dll
0x00007ffbb1310000 - 0x00007ffbb1663000 	C:\Windows\System32\combase.dll
0x00007ffbae630000 - 0x00007ffbae65e000 	C:\Windows\SYSTEM32\Wldp.dll
0x00007ffbb0720000 - 0x00007ffbb07ed000 	C:\Windows\System32\OLEAUT32.dll
0x00007ffbafb50000 - 0x00007ffbafbfd000 	C:\Windows\System32\SHCORE.dll
0x00007ffbb0df0000 - 0x00007ffbb0e45000 	C:\Windows\System32\shlwapi.dll
0x00007ffbaecf0000 - 0x00007ffbaed14000 	C:\Windows\SYSTEM32\profapi.dll
0x00007ffb912c0000 - 0x00007ffb912d8000 	c:\Users\Usuario\.vscode\extensions\redhat.java-1.53.0-win32-x64\jre\21.0.10-win32-x86_64\bin\zip.dll
0x00007ffb92880000 - 0x00007ffb92890000 	C:\Users\Usuario\.vscode\extensions\redhat.java-1.53.0-win32-x64\jre\21.0.10-win32-x86_64\bin\net.dll
0x00007ffba81f0000 - 0x00007ffba82fa000 	C:\Windows\SYSTEM32\WINHTTP.dll
0x00007ffbae410000 - 0x00007ffbae47a000 	C:\Windows\system32\mswsock.dll
0x00007ffb63ea0000 - 0x00007ffb63eb6000 	C:\Users\Usuario\.vscode\extensions\redhat.java-1.53.0-win32-x64\jre\21.0.10-win32-x86_64\bin\nio.dll
0x00007ffb886b0000 - 0x00007ffb886c0000 	c:\Users\Usuario\.vscode\extensions\redhat.java-1.53.0-win32-x64\jre\21.0.10-win32-x86_64\bin\verify.dll

JVMTI agents:
c:\Users\Usuario\.vscode\extensions\redhat.java-1.53.0-win32-x64\lombok\lombok-1.18.39-4050.jar path:c:\Users\Usuario\.vscode\extensions\redhat.java-1.53.0-win32-x64\jre\21.0.10-win32-x86_64\bin\instrument.dll, loaded, initialized, instrumentlib options:none

dbghelp: loaded successfully - version: 4.0.5 - missing functions: none
symbol engine: initialized successfully - sym options: 0x614 - pdb path: .;c:\Users\Usuario\.vscode\extensions\redhat.java-1.53.0-win32-x64\jre\21.0.10-win32-x86_64\bin;C:\Windows\SYSTEM32;C:\Windows\WinSxS\amd64_microsoft.windows.common-controls_6595b64144ccf1df_6.0.19041.4355_none_60b8b9eb71f62e16;c:\Users\Usuario\.vscode\extensions\redhat.java-1.53.0-win32-x64\jre\21.0.10-win32-x86_64\bin\server

VM Arguments:
jvm_args: --add-modules=ALL-SYSTEM --add-opens=java.base/java.util=ALL-UNNAMED --add-opens=java.base/java.lang=ALL-UNNAMED --add-opens=java.base/sun.nio.fs=ALL-UNNAMED -Declipse.application=org.eclipse.jdt.ls.core.id1 -Dosgi.bundles.defaultStartLevel=4 -Declipse.product=org.eclipse.jdt.ls.core.product -Djava.import.generatesMetadataFilesAtProjectRoot=false -DDetectVMInstallationsJob.disabled=true -Dfile.encoding=utf8 -XX:+UseParallelGC -XX:GCTimeRatio=4 -XX:AdaptiveSizePolicyWeight=90 -Dsun.zip.disableMemoryMapping=true -Xmx2G -Xms100m -Xlog:disable -javaagent:c:\Users\Usuario\.vscode\extensions\redhat.java-1.53.0-win32-x64\lombok\lombok-1.18.39-4050.jar -XX:+HeapDumpOnOutOfMemoryError -XX:HeapDumpPath=c:\Users\Usuario\AppData\Roaming\Code\User\workspaceStorage\f7725a79b689caac457f54df7d2f0319\redhat.java -Daether.dependencyCollector.impl=bf 
java_command: c:\Users\Usuario\.vscode\extensions\redhat.java-1.53.0-win32-x64\server\plugins\org.eclipse.equinox.launcher_1.7.100.v20251111-0406.jar -configuration c:\Users\Usuario\AppData\Roaming\Code\User\globalStorage\redhat.java\1.53.0\config_win -data c:\Users\Usuario\AppData\Roaming\Code\User\workspaceStorage\f7725a79b689caac457f54df7d2f0319\redhat.java\jdt_ws --pipe=\\.\pipe\lsp-f58d56645c2f632bfb38da31ccae58cf-sock
java_class_path (initial): c:\Users\Usuario\.vscode\extensions\redhat.java-1.53.0-win32-x64\server\plugins\org.eclipse.equinox.launcher_1.7.100.v20251111-0406.jar
Launcher Type: SUN_STANDARD

[Global flags]
    uintx AdaptiveSizePolicyWeight                 = 90                                        {product} {command line}
     intx CICompilerCount                          = 3                                         {product} {ergonomic}
    uintx GCTimeRatio                              = 4                                         {product} {command line}
     bool HeapDumpOnOutOfMemoryError               = true                                   {manageable} {command line}
    ccstr HeapDumpPath                             = c:\Users\Usuario\AppData\Roaming\Code\User\workspaceStorage\f7725a79b689caac457f54df7d2f0319\redhat.java         {manageable} {command line}
   size_t InitialHeapSize                          = 104857600                                 {product} {command line}
   size_t MaxHeapSize                              = 2147483648                                {product} {command line}
   size_t MaxNewSize                               = 715653120                                 {product} {ergonomic}
   size_t MinHeapDeltaBytes                        = 524288                                    {product} {ergonomic}
   size_t MinHeapSize                              = 104857600                                 {product} {command line}
   size_t NewSize                                  = 34603008                                  {product} {ergonomic}
    uintx NonNMethodCodeHeapSize                   = 5832780                                {pd product} {ergonomic}
    uintx NonProfiledCodeHeapSize                  = 122912730                              {pd product} {ergonomic}
   size_t OldSize                                  = 70254592                                  {product} {ergonomic}
    uintx ProfiledCodeHeapSize                     = 122912730                              {pd product} {ergonomic}
    uintx ReservedCodeCacheSize                    = 251658240                              {pd product} {ergonomic}
     bool SegmentedCodeCache                       = true                                      {product} {ergonomic}
   size_t SoftMaxHeapSize                          = 2147483648                             {manageable} {ergonomic}
     bool UseCompressedOops                        = true                           {product lp64_product} {ergonomic}
     bool UseLargePagesIndividualAllocation        = false                                  {pd product} {ergonomic}
     bool UseParallelGC                            = true                                      {product} {command line}

Logging:
Log output configuration:
 #0: stdout all=off uptime,level,tags foldmultilines=false
 #1: stderr all=off uptime,level,tags foldmultilines=false

Release file:
JAVA_VERSION="21.0.10" 
MODULES="java.base java.compiler java.datatransfer java.xml java.prefs java.desktop java.instrument java.logging java.management java.security.sasl java.naming java.rmi java.management.rmi java.net.http java.scripting java.security.jgss java.transaction.xa java.sql java.sql.rowset java.xml.crypto java.se java.smartcardio jdk.accessibility jdk.internal.jvmstat jdk.attach jdk.charsets jdk.internal.opt jdk.zipfs jdk.compiler jdk.crypto.ec jdk.crypto.cryptoki jdk.crypto.mscapi jdk.dynalink jdk.internal.ed jdk.editpad jdk.hotspot.agent jdk.httpserver jdk.internal.le jdk.internal.vm.ci jdk.internal.vm.compiler jdk.internal.vm.compiler.management jdk.jartool jdk.javadoc jdk.jcmd jdk.management jdk.management.agent jdk.jconsole jdk.jdeps jdk.jdwp.agent jdk.jdi jdk.jfr jdk.jshell jdk.jsobject jdk.jstatd jdk.localedata jdk.management.jfr jdk.naming.dns jdk.naming.rmi jdk.net jdk.nio.mapmode jdk.random jdk.sctp jdk.security.auth jdk.security.jgss jdk.unsupported jdk.unsupported.desktop jdk.xml.dom" 

Environment Variables:
PATH=C:\Users\Usuario\AppData\Local\Programs\Microsoft VS Code;C:\Program Files\Common Files\Oracle\Java\javapath;C:\Program Files\Java\jre-1.8\bin;C:\Program Files (x86)\Common Files\Oracle\Java\java8path;C:\Program Files (x86)\Common Files\Oracle\Java\javapath;C:\Windows\system32;C:\Windows;C:\Windows\System32\Wbem;C:\Windows\System32\WindowsPowerShell\v1.0\;C:\Windows\System32\OpenSSH\;C:\Program Files\Git\cmd;C:\Users\Usuario\AppData\Roaming\nvm;C:\Program Files\nodejs;C:\Program Files\dotnet\;C:\Program Files;C:\Users\Usuario\AppData\Local\Programs\Python\Launcher\;C:\Users\Usuario\AppData\Local\Microsoft\WindowsApps;C:\Users\Usuario\AppData\Roaming\npm;C:\Users\Usuario\.fly\bin;C:\Users\Usuario\AppData\Local\Programs\oh-my-posh\bin;C:\Users\Usuario\AppData\Roaming\nvm;C:\Program Files\nodejs;C:\Program Files\Maven\apache-maven-3.9.9\bin;C:\Users\Usuario\AppData\Local\Programs\Microsoft VS Code\bin;C:\Users\Usuario\AppData\Local\Microsoft\WinGet\Packages\GitHub.Copilot_Microsoft.Winget.Source_8wekyb3d8bbwe;
USERNAME=Usuario
OS=Windows_NT
PROCESSOR_IDENTIFIER=Intel64 Family 6 Model 58 Stepping 9, GenuineIntel
TMP=C:\Users\Usuario\AppData\Local\Temp
TEMP=C:\Users\Usuario\AppData\Local\Temp




Periodic native trim disabled

---------------  S Y S T E M  ---------------

OS:
 Windows 10 , 64 bit Build 19041 (10.0.19041.3636)
OS uptime: 0 days 1:03 hours
Hyper-V role detected

CPU: total 4 (initial active 4) (4 cores per cpu, 1 threads per core) family 6 model 58 stepping 9 microcode 0x21, cx8, cmov, fxsr, mmx, sse, sse2, sse3, ssse3, sse4.1, sse4.2, popcnt, tsc, tscinvbit, avx, aes, erms, clmul, vzeroupper, clflush, hv, rdtscp, f16c
Processor Information for the first 4 processors :
  Max Mhz: 3400, Current Mhz: 3400, Mhz Limit: 3400

Memory: 4k page, system-wide physical 16348M (1713M free)
TotalPageFile size 20444M (AvailPageFile size 5M)
current process WorkingSet (physical memory assigned to process): 83M, peak: 83M
current process commit charge ("private bytes"): 224M, peak: 225M

vm_info: OpenJDK 64-Bit Server VM (21.0.10+7-LTS) for windows-amd64 JRE (21.0.10+7-LTS), built on 2026-01-20T00:00:00Z by "admin" with MS VC++ 17.12 (VS2022)

END.
