#
# There is insufficient memory for the Java Runtime Environment to continue.
# Native memory allocation (malloc) failed to allocate 262016 bytes for Chunk::new
# Possible reasons:
#   The system is out of physical RAM or swap space
#   The process is running with CompressedOops enabled, and the Java Heap may be blocking the growth of the native heap
# Possible solutions:
#   Reduce memory load on the system
#   Increase physical memory or swap space
#   Check if swap backing store is full
#   Decrease Java heap size (-Xmx/-Xms)
#   Decrease number of Java threads
#   Decrease Java thread stack sizes (-Xss)
#   Set larger code cache with -XX:ReservedCodeCacheSize=
#   JVM is running with Zero Based Compressed Oops mode in which the Java heap is
#     placed in the first 32GB address space. The Java Heap base address is the
#     maximum limit for the native heap growth. Please use -XX:HeapBaseMinAddress
#     to set the Java Heap base and to place the Java Heap above 32GB virtual address.
# This output file may be truncated or incomplete.
#
#  Out of Memory Error (arena.cpp:168), pid=11132, tid=14712
#
# JRE version: Java(TM) SE Runtime Environment (21.0.9+7) (build 21.0.9+7-LTS-338)
# Java VM: Java HotSpot(TM) 64-Bit Server VM (21.0.9+7-LTS-338, mixed mode, sharing, tiered, compressed oops, compressed class ptrs, g1 gc, windows-amd64)
# No core dump will be written. Minidumps are not enabled by default on client versions of Windows
#

---------------  S U M M A R Y ------------

Command Line: -DkotlinLanguageServer.version=1.3.13 org.javacs.kt.MainKt

Host: Intel(R) Core(TM) i5-3570 CPU @ 3.40GHz, 4 cores, 15G,  Windows 10 , 64 bit Build 19041 (10.0.19041.3636)
Time: Tue Apr  7 21:14:12 2026 Hora oficial do Brasil elapsed time: 47.268825 seconds (0d 0h 0m 47s)

---------------  T H R E A D  ---------------

Current thread (0x000001ba242152e0):  JavaThread "C2 CompilerThread0" daemon [_thread_in_native, id=14712, stack(0x0000003f2dd00000,0x0000003f2de00000) (1024K)]


Current CompileTask:
C2:  47268 16617       4       org.jetbrains.kotlin.serialization.deserialization.TypeDeserializer::typeConstructor (338 bytes)

Stack: [0x0000003f2dd00000,0x0000003f2de00000]
Native frames: (J=compiled Java code, j=interpreted, Vv=VM code, C=native code)
V  [jvm.dll+0x6cbf89]
V  [jvm.dll+0x858421]
V  [jvm.dll+0x85a94e]
V  [jvm.dll+0x85b023]
V  [jvm.dll+0x27ebc6]
V  [jvm.dll+0xc4f4d]
V  [jvm.dll+0xc5483]
V  [jvm.dll+0x2f1f8d]
V  [jvm.dll+0x5f6cea]
V  [jvm.dll+0x2506d2]
V  [jvm.dll+0x250a8f]
V  [jvm.dll+0x2495ac]
V  [jvm.dll+0x246b14]
V  [jvm.dll+0x1c7a3e]
V  [jvm.dll+0x256329]
V  [jvm.dll+0x2548ba]
V  [jvm.dll+0x3efdee]
V  [jvm.dll+0x80265b]
V  [jvm.dll+0x6ca66d]
C  [ucrtbase.dll+0x21bb2]
C  [KERNEL32.DLL+0x17344]
C  [ntdll.dll+0x526b1]


---------------  P R O C E S S  ---------------

Threads class SMR info:
_java_thread_list=0x000001ba24a1cf20, length=16, elements={
0x000001ba2420d2a0, 0x000001ba2420e1c0, 0x000001ba242123b0, 0x000001ba24212e10,
0x000001ba24213870, 0x000001ba24214550, 0x000001ba242152e0, 0x000001ba2421dd90,
0x000001ba244959b0, 0x000001ba244a4610, 0x000001ba74853660, 0x000001ba037aef80,
0x000001ba74694370, 0x000001ba2449ce40, 0x000001ba74a0ef60, 0x000001ba73f73450
}

Java Threads: ( => current thread )
  0x000001ba2420d2a0 JavaThread "Reference Handler"          daemon [_thread_blocked, id=14392, stack(0x0000003f2d700000,0x0000003f2d800000) (1024K)]
  0x000001ba2420e1c0 JavaThread "Finalizer"                  daemon [_thread_blocked, id=14500, stack(0x0000003f2d800000,0x0000003f2d900000) (1024K)]
  0x000001ba242123b0 JavaThread "Signal Dispatcher"          daemon [_thread_blocked, id=14440, stack(0x0000003f2d900000,0x0000003f2da00000) (1024K)]
  0x000001ba24212e10 JavaThread "Attach Listener"            daemon [_thread_blocked, id=8936, stack(0x0000003f2da00000,0x0000003f2db00000) (1024K)]
  0x000001ba24213870 JavaThread "Service Thread"             daemon [_thread_blocked, id=6908, stack(0x0000003f2db00000,0x0000003f2dc00000) (1024K)]
  0x000001ba24214550 JavaThread "Monitor Deflation Thread"   daemon [_thread_blocked, id=15288, stack(0x0000003f2dc00000,0x0000003f2dd00000) (1024K)]
=>0x000001ba242152e0 JavaThread "C2 CompilerThread0"         daemon [_thread_in_native, id=14712, stack(0x0000003f2dd00000,0x0000003f2de00000) (1024K)]
  0x000001ba2421dd90 JavaThread "C1 CompilerThread0"         daemon [_thread_blocked, id=14512, stack(0x0000003f2de00000,0x0000003f2df00000) (1024K)]
  0x000001ba244959b0 JavaThread "Notification Thread"        daemon [_thread_blocked, id=15248, stack(0x0000003f2df00000,0x0000003f2e000000) (1024K)]
  0x000001ba244a4610 JavaThread "Common-Cleaner"             daemon [_thread_blocked, id=12256, stack(0x0000003f2e000000,0x0000003f2e100000) (1024K)]
  0x000001ba74853660 JavaThread "client"                            [_thread_in_native, id=7996, stack(0x0000003f2e500000,0x0000003f2e600000) (1024K)]
  0x000001ba037aef80 JavaThread "DestroyJavaVM"                     [_thread_blocked, id=11000, stack(0x0000003f2cf00000,0x0000003f2d000000) (1024K)]
  0x000001ba74694370 JavaThread "async0"                            [_thread_blocked, id=13996, stack(0x0000003f2e100000,0x0000003f2e200000) (1024K)]
  0x000001ba2449ce40 JavaThread "async1"                            [_thread_blocked, id=10604, stack(0x0000003f2e700000,0x0000003f2e800000) (1024K)]
  0x000001ba74a0ef60 JavaThread "debounce0"                         [_thread_in_Java, id=8648, stack(0x0000003f2e800000,0x0000003f2e900000) (1024K)]
  0x000001ba73f73450 JavaThread "async2"                            [_thread_blocked, id=14700, stack(0x0000003f2e900000,0x0000003f2ea00000) (1024K)]
Total: 16

Other Threads:
  0x000001ba241ec250 VMThread "VM Thread"                           [id=3952, stack(0x0000003f2d600000,0x0000003f2d700000) (1024K)]
  0x000001ba241db430 WatcherThread "VM Periodic Task Thread"        [id=10348, stack(0x0000003f2d500000,0x0000003f2d600000) (1024K)]
  0x000001ba039dd5a0 WorkerThread "GC Thread#0"                     [id=9656, stack(0x0000003f2d000000,0x0000003f2d100000) (1024K)]
  0x000001ba24870650 WorkerThread "GC Thread#1"                     [id=15276, stack(0x0000003f2e200000,0x0000003f2e300000) (1024K)]
  0x000001ba24870a00 WorkerThread "GC Thread#2"                     [id=15040, stack(0x0000003f2e300000,0x0000003f2e400000) (1024K)]
  0x000001ba24870db0 WorkerThread "GC Thread#3"                     [id=15232, stack(0x0000003f2e400000,0x0000003f2e500000) (1024K)]
  0x000001ba039eeed0 ConcurrentGCThread "G1 Main Marker"            [id=2008, stack(0x0000003f2d100000,0x0000003f2d200000) (1024K)]
  0x000001ba039ef9e0 WorkerThread "G1 Conc#0"                       [id=14772, stack(0x0000003f2d200000,0x0000003f2d300000) (1024K)]
  0x000001ba03a3eb90 ConcurrentGCThread "G1 Refine#0"               [id=12008, stack(0x0000003f2d300000,0x0000003f2d400000) (1024K)]
  0x000001ba2409da20 ConcurrentGCThread "G1 Service"                [id=5156, stack(0x0000003f2d400000,0x0000003f2d500000) (1024K)]
Total: 10

Threads with active compile tasks:
C2 CompilerThread0    47299 16617       4       org.jetbrains.kotlin.serialization.deserialization.TypeDeserializer::typeConstructor (338 bytes)
Total: 1

VM state: not at safepoint (normal execution)

VM Mutex/Monitor currently owned by a thread: None

Heap address: 0x0000000700800000, size: 4088 MB, Compressed Oops mode: Zero based, Oop shift amount: 3

CDS archive(s) mapped at: [0x000001ba25000000-0x000001ba25c90000-0x000001ba25c90000), size 13172736, SharedBaseAddress: 0x000001ba25000000, ArchiveRelocationMode: 1.
Compressed class space mapped at: 0x000001ba26000000-0x000001ba66000000, reserved size: 1073741824
Narrow klass base: 0x000001ba25000000, Narrow klass shift: 0, Narrow klass range: 0x100000000

GC Precious Log:
 CardTable entry size: 512
 Card Set container configuration: InlinePtr #cards 4 size 8 Array Of Cards #cards 16 size 48 Howl #buckets 8 coarsen threshold 3686 Howl Bitmap #cards 512 size 80 coarsen threshold 460 Card regions per heap region 1 cards per card region 4096
 CPUs: 4 total, 4 available
 Memory: 16348M
 Large Page Support: Disabled
 NUMA Support: Disabled
 Compressed Oops: Enabled (Zero based)
 Heap Region Size: 2M
 Heap Min Capacity: 8M
 Heap Initial Capacity: 256M
 Heap Max Capacity: 4088M
 Pre-touch: Disabled
 Parallel Workers: 4
 Concurrent Workers: 1
 Concurrent Refinement Workers: 4
 Periodic GC: Disabled

Heap:
 garbage-first heap   total 581632K, used 420316K [0x0000000700800000, 0x0000000800000000)
  region size 2048K, 48 young (98304K), 10 survivors (20480K)
 Metaspace       used 79344K, committed 80320K, reserved 1179648K
  class space    used 8750K, committed 9216K, reserved 1048576K

Heap Regions: E=young(eden), S=young(survivor), O=old, HS=humongous(starts), HC=humongous(continues), CS=collection set, F=free, TAMS=top-at-mark-start, PB=parsable bottom
|   0|0x0000000700800000, 0x0000000700a00000, 0x0000000700a00000|100%|HS|  |TAMS 0x0000000700800000| PB 0x0000000700800000| Complete 
|   1|0x0000000700a00000, 0x0000000700c00000, 0x0000000700c00000|100%|HC|  |TAMS 0x0000000700a00000| PB 0x0000000700a00000| Complete 
|   2|0x0000000700c00000, 0x0000000700e00000, 0x0000000700e00000|100%| O|  |TAMS 0x0000000700c00000| PB 0x0000000700c00000| Untracked 
|   3|0x0000000700e00000, 0x0000000701000000, 0x0000000701000000|100%| O|  |TAMS 0x0000000700e00000| PB 0x0000000700e00000| Untracked 
|   4|0x0000000701000000, 0x0000000701200000, 0x0000000701200000|100%| O|  |TAMS 0x0000000701000000| PB 0x0000000701000000| Untracked 
|   5|0x0000000701200000, 0x0000000701400000, 0x0000000701400000|100%| O|  |TAMS 0x0000000701200000| PB 0x0000000701200000| Untracked 
|   6|0x0000000701400000, 0x0000000701600000, 0x0000000701600000|100%| O|  |TAMS 0x0000000701400000| PB 0x0000000701400000| Untracked 
|   7|0x0000000701600000, 0x0000000701800000, 0x0000000701800000|100%| O|  |TAMS 0x0000000701600000| PB 0x0000000701600000| Untracked 
|   8|0x0000000701800000, 0x0000000701a00000, 0x0000000701a00000|100%| O|  |TAMS 0x0000000701800000| PB 0x0000000701800000| Untracked 
|   9|0x0000000701a00000, 0x0000000701c00000, 0x0000000701c00000|100%| O|  |TAMS 0x0000000701a00000| PB 0x0000000701a00000| Untracked 
|  10|0x0000000701c00000, 0x0000000701e00000, 0x0000000701e00000|100%| O|  |TAMS 0x0000000701c00000| PB 0x0000000701c00000| Untracked 
|  11|0x0000000701e00000, 0x0000000702000000, 0x0000000702000000|100%| O|  |TAMS 0x0000000701e00000| PB 0x0000000701e00000| Untracked 
|  12|0x0000000702000000, 0x0000000702200000, 0x0000000702200000|100%| O|  |TAMS 0x0000000702000000| PB 0x0000000702000000| Untracked 
|  13|0x0000000702200000, 0x0000000702400000, 0x0000000702400000|100%| O|  |TAMS 0x0000000702200000| PB 0x0000000702200000| Untracked 
|  14|0x0000000702400000, 0x0000000702600000, 0x0000000702600000|100%| O|  |TAMS 0x0000000702400000| PB 0x0000000702400000| Untracked 
|  15|0x0000000702600000, 0x0000000702800000, 0x0000000702800000|100%| O|  |TAMS 0x0000000702600000| PB 0x0000000702600000| Untracked 
|  16|0x0000000702800000, 0x0000000702a00000, 0x0000000702a00000|100%| O|  |TAMS 0x0000000702800000| PB 0x0000000702800000| Untracked 
|  17|0x0000000702a00000, 0x0000000702c00000, 0x0000000702c00000|100%|HS|  |TAMS 0x0000000702a00000| PB 0x0000000702a00000| Complete 
|  18|0x0000000702c00000, 0x0000000702e00000, 0x0000000702e00000|100%| O|  |TAMS 0x0000000702c00000| PB 0x0000000702c00000| Untracked 
|  19|0x0000000702e00000, 0x0000000703000000, 0x0000000703000000|100%| O|  |TAMS 0x0000000702e00000| PB 0x0000000702e00000| Untracked 
|  20|0x0000000703000000, 0x0000000703200000, 0x0000000703200000|100%| O|  |TAMS 0x0000000703000000| PB 0x0000000703000000| Untracked 
|  21|0x0000000703200000, 0x0000000703400000, 0x0000000703400000|100%| O|  |TAMS 0x0000000703200000| PB 0x0000000703200000| Untracked 
|  22|0x0000000703400000, 0x0000000703600000, 0x0000000703600000|100%| O|  |TAMS 0x0000000703400000| PB 0x0000000703400000| Untracked 
|  23|0x0000000703600000, 0x0000000703800000, 0x0000000703800000|100%| O|  |TAMS 0x0000000703600000| PB 0x0000000703600000| Untracked 
|  24|0x0000000703800000, 0x0000000703a00000, 0x0000000703a00000|100%| O|  |TAMS 0x0000000703800000| PB 0x0000000703800000| Untracked 
|  25|0x0000000703a00000, 0x0000000703c00000, 0x0000000703c00000|100%| O|  |TAMS 0x0000000703a00000| PB 0x0000000703a00000| Untracked 
|  26|0x0000000703c00000, 0x0000000703e00000, 0x0000000703e00000|100%| O|  |TAMS 0x0000000703c00000| PB 0x0000000703c00000| Untracked 
|  27|0x0000000703e00000, 0x0000000704000000, 0x0000000704000000|100%| O|  |TAMS 0x0000000703e00000| PB 0x0000000703e00000| Untracked 
|  28|0x0000000704000000, 0x0000000704200000, 0x0000000704200000|100%| O|  |TAMS 0x0000000704000000| PB 0x0000000704000000| Untracked 
|  29|0x0000000704200000, 0x0000000704400000, 0x0000000704400000|100%| O|  |TAMS 0x0000000704200000| PB 0x0000000704200000| Untracked 
|  30|0x0000000704400000, 0x0000000704600000, 0x0000000704600000|100%| O|  |TAMS 0x0000000704400000| PB 0x0000000704400000| Untracked 
|  31|0x0000000704600000, 0x0000000704800000, 0x0000000704800000|100%| O|  |TAMS 0x0000000704600000| PB 0x0000000704600000| Untracked 
|  32|0x0000000704800000, 0x0000000704a00000, 0x0000000704a00000|100%| O|  |TAMS 0x0000000704800000| PB 0x0000000704800000| Untracked 
|  33|0x0000000704a00000, 0x0000000704c00000, 0x0000000704c00000|100%| O|  |TAMS 0x0000000704a00000| PB 0x0000000704a00000| Untracked 
|  34|0x0000000704c00000, 0x0000000704e00000, 0x0000000704e00000|100%| O|  |TAMS 0x0000000704c00000| PB 0x0000000704c00000| Untracked 
|  35|0x0000000704e00000, 0x0000000705000000, 0x0000000705000000|100%| O|  |TAMS 0x0000000704e00000| PB 0x0000000704e00000| Untracked 
|  36|0x0000000705000000, 0x0000000705200000, 0x0000000705200000|100%| O|  |TAMS 0x0000000705000000| PB 0x0000000705000000| Untracked 
|  37|0x0000000705200000, 0x0000000705400000, 0x0000000705400000|100%| O|  |TAMS 0x0000000705200000| PB 0x0000000705200000| Untracked 
|  38|0x0000000705400000, 0x0000000705600000, 0x0000000705600000|100%| O|  |TAMS 0x0000000705400000| PB 0x0000000705400000| Untracked 
|  39|0x0000000705600000, 0x0000000705800000, 0x0000000705800000|100%| O|  |TAMS 0x0000000705600000| PB 0x0000000705600000| Untracked 
|  40|0x0000000705800000, 0x0000000705a00000, 0x0000000705a00000|100%| O|  |TAMS 0x0000000705800000| PB 0x0000000705800000| Untracked 
|  41|0x0000000705a00000, 0x0000000705c00000, 0x0000000705c00000|100%| O|  |TAMS 0x0000000705a00000| PB 0x0000000705a00000| Untracked 
|  42|0x0000000705c00000, 0x0000000705e00000, 0x0000000705e00000|100%| O|  |TAMS 0x0000000705c00000| PB 0x0000000705c00000| Untracked 
|  43|0x0000000705e00000, 0x0000000706000000, 0x0000000706000000|100%| O|  |TAMS 0x0000000705e00000| PB 0x0000000705e00000| Untracked 
|  44|0x0000000706000000, 0x0000000706200000, 0x0000000706200000|100%| O|  |TAMS 0x0000000706000000| PB 0x0000000706000000| Untracked 
|  45|0x0000000706200000, 0x0000000706400000, 0x0000000706400000|100%| O|  |TAMS 0x0000000706200000| PB 0x0000000706200000| Untracked 
|  46|0x0000000706400000, 0x0000000706600000, 0x0000000706600000|100%| O|  |TAMS 0x0000000706400000| PB 0x0000000706400000| Untracked 
|  47|0x0000000706600000, 0x0000000706800000, 0x0000000706800000|100%| O|  |TAMS 0x0000000706600000| PB 0x0000000706600000| Untracked 
|  48|0x0000000706800000, 0x0000000706a00000, 0x0000000706a00000|100%| O|  |TAMS 0x0000000706800000| PB 0x0000000706800000| Untracked 
|  49|0x0000000706a00000, 0x0000000706c00000, 0x0000000706c00000|100%| O|  |TAMS 0x0000000706a00000| PB 0x0000000706a00000| Untracked 
|  50|0x0000000706c00000, 0x0000000706e00000, 0x0000000706e00000|100%| O|  |TAMS 0x0000000706c00000| PB 0x0000000706c00000| Untracked 
|  51|0x0000000706e00000, 0x0000000707000000, 0x0000000707000000|100%| O|  |TAMS 0x0000000706e00000| PB 0x0000000706e00000| Untracked 
|  52|0x0000000707000000, 0x0000000707200000, 0x0000000707200000|100%| O|  |TAMS 0x0000000707000000| PB 0x0000000707000000| Untracked 
|  53|0x0000000707200000, 0x0000000707400000, 0x0000000707400000|100%| O|  |TAMS 0x0000000707200000| PB 0x0000000707200000| Untracked 
|  54|0x0000000707400000, 0x0000000707600000, 0x0000000707600000|100%| O|  |TAMS 0x0000000707400000| PB 0x0000000707400000| Untracked 
|  55|0x0000000707600000, 0x0000000707800000, 0x0000000707800000|100%| O|  |TAMS 0x0000000707600000| PB 0x0000000707600000| Untracked 
|  56|0x0000000707800000, 0x0000000707a00000, 0x0000000707a00000|100%| O|  |TAMS 0x0000000707800000| PB 0x0000000707800000| Untracked 
|  57|0x0000000707a00000, 0x0000000707c00000, 0x0000000707c00000|100%| O|  |TAMS 0x0000000707a00000| PB 0x0000000707a00000| Untracked 
|  58|0x0000000707c00000, 0x0000000707e00000, 0x0000000707e00000|100%| O|  |TAMS 0x0000000707c00000| PB 0x0000000707c00000| Untracked 
|  59|0x0000000707e00000, 0x0000000708000000, 0x0000000708000000|100%| O|  |TAMS 0x0000000707e00000| PB 0x0000000707e00000| Untracked 
|  60|0x0000000708000000, 0x0000000708200000, 0x0000000708200000|100%| O|  |TAMS 0x0000000708000000| PB 0x0000000708000000| Untracked 
|  61|0x0000000708200000, 0x0000000708400000, 0x0000000708400000|100%| O|  |TAMS 0x0000000708200000| PB 0x0000000708200000| Untracked 
|  62|0x0000000708400000, 0x0000000708600000, 0x0000000708600000|100%| O|  |TAMS 0x0000000708400000| PB 0x0000000708400000| Untracked 
|  63|0x0000000708600000, 0x0000000708800000, 0x0000000708800000|100%| O|  |TAMS 0x0000000708600000| PB 0x0000000708600000| Untracked 
|  64|0x0000000708800000, 0x0000000708a00000, 0x0000000708a00000|100%| O|  |TAMS 0x0000000708800000| PB 0x0000000708800000| Untracked 
|  65|0x0000000708a00000, 0x0000000708c00000, 0x0000000708c00000|100%| O|  |TAMS 0x0000000708a00000| PB 0x0000000708a00000| Untracked 
|  66|0x0000000708c00000, 0x0000000708e00000, 0x0000000708e00000|100%| O|  |TAMS 0x0000000708c00000| PB 0x0000000708c00000| Untracked 
|  67|0x0000000708e00000, 0x0000000709000000, 0x0000000709000000|100%| O|  |TAMS 0x0000000708e00000| PB 0x0000000708e00000| Untracked 
|  68|0x0000000709000000, 0x0000000709200000, 0x0000000709200000|100%| O|  |TAMS 0x0000000709000000| PB 0x0000000709000000| Untracked 
|  69|0x0000000709200000, 0x0000000709400000, 0x0000000709400000|100%| O|  |TAMS 0x0000000709200000| PB 0x0000000709200000| Untracked 
|  70|0x0000000709400000, 0x0000000709600000, 0x0000000709600000|100%| O|  |TAMS 0x0000000709400000| PB 0x0000000709400000| Untracked 
|  71|0x0000000709600000, 0x0000000709800000, 0x0000000709800000|100%| O|  |TAMS 0x0000000709600000| PB 0x0000000709600000| Untracked 
|  72|0x0000000709800000, 0x0000000709a00000, 0x0000000709a00000|100%| O|  |TAMS 0x0000000709800000| PB 0x0000000709800000| Untracked 
|  73|0x0000000709a00000, 0x0000000709c00000, 0x0000000709c00000|100%| O|  |TAMS 0x0000000709a00000| PB 0x0000000709a00000| Untracked 
|  74|0x0000000709c00000, 0x0000000709e00000, 0x0000000709e00000|100%| O|  |TAMS 0x0000000709c00000| PB 0x0000000709c00000| Untracked 
|  75|0x0000000709e00000, 0x000000070a000000, 0x000000070a000000|100%| O|  |TAMS 0x0000000709e00000| PB 0x0000000709e00000| Untracked 
|  76|0x000000070a000000, 0x000000070a200000, 0x000000070a200000|100%| O|  |TAMS 0x000000070a000000| PB 0x000000070a000000| Untracked 
|  77|0x000000070a200000, 0x000000070a400000, 0x000000070a400000|100%| O|  |TAMS 0x000000070a200000| PB 0x000000070a200000| Untracked 
|  78|0x000000070a400000, 0x000000070a600000, 0x000000070a600000|100%| O|  |TAMS 0x000000070a400000| PB 0x000000070a400000| Untracked 
|  79|0x000000070a600000, 0x000000070a800000, 0x000000070a800000|100%| O|  |TAMS 0x000000070a600000| PB 0x000000070a600000| Untracked 
|  80|0x000000070a800000, 0x000000070aa00000, 0x000000070aa00000|100%| O|  |TAMS 0x000000070a800000| PB 0x000000070a800000| Untracked 
|  81|0x000000070aa00000, 0x000000070ac00000, 0x000000070ac00000|100%| O|  |TAMS 0x000000070aa00000| PB 0x000000070aa00000| Untracked 
|  82|0x000000070ac00000, 0x000000070ae00000, 0x000000070ae00000|100%| O|  |TAMS 0x000000070ac00000| PB 0x000000070ac00000| Untracked 
|  83|0x000000070ae00000, 0x000000070b000000, 0x000000070b000000|100%| O|  |TAMS 0x000000070ae00000| PB 0x000000070ae00000| Untracked 
|  84|0x000000070b000000, 0x000000070b200000, 0x000000070b200000|100%| O|  |TAMS 0x000000070b000000| PB 0x000000070b000000| Untracked 
|  85|0x000000070b200000, 0x000000070b400000, 0x000000070b400000|100%| O|  |TAMS 0x000000070b200000| PB 0x000000070b200000| Untracked 
|  86|0x000000070b400000, 0x000000070b600000, 0x000000070b600000|100%| O|  |TAMS 0x000000070b400000| PB 0x000000070b400000| Untracked 
|  87|0x000000070b600000, 0x000000070b800000, 0x000000070b800000|100%| O|  |TAMS 0x000000070b600000| PB 0x000000070b600000| Untracked 
|  88|0x000000070b800000, 0x000000070ba00000, 0x000000070ba00000|100%| O|  |TAMS 0x000000070b800000| PB 0x000000070b800000| Untracked 
|  89|0x000000070ba00000, 0x000000070bc00000, 0x000000070bc00000|100%| O|  |TAMS 0x000000070ba00000| PB 0x000000070ba00000| Untracked 
|  90|0x000000070bc00000, 0x000000070be00000, 0x000000070be00000|100%| O|  |TAMS 0x000000070bc00000| PB 0x000000070bc00000| Untracked 
|  91|0x000000070be00000, 0x000000070c000000, 0x000000070c000000|100%| O|  |TAMS 0x000000070be00000| PB 0x000000070be00000| Untracked 
|  92|0x000000070c000000, 0x000000070c200000, 0x000000070c200000|100%| O|  |TAMS 0x000000070c000000| PB 0x000000070c000000| Untracked 
|  93|0x000000070c200000, 0x000000070c400000, 0x000000070c400000|100%| O|  |TAMS 0x000000070c200000| PB 0x000000070c200000| Untracked 
|  94|0x000000070c400000, 0x000000070c600000, 0x000000070c600000|100%| O|  |TAMS 0x000000070c400000| PB 0x000000070c400000| Untracked 
|  95|0x000000070c600000, 0x000000070c800000, 0x000000070c800000|100%| O|  |TAMS 0x000000070c600000| PB 0x000000070c600000| Untracked 
|  96|0x000000070c800000, 0x000000070ca00000, 0x000000070ca00000|100%| O|  |TAMS 0x000000070c800000| PB 0x000000070c800000| Untracked 
|  97|0x000000070ca00000, 0x000000070cc00000, 0x000000070cc00000|100%| O|  |TAMS 0x000000070ca00000| PB 0x000000070ca00000| Untracked 
|  98|0x000000070cc00000, 0x000000070ce00000, 0x000000070ce00000|100%| O|  |TAMS 0x000000070cc00000| PB 0x000000070cc00000| Untracked 
|  99|0x000000070ce00000, 0x000000070d000000, 0x000000070d000000|100%| O|  |TAMS 0x000000070ce00000| PB 0x000000070ce00000| Untracked 
| 100|0x000000070d000000, 0x000000070d200000, 0x000000070d200000|100%| O|  |TAMS 0x000000070d000000| PB 0x000000070d000000| Untracked 
| 101|0x000000070d200000, 0x000000070d400000, 0x000000070d400000|100%| O|  |TAMS 0x000000070d200000| PB 0x000000070d200000| Untracked 
| 102|0x000000070d400000, 0x000000070d600000, 0x000000070d600000|100%| O|  |TAMS 0x000000070d400000| PB 0x000000070d400000| Untracked 
| 103|0x000000070d600000, 0x000000070d800000, 0x000000070d800000|100%| O|  |TAMS 0x000000070d600000| PB 0x000000070d600000| Untracked 
| 104|0x000000070d800000, 0x000000070da00000, 0x000000070da00000|100%| O|  |TAMS 0x000000070d800000| PB 0x000000070d800000| Untracked 
| 105|0x000000070da00000, 0x000000070dc00000, 0x000000070dc00000|100%| O|  |TAMS 0x000000070da00000| PB 0x000000070da00000| Untracked 
| 106|0x000000070dc00000, 0x000000070de00000, 0x000000070de00000|100%| O|  |TAMS 0x000000070dc00000| PB 0x000000070dc00000| Untracked 
| 107|0x000000070de00000, 0x000000070e000000, 0x000000070e000000|100%| O|  |TAMS 0x000000070de00000| PB 0x000000070de00000| Untracked 
| 108|0x000000070e000000, 0x000000070e200000, 0x000000070e200000|100%| O|  |TAMS 0x000000070e000000| PB 0x000000070e000000| Untracked 
| 109|0x000000070e200000, 0x000000070e400000, 0x000000070e400000|100%| O|  |TAMS 0x000000070e200000| PB 0x000000070e200000| Untracked 
| 110|0x000000070e400000, 0x000000070e600000, 0x000000070e600000|100%| O|  |TAMS 0x000000070e400000| PB 0x000000070e400000| Untracked 
| 111|0x000000070e600000, 0x000000070e800000, 0x000000070e800000|100%| O|  |TAMS 0x000000070e600000| PB 0x000000070e600000| Untracked 
| 112|0x000000070e800000, 0x000000070ea00000, 0x000000070ea00000|100%| O|  |TAMS 0x000000070e800000| PB 0x000000070e800000| Untracked 
| 113|0x000000070ea00000, 0x000000070ec00000, 0x000000070ec00000|100%| O|  |TAMS 0x000000070ea00000| PB 0x000000070ea00000| Untracked 
| 114|0x000000070ec00000, 0x000000070ee00000, 0x000000070ee00000|100%| O|  |TAMS 0x000000070ec00000| PB 0x000000070ec00000| Untracked 
| 115|0x000000070ee00000, 0x000000070f000000, 0x000000070f000000|100%| O|  |TAMS 0x000000070ee00000| PB 0x000000070ee00000| Untracked 
| 116|0x000000070f000000, 0x000000070f200000, 0x000000070f200000|100%| O|  |TAMS 0x000000070f000000| PB 0x000000070f000000| Untracked 
| 117|0x000000070f200000, 0x000000070f400000, 0x000000070f400000|100%| O|  |TAMS 0x000000070f200000| PB 0x000000070f200000| Untracked 
| 118|0x000000070f400000, 0x000000070f600000, 0x000000070f600000|100%| O|  |TAMS 0x000000070f400000| PB 0x000000070f400000| Untracked 
| 119|0x000000070f600000, 0x000000070f800000, 0x000000070f800000|100%| O|  |TAMS 0x000000070f600000| PB 0x000000070f600000| Untracked 
| 120|0x000000070f800000, 0x000000070fa00000, 0x000000070fa00000|100%| O|  |TAMS 0x000000070f800000| PB 0x000000070f800000| Untracked 
| 121|0x000000070fa00000, 0x000000070fa00000, 0x000000070fc00000|  0%| F|  |TAMS 0x000000070fa00000| PB 0x000000070fa00000| Untracked 
| 122|0x000000070fc00000, 0x000000070fe00000, 0x000000070fe00000|100%| O|  |TAMS 0x000000070fc00000| PB 0x000000070fc00000| Untracked 
| 123|0x000000070fe00000, 0x0000000710000000, 0x0000000710000000|100%|HS|  |TAMS 0x000000070fe00000| PB 0x000000070fe00000| Complete 
| 124|0x0000000710000000, 0x0000000710200000, 0x0000000710200000|100%| O|  |TAMS 0x0000000710000000| PB 0x0000000710000000| Untracked 
| 125|0x0000000710200000, 0x0000000710200000, 0x0000000710400000|  0%| F|  |TAMS 0x0000000710200000| PB 0x0000000710200000| Untracked 
| 126|0x0000000710400000, 0x0000000710600000, 0x0000000710600000|100%| O|  |TAMS 0x0000000710400000| PB 0x0000000710400000| Untracked 
| 127|0x0000000710600000, 0x0000000710800000, 0x0000000710800000|100%| O|  |TAMS 0x0000000710600000| PB 0x0000000710600000| Untracked 
| 128|0x0000000710800000, 0x0000000710a00000, 0x0000000710a00000|100%| O|  |TAMS 0x0000000710800000| PB 0x0000000710800000| Untracked 
| 129|0x0000000710a00000, 0x0000000710c00000, 0x0000000710c00000|100%| O|  |TAMS 0x0000000710a00000| PB 0x0000000710a00000| Untracked 
| 130|0x0000000710c00000, 0x0000000710e00000, 0x0000000710e00000|100%| O|  |TAMS 0x0000000710c00000| PB 0x0000000710c00000| Untracked 
| 131|0x0000000710e00000, 0x0000000710e00000, 0x0000000711000000|  0%| F|  |TAMS 0x0000000710e00000| PB 0x0000000710e00000| Untracked 
| 132|0x0000000711000000, 0x0000000711200000, 0x0000000711200000|100%| O|  |TAMS 0x0000000711000000| PB 0x0000000711000000| Untracked 
| 133|0x0000000711200000, 0x0000000711400000, 0x0000000711400000|100%| O|  |TAMS 0x0000000711200000| PB 0x0000000711200000| Untracked 
| 134|0x0000000711400000, 0x0000000711600000, 0x0000000711600000|100%| O|  |TAMS 0x0000000711400000| PB 0x0000000711400000| Untracked 
| 135|0x0000000711600000, 0x0000000711800000, 0x0000000711800000|100%| O|  |TAMS 0x0000000711600000| PB 0x0000000711600000| Untracked 
| 136|0x0000000711800000, 0x0000000711a00000, 0x0000000711a00000|100%| O|  |TAMS 0x0000000711800000| PB 0x0000000711800000| Untracked 
| 137|0x0000000711a00000, 0x0000000711c00000, 0x0000000711c00000|100%| O|  |TAMS 0x0000000711a00000| PB 0x0000000711a00000| Untracked 
| 138|0x0000000711c00000, 0x0000000711e00000, 0x0000000711e00000|100%| O|  |TAMS 0x0000000711c00000| PB 0x0000000711c00000| Untracked 
| 139|0x0000000711e00000, 0x0000000712000000, 0x0000000712000000|100%| O|  |TAMS 0x0000000711e00000| PB 0x0000000711e00000| Untracked 
| 140|0x0000000712000000, 0x0000000712200000, 0x0000000712200000|100%| O|  |TAMS 0x0000000712000000| PB 0x0000000712000000| Untracked 
| 141|0x0000000712200000, 0x0000000712400000, 0x0000000712400000|100%| O|  |TAMS 0x0000000712200000| PB 0x0000000712200000| Untracked 
| 142|0x0000000712400000, 0x0000000712600000, 0x0000000712600000|100%| O|  |TAMS 0x0000000712400000| PB 0x0000000712400000| Untracked 
| 143|0x0000000712600000, 0x0000000712800000, 0x0000000712800000|100%| O|  |TAMS 0x0000000712600000| PB 0x0000000712600000| Untracked 
| 144|0x0000000712800000, 0x0000000712a00000, 0x0000000712a00000|100%| O|  |TAMS 0x0000000712800000| PB 0x0000000712800000| Untracked 
| 145|0x0000000712a00000, 0x0000000712c00000, 0x0000000712c00000|100%| O|  |TAMS 0x0000000712a00000| PB 0x0000000712a00000| Untracked 
| 146|0x0000000712c00000, 0x0000000712e00000, 0x0000000712e00000|100%| O|  |TAMS 0x0000000712c00000| PB 0x0000000712c00000| Untracked 
| 147|0x0000000712e00000, 0x0000000713000000, 0x0000000713000000|100%| O|  |TAMS 0x0000000712e00000| PB 0x0000000712e00000| Untracked 
| 148|0x0000000713000000, 0x0000000713200000, 0x0000000713200000|100%| O|  |TAMS 0x0000000713000000| PB 0x0000000713000000| Untracked 
| 149|0x0000000713200000, 0x0000000713400000, 0x0000000713400000|100%| O|  |TAMS 0x0000000713200000| PB 0x0000000713200000| Untracked 
| 150|0x0000000713400000, 0x0000000713600000, 0x0000000713600000|100%| O|  |TAMS 0x0000000713400000| PB 0x0000000713400000| Untracked 
| 151|0x0000000713600000, 0x0000000713800000, 0x0000000713800000|100%| O|  |TAMS 0x0000000713600000| PB 0x0000000713600000| Untracked 
| 152|0x0000000713800000, 0x0000000713a00000, 0x0000000713a00000|100%| O|  |TAMS 0x0000000713800000| PB 0x0000000713800000| Untracked 
| 153|0x0000000713a00000, 0x0000000713c00000, 0x0000000713c00000|100%| O|  |TAMS 0x0000000713a00000| PB 0x0000000713a00000| Untracked 
| 154|0x0000000713c00000, 0x0000000713e00000, 0x0000000713e00000|100%| O|  |TAMS 0x0000000713c00000| PB 0x0000000713c00000| Untracked 
| 155|0x0000000713e00000, 0x0000000714000000, 0x0000000714000000|100%| O|  |TAMS 0x0000000713e00000| PB 0x0000000713e00000| Untracked 
| 156|0x0000000714000000, 0x0000000714200000, 0x0000000714200000|100%| O|  |TAMS 0x0000000714000000| PB 0x0000000714000000| Untracked 
| 157|0x0000000714200000, 0x0000000714400000, 0x0000000714400000|100%| O|  |TAMS 0x0000000714200000| PB 0x0000000714200000| Untracked 
| 158|0x0000000714400000, 0x0000000714600000, 0x0000000714600000|100%| O|  |TAMS 0x0000000714400000| PB 0x0000000714400000| Untracked 
| 159|0x0000000714600000, 0x0000000714800000, 0x0000000714800000|100%| O|  |TAMS 0x0000000714600000| PB 0x0000000714600000| Untracked 
| 160|0x0000000714800000, 0x00000007148d66d0, 0x0000000714a00000| 41%| O|  |TAMS 0x0000000714800000| PB 0x0000000714800000| Untracked 
| 161|0x0000000714a00000, 0x0000000714a00000, 0x0000000714c00000|  0%| F|  |TAMS 0x0000000714a00000| PB 0x0000000714a00000| Untracked 
| 162|0x0000000714c00000, 0x0000000714c00000, 0x0000000714e00000|  0%| F|  |TAMS 0x0000000714c00000| PB 0x0000000714c00000| Untracked 
| 163|0x0000000714e00000, 0x0000000714e00000, 0x0000000715000000|  0%| F|  |TAMS 0x0000000714e00000| PB 0x0000000714e00000| Untracked 
| 164|0x0000000715000000, 0x0000000715000000, 0x0000000715200000|  0%| F|  |TAMS 0x0000000715000000| PB 0x0000000715000000| Untracked 
| 165|0x0000000715200000, 0x0000000715200000, 0x0000000715400000|  0%| F|  |TAMS 0x0000000715200000| PB 0x0000000715200000| Untracked 
| 166|0x0000000715400000, 0x0000000715400000, 0x0000000715600000|  0%| F|  |TAMS 0x0000000715400000| PB 0x0000000715400000| Untracked 
| 167|0x0000000715600000, 0x0000000715600000, 0x0000000715800000|  0%| F|  |TAMS 0x0000000715600000| PB 0x0000000715600000| Untracked 
| 168|0x0000000715800000, 0x0000000715800000, 0x0000000715a00000|  0%| F|  |TAMS 0x0000000715800000| PB 0x0000000715800000| Untracked 
| 169|0x0000000715a00000, 0x0000000715a00000, 0x0000000715c00000|  0%| F|  |TAMS 0x0000000715a00000| PB 0x0000000715a00000| Untracked 
| 170|0x0000000715c00000, 0x0000000715c00000, 0x0000000715e00000|  0%| F|  |TAMS 0x0000000715c00000| PB 0x0000000715c00000| Untracked 
| 171|0x0000000715e00000, 0x0000000715e00000, 0x0000000716000000|  0%| F|  |TAMS 0x0000000715e00000| PB 0x0000000715e00000| Untracked 
| 172|0x0000000716000000, 0x0000000716000000, 0x0000000716200000|  0%| F|  |TAMS 0x0000000716000000| PB 0x0000000716000000| Untracked 
| 173|0x0000000716200000, 0x0000000716200000, 0x0000000716400000|  0%| F|  |TAMS 0x0000000716200000| PB 0x0000000716200000| Untracked 
| 174|0x0000000716400000, 0x00000007165a0bc0, 0x0000000716600000| 81%| S|CS|TAMS 0x0000000716400000| PB 0x0000000716400000| Complete 
| 175|0x0000000716600000, 0x0000000716800000, 0x0000000716800000|100%| S|CS|TAMS 0x0000000716600000| PB 0x0000000716600000| Complete 
| 176|0x0000000716800000, 0x0000000716a00000, 0x0000000716a00000|100%| S|CS|TAMS 0x0000000716800000| PB 0x0000000716800000| Complete 
| 177|0x0000000716a00000, 0x0000000716c00000, 0x0000000716c00000|100%| S|CS|TAMS 0x0000000716a00000| PB 0x0000000716a00000| Complete 
| 178|0x0000000716c00000, 0x0000000716e00000, 0x0000000716e00000|100%| S|CS|TAMS 0x0000000716c00000| PB 0x0000000716c00000| Complete 
| 179|0x0000000716e00000, 0x0000000717000000, 0x0000000717000000|100%| S|CS|TAMS 0x0000000716e00000| PB 0x0000000716e00000| Complete 
| 180|0x0000000717000000, 0x0000000717200000, 0x0000000717200000|100%| S|CS|TAMS 0x0000000717000000| PB 0x0000000717000000| Complete 
| 181|0x0000000717200000, 0x0000000717400000, 0x0000000717400000|100%| S|CS|TAMS 0x0000000717200000| PB 0x0000000717200000| Complete 
| 182|0x0000000717400000, 0x0000000717600000, 0x0000000717600000|100%| S|CS|TAMS 0x0000000717400000| PB 0x0000000717400000| Complete 
| 183|0x0000000717600000, 0x0000000717800000, 0x0000000717800000|100%| S|CS|TAMS 0x0000000717600000| PB 0x0000000717600000| Complete 
| 184|0x0000000717800000, 0x0000000717800000, 0x0000000717a00000|  0%| F|  |TAMS 0x0000000717800000| PB 0x0000000717800000| Untracked 
| 185|0x0000000717a00000, 0x0000000717a00000, 0x0000000717c00000|  0%| F|  |TAMS 0x0000000717a00000| PB 0x0000000717a00000| Untracked 
| 186|0x0000000717c00000, 0x0000000717c00000, 0x0000000717e00000|  0%| F|  |TAMS 0x0000000717c00000| PB 0x0000000717c00000| Untracked 
| 187|0x0000000717e00000, 0x0000000717e00000, 0x0000000718000000|  0%| F|  |TAMS 0x0000000717e00000| PB 0x0000000717e00000| Untracked 
| 188|0x0000000718000000, 0x0000000718000000, 0x0000000718200000|  0%| F|  |TAMS 0x0000000718000000| PB 0x0000000718000000| Untracked 
| 189|0x0000000718200000, 0x0000000718200000, 0x0000000718400000|  0%| F|  |TAMS 0x0000000718200000| PB 0x0000000718200000| Untracked 
| 190|0x0000000718400000, 0x0000000718400000, 0x0000000718600000|  0%| F|  |TAMS 0x0000000718400000| PB 0x0000000718400000| Untracked 
| 191|0x0000000718600000, 0x0000000718600000, 0x0000000718800000|  0%| F|  |TAMS 0x0000000718600000| PB 0x0000000718600000| Untracked 
| 192|0x0000000718800000, 0x0000000718800000, 0x0000000718a00000|  0%| F|  |TAMS 0x0000000718800000| PB 0x0000000718800000| Untracked 
| 193|0x0000000718a00000, 0x0000000718a00000, 0x0000000718c00000|  0%| F|  |TAMS 0x0000000718a00000| PB 0x0000000718a00000| Untracked 
| 194|0x0000000718c00000, 0x0000000718c00000, 0x0000000718e00000|  0%| F|  |TAMS 0x0000000718c00000| PB 0x0000000718c00000| Untracked 
| 195|0x0000000718e00000, 0x0000000718e00000, 0x0000000719000000|  0%| F|  |TAMS 0x0000000718e00000| PB 0x0000000718e00000| Untracked 
| 196|0x0000000719000000, 0x0000000719000000, 0x0000000719200000|  0%| F|  |TAMS 0x0000000719000000| PB 0x0000000719000000| Untracked 
| 197|0x0000000719200000, 0x0000000719200000, 0x0000000719400000|  0%| F|  |TAMS 0x0000000719200000| PB 0x0000000719200000| Untracked 
| 198|0x0000000719400000, 0x0000000719400000, 0x0000000719600000|  0%| F|  |TAMS 0x0000000719400000| PB 0x0000000719400000| Untracked 
| 199|0x0000000719600000, 0x0000000719600000, 0x0000000719800000|  0%| F|  |TAMS 0x0000000719600000| PB 0x0000000719600000| Untracked 
| 200|0x0000000719800000, 0x0000000719800000, 0x0000000719a00000|  0%| F|  |TAMS 0x0000000719800000| PB 0x0000000719800000| Untracked 
| 201|0x0000000719a00000, 0x0000000719a00000, 0x0000000719c00000|  0%| F|  |TAMS 0x0000000719a00000| PB 0x0000000719a00000| Untracked 
| 202|0x0000000719c00000, 0x0000000719c00000, 0x0000000719e00000|  0%| F|  |TAMS 0x0000000719c00000| PB 0x0000000719c00000| Untracked 
| 203|0x0000000719e00000, 0x0000000719e00000, 0x000000071a000000|  0%| F|  |TAMS 0x0000000719e00000| PB 0x0000000719e00000| Untracked 
| 204|0x000000071a000000, 0x000000071a000000, 0x000000071a200000|  0%| F|  |TAMS 0x000000071a000000| PB 0x000000071a000000| Untracked 
| 205|0x000000071a200000, 0x000000071a200000, 0x000000071a400000|  0%| F|  |TAMS 0x000000071a200000| PB 0x000000071a200000| Untracked 
| 206|0x000000071a400000, 0x000000071a400000, 0x000000071a600000|  0%| F|  |TAMS 0x000000071a400000| PB 0x000000071a400000| Untracked 
| 207|0x000000071a600000, 0x000000071a600000, 0x000000071a800000|  0%| F|  |TAMS 0x000000071a600000| PB 0x000000071a600000| Untracked 
| 208|0x000000071a800000, 0x000000071a800000, 0x000000071aa00000|  0%| F|  |TAMS 0x000000071a800000| PB 0x000000071a800000| Untracked 
| 209|0x000000071aa00000, 0x000000071aa00000, 0x000000071ac00000|  0%| F|  |TAMS 0x000000071aa00000| PB 0x000000071aa00000| Untracked 
| 210|0x000000071ac00000, 0x000000071ac00000, 0x000000071ae00000|  0%| F|  |TAMS 0x000000071ac00000| PB 0x000000071ac00000| Untracked 
| 211|0x000000071ae00000, 0x000000071ae00000, 0x000000071b000000|  0%| F|  |TAMS 0x000000071ae00000| PB 0x000000071ae00000| Untracked 
| 212|0x000000071b000000, 0x000000071b000000, 0x000000071b200000|  0%| F|  |TAMS 0x000000071b000000| PB 0x000000071b000000| Untracked 
| 213|0x000000071b200000, 0x000000071b200000, 0x000000071b400000|  0%| F|  |TAMS 0x000000071b200000| PB 0x000000071b200000| Untracked 
| 214|0x000000071b400000, 0x000000071b400000, 0x000000071b600000|  0%| F|  |TAMS 0x000000071b400000| PB 0x000000071b400000| Untracked 
| 215|0x000000071b600000, 0x000000071b600000, 0x000000071b800000|  0%| F|  |TAMS 0x000000071b600000| PB 0x000000071b600000| Untracked 
| 216|0x000000071b800000, 0x000000071b800000, 0x000000071ba00000|  0%| F|  |TAMS 0x000000071b800000| PB 0x000000071b800000| Untracked 
| 217|0x000000071ba00000, 0x000000071ba00000, 0x000000071bc00000|  0%| F|  |TAMS 0x000000071ba00000| PB 0x000000071ba00000| Untracked 
| 218|0x000000071bc00000, 0x000000071bc00000, 0x000000071be00000|  0%| F|  |TAMS 0x000000071bc00000| PB 0x000000071bc00000| Untracked 
| 219|0x000000071be00000, 0x000000071be00000, 0x000000071c000000|  0%| F|  |TAMS 0x000000071be00000| PB 0x000000071be00000| Untracked 
| 220|0x000000071c000000, 0x000000071c000000, 0x000000071c200000|  0%| F|  |TAMS 0x000000071c000000| PB 0x000000071c000000| Untracked 
| 221|0x000000071c200000, 0x000000071c200000, 0x000000071c400000|  0%| F|  |TAMS 0x000000071c200000| PB 0x000000071c200000| Untracked 
| 222|0x000000071c400000, 0x000000071c400000, 0x000000071c600000|  0%| F|  |TAMS 0x000000071c400000| PB 0x000000071c400000| Untracked 
| 223|0x000000071c600000, 0x000000071c600000, 0x000000071c800000|  0%| F|  |TAMS 0x000000071c600000| PB 0x000000071c600000| Untracked 
| 224|0x000000071c800000, 0x000000071c800000, 0x000000071ca00000|  0%| F|  |TAMS 0x000000071c800000| PB 0x000000071c800000| Untracked 
| 225|0x000000071ca00000, 0x000000071ca00000, 0x000000071cc00000|  0%| F|  |TAMS 0x000000071ca00000| PB 0x000000071ca00000| Untracked 
| 226|0x000000071cc00000, 0x000000071cc00000, 0x000000071ce00000|  0%| F|  |TAMS 0x000000071cc00000| PB 0x000000071cc00000| Untracked 
| 227|0x000000071ce00000, 0x000000071ce00000, 0x000000071d000000|  0%| F|  |TAMS 0x000000071ce00000| PB 0x000000071ce00000| Untracked 
| 228|0x000000071d000000, 0x000000071d000000, 0x000000071d200000|  0%| F|  |TAMS 0x000000071d000000| PB 0x000000071d000000| Untracked 
| 229|0x000000071d200000, 0x000000071d200000, 0x000000071d400000|  0%| F|  |TAMS 0x000000071d200000| PB 0x000000071d200000| Untracked 
| 230|0x000000071d400000, 0x000000071d400000, 0x000000071d600000|  0%| F|  |TAMS 0x000000071d400000| PB 0x000000071d400000| Untracked 
| 231|0x000000071d600000, 0x000000071d600000, 0x000000071d800000|  0%| F|  |TAMS 0x000000071d600000| PB 0x000000071d600000| Untracked 
| 232|0x000000071d800000, 0x000000071d800000, 0x000000071da00000|  0%| F|  |TAMS 0x000000071d800000| PB 0x000000071d800000| Untracked 
| 233|0x000000071da00000, 0x000000071da00000, 0x000000071dc00000|  0%| F|  |TAMS 0x000000071da00000| PB 0x000000071da00000| Untracked 
| 234|0x000000071dc00000, 0x000000071dc00000, 0x000000071de00000|  0%| F|  |TAMS 0x000000071dc00000| PB 0x000000071dc00000| Untracked 
| 235|0x000000071de00000, 0x000000071de00000, 0x000000071e000000|  0%| F|  |TAMS 0x000000071de00000| PB 0x000000071de00000| Untracked 
| 236|0x000000071e000000, 0x000000071e000000, 0x000000071e200000|  0%| F|  |TAMS 0x000000071e000000| PB 0x000000071e000000| Untracked 
| 237|0x000000071e200000, 0x000000071e200000, 0x000000071e400000|  0%| F|  |TAMS 0x000000071e200000| PB 0x000000071e200000| Untracked 
| 238|0x000000071e400000, 0x000000071e400000, 0x000000071e600000|  0%| F|  |TAMS 0x000000071e400000| PB 0x000000071e400000| Untracked 
| 239|0x000000071e600000, 0x000000071e600000, 0x000000071e800000|  0%| F|  |TAMS 0x000000071e600000| PB 0x000000071e600000| Untracked 
| 240|0x000000071e800000, 0x000000071e800000, 0x000000071ea00000|  0%| F|  |TAMS 0x000000071e800000| PB 0x000000071e800000| Untracked 
| 241|0x000000071ea00000, 0x000000071ea00000, 0x000000071ec00000|  0%| F|  |TAMS 0x000000071ea00000| PB 0x000000071ea00000| Untracked 
| 242|0x000000071ec00000, 0x000000071ec00000, 0x000000071ee00000|  0%| F|  |TAMS 0x000000071ec00000| PB 0x000000071ec00000| Untracked 
| 243|0x000000071ee00000, 0x000000071ee00000, 0x000000071f000000|  0%| F|  |TAMS 0x000000071ee00000| PB 0x000000071ee00000| Untracked 
| 244|0x000000071f000000, 0x000000071f000000, 0x000000071f200000|  0%| F|  |TAMS 0x000000071f000000| PB 0x000000071f000000| Untracked 
| 245|0x000000071f200000, 0x000000071f400000, 0x000000071f400000|100%| E|  |TAMS 0x000000071f200000| PB 0x000000071f200000| Complete 
| 246|0x000000071f400000, 0x000000071f600000, 0x000000071f600000|100%| E|CS|TAMS 0x000000071f400000| PB 0x000000071f400000| Complete 
| 247|0x000000071f600000, 0x000000071f800000, 0x000000071f800000|100%| E|CS|TAMS 0x000000071f600000| PB 0x000000071f600000| Complete 
| 248|0x000000071f800000, 0x000000071fa00000, 0x000000071fa00000|100%| E|CS|TAMS 0x000000071f800000| PB 0x000000071f800000| Complete 
| 249|0x000000071fa00000, 0x000000071fc00000, 0x000000071fc00000|100%| E|CS|TAMS 0x000000071fa00000| PB 0x000000071fa00000| Complete 
| 250|0x000000071fc00000, 0x000000071fe00000, 0x000000071fe00000|100%| E|CS|TAMS 0x000000071fc00000| PB 0x000000071fc00000| Complete 
| 251|0x000000071fe00000, 0x0000000720000000, 0x0000000720000000|100%| E|CS|TAMS 0x000000071fe00000| PB 0x000000071fe00000| Complete 
| 252|0x0000000720000000, 0x0000000720200000, 0x0000000720200000|100%| E|CS|TAMS 0x0000000720000000| PB 0x0000000720000000| Complete 
| 253|0x0000000720200000, 0x0000000720400000, 0x0000000720400000|100%| E|CS|TAMS 0x0000000720200000| PB 0x0000000720200000| Complete 
| 254|0x0000000720400000, 0x0000000720600000, 0x0000000720600000|100%| E|CS|TAMS 0x0000000720400000| PB 0x0000000720400000| Complete 
| 255|0x0000000720600000, 0x0000000720800000, 0x0000000720800000|100%| E|CS|TAMS 0x0000000720600000| PB 0x0000000720600000| Complete 
| 256|0x0000000720800000, 0x0000000720a00000, 0x0000000720a00000|100%| E|CS|TAMS 0x0000000720800000| PB 0x0000000720800000| Complete 
| 257|0x0000000720a00000, 0x0000000720c00000, 0x0000000720c00000|100%| E|CS|TAMS 0x0000000720a00000| PB 0x0000000720a00000| Complete 
| 258|0x0000000720c00000, 0x0000000720e00000, 0x0000000720e00000|100%| E|CS|TAMS 0x0000000720c00000| PB 0x0000000720c00000| Complete 
| 259|0x0000000720e00000, 0x0000000721000000, 0x0000000721000000|100%| E|CS|TAMS 0x0000000720e00000| PB 0x0000000720e00000| Complete 
| 260|0x0000000721000000, 0x0000000721200000, 0x0000000721200000|100%| E|CS|TAMS 0x0000000721000000| PB 0x0000000721000000| Complete 
| 261|0x0000000721200000, 0x0000000721400000, 0x0000000721400000|100%| E|CS|TAMS 0x0000000721200000| PB 0x0000000721200000| Complete 
| 262|0x0000000721400000, 0x0000000721600000, 0x0000000721600000|100%| E|CS|TAMS 0x0000000721400000| PB 0x0000000721400000| Complete 
| 263|0x0000000721600000, 0x0000000721800000, 0x0000000721800000|100%| E|CS|TAMS 0x0000000721600000| PB 0x0000000721600000| Complete 
| 264|0x0000000721800000, 0x0000000721a00000, 0x0000000721a00000|100%| E|CS|TAMS 0x0000000721800000| PB 0x0000000721800000| Complete 
| 265|0x0000000721a00000, 0x0000000721c00000, 0x0000000721c00000|100%| E|CS|TAMS 0x0000000721a00000| PB 0x0000000721a00000| Complete 
| 266|0x0000000721c00000, 0x0000000721e00000, 0x0000000721e00000|100%| E|CS|TAMS 0x0000000721c00000| PB 0x0000000721c00000| Complete 
| 267|0x0000000721e00000, 0x0000000722000000, 0x0000000722000000|100%| E|CS|TAMS 0x0000000721e00000| PB 0x0000000721e00000| Complete 
| 268|0x0000000722000000, 0x0000000722200000, 0x0000000722200000|100%| E|CS|TAMS 0x0000000722000000| PB 0x0000000722000000| Complete 
| 269|0x0000000722200000, 0x0000000722400000, 0x0000000722400000|100%| E|CS|TAMS 0x0000000722200000| PB 0x0000000722200000| Complete 
| 270|0x0000000722400000, 0x0000000722600000, 0x0000000722600000|100%| E|CS|TAMS 0x0000000722400000| PB 0x0000000722400000| Complete 
| 271|0x0000000722600000, 0x0000000722800000, 0x0000000722800000|100%| E|CS|TAMS 0x0000000722600000| PB 0x0000000722600000| Complete 
| 272|0x0000000722800000, 0x0000000722a00000, 0x0000000722a00000|100%| E|CS|TAMS 0x0000000722800000| PB 0x0000000722800000| Complete 
| 273|0x0000000722a00000, 0x0000000722c00000, 0x0000000722c00000|100%| E|CS|TAMS 0x0000000722a00000| PB 0x0000000722a00000| Complete 
| 274|0x0000000722c00000, 0x0000000722e00000, 0x0000000722e00000|100%| E|CS|TAMS 0x0000000722c00000| PB 0x0000000722c00000| Complete 
| 275|0x0000000722e00000, 0x0000000723000000, 0x0000000723000000|100%| E|CS|TAMS 0x0000000722e00000| PB 0x0000000722e00000| Complete 
| 276|0x0000000723000000, 0x0000000723200000, 0x0000000723200000|100%| E|CS|TAMS 0x0000000723000000| PB 0x0000000723000000| Complete 
| 277|0x0000000723200000, 0x0000000723400000, 0x0000000723400000|100%| E|CS|TAMS 0x0000000723200000| PB 0x0000000723200000| Complete 
| 278|0x0000000723400000, 0x0000000723600000, 0x0000000723600000|100%| E|CS|TAMS 0x0000000723400000| PB 0x0000000723400000| Complete 
| 279|0x0000000723600000, 0x0000000723800000, 0x0000000723800000|100%| E|CS|TAMS 0x0000000723600000| PB 0x0000000723600000| Complete 
| 280|0x0000000723800000, 0x0000000723a00000, 0x0000000723a00000|100%| E|CS|TAMS 0x0000000723800000| PB 0x0000000723800000| Complete 
| 281|0x0000000723a00000, 0x0000000723c00000, 0x0000000723c00000|100%| E|CS|TAMS 0x0000000723a00000| PB 0x0000000723a00000| Complete 
| 282|0x0000000723c00000, 0x0000000723e00000, 0x0000000723e00000|100%| E|CS|TAMS 0x0000000723c00000| PB 0x0000000723c00000| Complete 
|2043|0x00000007ffe00000, 0x0000000800000000, 0x0000000800000000|100%| O|  |TAMS 0x00000007ffe00000| PB 0x00000007ffe00000| Untracked 

Card table byte_map: [0x000001ba1d440000,0x000001ba1dc40000] _byte_map_base: 0x000001ba19c3c000

Marking Bits: (CMBitMap*) 0x000001ba039de4c0
 Bits: [0x000001ba1dc40000, 0x000001ba21c20000)

Polling page: 0x000001ba03740000

Metaspace:

Usage:
  Non-class:     68.94 MB used.
      Class:      8.55 MB used.
       Both:     77.48 MB used.

Virtual space:
  Non-class space:      128.00 MB reserved,      69.44 MB ( 54%) committed,  2 nodes.
      Class space:        1.00 GB reserved,       9.00 MB ( <1%) committed,  1 nodes.
             Both:        1.12 GB reserved,      78.44 MB (  7%) committed. 

Chunk freelists:
   Non-Class:  10.27 MB
       Class:  6.98 MB
        Both:  17.25 MB

MaxMetaspaceSize: unlimited
CompressedClassSpaceSize: 1.00 GB
Initial GC threshold: 21.00 MB
Current GC threshold: 129.69 MB
CDS: on
 - commit_granule_bytes: 65536.
 - commit_granule_words: 8192.
 - virtual_space_node_default_size: 8388608.
 - enlarge_chunks_in_place: 1.
 - use_allocation_guard: 0.


Internal statistics:

num_allocs_failed_limit: 6.
num_arena_births: 1594.
num_arena_deaths: 0.
num_vsnodes_births: 3.
num_vsnodes_deaths: 0.
num_space_committed: 1253.
num_space_uncommitted: 0.
num_chunks_returned_to_freelist: 6.
num_chunks_taken_from_freelist: 4628.
num_chunk_merges: 6.
num_chunk_splits: 3402.
num_chunks_enlarged: 2566.
num_inconsistent_stats: 0.

CodeHeap 'non-profiled nmethods': size=120000Kb used=10582Kb max_used=10582Kb free=109417Kb
 bounds [0x000001ba150f0000, 0x000001ba15b50000, 0x000001ba1c620000]
CodeHeap 'profiled nmethods': size=120000Kb used=39818Kb max_used=39818Kb free=80181Kb
 bounds [0x000001ba0d620000, 0x000001ba0fd10000, 0x000001ba14b50000]
CodeHeap 'non-nmethods': size=5760Kb used=1756Kb max_used=1827Kb free=4003Kb
 bounds [0x000001ba14b50000, 0x000001ba14dc0000, 0x000001ba150f0000]
 total_blobs=13918 nmethods=13156 adapters=661
 compilation: enabled
              stopped_count=0, restarted_count=0
 full_count=0

Compilation events (20 events):
Event: 47.183 Thread 0x000001ba2421dd90 nmethod 16609 0x000001ba0fcfd190 code [0x000001ba0fcfd340, 0x000001ba0fcfd570]
Event: 47.183 Thread 0x000001ba2421dd90 16610       3       org.jetbrains.kotlin.load.kotlin.FileBasedKotlinClass::loadClassAnnotations (47 bytes)
Event: 47.184 Thread 0x000001ba2421dd90 nmethod 16610 0x000001ba0fcfd610 code [0x000001ba0fcfd880, 0x000001ba0fcfe2e8]
Event: 47.184 Thread 0x000001ba2421dd90 16611       3       org.jetbrains.kotlin.load.kotlin.AbstractBinaryClassAnnotationLoader$loadClassAnnotations$1::visitEnd (1 bytes)
Event: 47.184 Thread 0x000001ba2421dd90 nmethod 16611 0x000001ba0d749690 code [0x000001ba0d749820, 0x000001ba0d749928]
Event: 47.188 Thread 0x000001ba242152e0 16612       4       org.jetbrains.kotlin.types.WrappedType::getConstructor (8 bytes)
Event: 47.191 Thread 0x000001ba242152e0 nmethod 16612 0x000001ba15b44a10 code [0x000001ba15b44c00, 0x000001ba15b44ec0]
Event: 47.201 Thread 0x000001ba2421dd90 16613       3       org.jetbrains.kotlin.psi.KtProperty::hasInitializer (32 bytes)
Event: 47.201 Thread 0x000001ba2421dd90 nmethod 16613 0x000001ba0fcfe710 code [0x000001ba0fcfe900, 0x000001ba0fcfee78]
Event: 47.202 Thread 0x000001ba2421dd90 16614       3       org.jetbrains.kotlin.types.error.ErrorScope::getContributedVariables (19 bytes)
Event: 47.203 Thread 0x000001ba2421dd90 nmethod 16614 0x000001ba0fcff090 code [0x000001ba0fcff320, 0x000001ba0fcffd88]
Event: 47.233 Thread 0x000001ba242152e0 16615       4       org.jetbrains.kotlin.serialization.deserialization.TypeDeserializer::simpleType$collectAllArguments (52 bytes)
Event: 47.235 Thread 0x000001ba242152e0 nmethod 16615 0x000001ba15b45190 code [0x000001ba15b45340, 0x000001ba15b45548]
Event: 47.241 Thread 0x000001ba242152e0 16616       4       org.jetbrains.kotlin.metadata.deserialization.ProtoTypeTableUtilKt::abbreviatedType (47 bytes)
Event: 47.242 Thread 0x000001ba242152e0 nmethod 16616 0x000001ba15b45790 code [0x000001ba15b45920, 0x000001ba15b45a10]
Event: 47.242 Thread 0x000001ba242152e0 16617       4       org.jetbrains.kotlin.serialization.deserialization.TypeDeserializer::typeConstructor (338 bytes)
Event: 47.257 Thread 0x000001ba2421dd90 16619       2       org.jetbrains.kotlin.resolve.calls.inference.components.ConstraintInjector::updateAllowedTypeDepth (30 bytes)
Event: 47.257 Thread 0x000001ba2421dd90 nmethod 16619 0x000001ba0fd00190 code [0x000001ba0fd003a0, 0x000001ba0fd00800]
Event: 47.259 Thread 0x000001ba2421dd90 16620       3       it.unimi.dsi.fastutil.objects.ObjectOpenCustomHashSet::add (167 bytes)
Event: 47.260 Thread 0x000001ba2421dd90 nmethod 16620 0x000001ba0fd00b10 code [0x000001ba0fd00d80, 0x000001ba0fd019b8]

GC Heap History (20 events):
Event: 33.112 GC heap before
{Heap before GC invocations=51 (full 0):
 garbage-first heap   total 397312K, used 339217K [0x0000000700800000, 0x0000000800000000)
  region size 2048K, 75 young (153600K), 7 survivors (14336K)
 Metaspace       used 77353K, committed 78336K, reserved 1179648K
  class space    used 8622K, committed 9088K, reserved 1048576K
}
Event: 33.138 GC heap after
{Heap after GC invocations=52 (full 0):
 garbage-first heap   total 397312K, used 217622K [0x0000000700800000, 0x0000000800000000)
  region size 2048K, 10 young (20480K), 10 survivors (20480K)
 Metaspace       used 77353K, committed 78336K, reserved 1179648K
  class space    used 8622K, committed 9088K, reserved 1048576K
}
Event: 33.476 GC heap before
{Heap before GC invocations=52 (full 0):
 garbage-first heap   total 397312K, used 231958K [0x0000000700800000, 0x0000000800000000)
  region size 2048K, 18 young (36864K), 10 survivors (20480K)
 Metaspace       used 77571K, committed 78528K, reserved 1179648K
  class space    used 8643K, committed 9088K, reserved 1048576K
}
Event: 33.490 GC heap after
{Heap after GC invocations=53 (full 0):
 garbage-first heap   total 397312K, used 224703K [0x0000000700800000, 0x0000000800000000)
  region size 2048K, 3 young (6144K), 3 survivors (6144K)
 Metaspace       used 77571K, committed 78528K, reserved 1179648K
  class space    used 8643K, committed 9088K, reserved 1048576K
}
Event: 35.664 GC heap before
{Heap before GC invocations=54 (full 0):
 garbage-first heap   total 407552K, used 355775K [0x0000000700800000, 0x0000000800000000)
  region size 2048K, 64 young (131072K), 3 survivors (6144K)
 Metaspace       used 77732K, committed 78656K, reserved 1179648K
  class space    used 8646K, committed 9088K, reserved 1048576K
}
Event: 35.678 GC heap after
{Heap after GC invocations=55 (full 0):
 garbage-first heap   total 407552K, used 239394K [0x0000000700800000, 0x0000000800000000)
  region size 2048K, 8 young (16384K), 8 survivors (16384K)
 Metaspace       used 77732K, committed 78656K, reserved 1179648K
  class space    used 8646K, committed 9088K, reserved 1048576K
}
Event: 36.227 GC heap before
{Heap before GC invocations=55 (full 0):
 garbage-first heap   total 407552K, used 364322K [0x0000000700800000, 0x0000000800000000)
  region size 2048K, 67 young (137216K), 8 survivors (16384K)
 Metaspace       used 77898K, committed 78848K, reserved 1179648K
  class space    used 8657K, committed 9088K, reserved 1048576K
}
Event: 36.246 GC heap after
{Heap after GC invocations=56 (full 0):
 garbage-first heap   total 407552K, used 252203K [0x0000000700800000, 0x0000000800000000)
  region size 2048K, 7 young (14336K), 7 survivors (14336K)
 Metaspace       used 77898K, committed 78848K, reserved 1179648K
  class space    used 8657K, committed 9088K, reserved 1048576K
}
Event: 36.918 GC heap before
{Heap before GC invocations=56 (full 0):
 garbage-first heap   total 407552K, used 278827K [0x0000000700800000, 0x0000000800000000)
  region size 2048K, 21 young (43008K), 7 survivors (14336K)
 Metaspace       used 78010K, committed 78976K, reserved 1179648K
  class space    used 8662K, committed 9088K, reserved 1048576K
}
Event: 36.928 GC heap after
{Heap after GC invocations=57 (full 0):
 garbage-first heap   total 407552K, used 257360K [0x0000000700800000, 0x0000000800000000)
  region size 2048K, 3 young (6144K), 3 survivors (6144K)
 Metaspace       used 78010K, committed 78976K, reserved 1179648K
  class space    used 8662K, committed 9088K, reserved 1048576K
}
Event: 38.373 GC heap before
{Heap before GC invocations=58 (full 0):
 garbage-first heap   total 479232K, used 370000K [0x0000000700800000, 0x0000000800000000)
  region size 2048K, 56 young (114688K), 3 survivors (6144K)
 Metaspace       used 78290K, committed 79232K, reserved 1179648K
  class space    used 8713K, committed 9152K, reserved 1048576K
}
Event: 38.385 GC heap after
{Heap after GC invocations=59 (full 0):
 garbage-first heap   total 479232K, used 273027K [0x0000000700800000, 0x0000000800000000)
  region size 2048K, 7 young (14336K), 7 survivors (14336K)
 Metaspace       used 78290K, committed 79232K, reserved 1179648K
  class space    used 8713K, committed 9152K, reserved 1048576K
}
Event: 40.135 GC heap before
{Heap before GC invocations=59 (full 0):
 garbage-first heap   total 479232K, used 424579K [0x0000000700800000, 0x0000000800000000)
  region size 2048K, 81 young (165888K), 7 survivors (14336K)
 Metaspace       used 78513K, committed 79488K, reserved 1179648K
  class space    used 8720K, committed 9152K, reserved 1048576K
}
Event: 40.158 GC heap after
{Heap after GC invocations=60 (full 0):
 garbage-first heap   total 479232K, used 288492K [0x0000000700800000, 0x0000000800000000)
  region size 2048K, 11 young (22528K), 11 survivors (22528K)
 Metaspace       used 78513K, committed 79488K, reserved 1179648K
  class space    used 8720K, committed 9152K, reserved 1048576K
}
Event: 41.665 GC heap before
{Heap before GC invocations=60 (full 0):
 garbage-first heap   total 479232K, used 427756K [0x0000000700800000, 0x0000000800000000)
  region size 2048K, 79 young (161792K), 11 survivors (22528K)
 Metaspace       used 78748K, committed 79680K, reserved 1179648K
  class space    used 8723K, committed 9152K, reserved 1048576K
}
Event: 41.692 GC heap after
{Heap after GC invocations=61 (full 0):
 garbage-first heap   total 479232K, used 309184K [0x0000000700800000, 0x0000000800000000)
  region size 2048K, 9 young (18432K), 9 survivors (18432K)
 Metaspace       used 78748K, committed 79680K, reserved 1179648K
  class space    used 8723K, committed 9152K, reserved 1048576K
}
Event: 44.453 GC heap before
{Heap before GC invocations=62 (full 0):
 garbage-first heap   total 581632K, used 430016K [0x0000000700800000, 0x0000000800000000)
  region size 2048K, 68 young (139264K), 9 survivors (18432K)
 Metaspace       used 79053K, committed 80000K, reserved 1179648K
  class space    used 8740K, committed 9152K, reserved 1048576K
}
Event: 44.477 GC heap after
{Heap after GC invocations=63 (full 0):
 garbage-first heap   total 581632K, used 328704K [0x0000000700800000, 0x0000000800000000)
  region size 2048K, 9 young (18432K), 9 survivors (18432K)
 Metaspace       used 79053K, committed 80000K, reserved 1179648K
  class space    used 8740K, committed 9152K, reserved 1048576K
}
Event: 46.492 GC heap before
{Heap before GC invocations=63 (full 0):
 garbage-first heap   total 581632K, used 513024K [0x0000000700800000, 0x0000000800000000)
  region size 2048K, 99 young (202752K), 9 survivors (18432K)
 Metaspace       used 79220K, committed 80192K, reserved 1179648K
  class space    used 8746K, committed 9216K, reserved 1048576K
}
Event: 46.515 GC heap after
{Heap after GC invocations=64 (full 0):
 garbage-first heap   total 581632K, used 344540K [0x0000000700800000, 0x0000000800000000)
  region size 2048K, 10 young (20480K), 10 survivors (20480K)
 Metaspace       used 79220K, committed 80192K, reserved 1179648K
  class space    used 8746K, committed 9216K, reserved 1048576K
}

Dll operation events (8 events):
Event: 0.637 Loaded shared library C:\Program Files\Java\jdk-21\bin\java.dll
Event: 0.774 Loaded shared library C:\Program Files\Java\jdk-21\bin\jsvml.dll
Event: 0.848 Loaded shared library C:\Program Files\Java\jdk-21\bin\net.dll
Event: 0.850 Loaded shared library C:\Program Files\Java\jdk-21\bin\nio.dll
Event: 0.855 Loaded shared library C:\Program Files\Java\jdk-21\bin\zip.dll
Event: 0.978 Loaded shared library C:\Program Files\Java\jdk-21\bin\jimage.dll
Event: 2.589 Loaded shared library C:\Program Files\Java\jdk-21\bin\verify.dll
Event: 5.340 Loaded shared library C:\Users\Usuario\AppData\Local\Temp\sqlite-3.41.2.1-1fab222c-3614-4498-9a55-c781a85c0427-sqlitejdbc.dll

Deoptimization events (20 events):
Event: 46.810 Thread 0x000001ba74a0ef60 Uncommon trap: trap_request=0xffffffc6 fr.pc=0x000001ba15a9e6d4 relative=0x00000000000022d4
Event: 46.810 Thread 0x000001ba74a0ef60 Uncommon trap: reason=bimorphic_or_optimized_type_check action=maybe_recompile pc=0x000001ba15a9e6d4 method=org.jetbrains.kotlin.load.java.typeEnhancement.JavaTypeEnhancement.enhanceInflexible(Lorg/jetbrains/kotlin/types/SimpleType;Lkotlin/jvm/functions/F
Event: 46.810 Thread 0x000001ba74a0ef60 DEOPT PACKING pc=0x000001ba15a9e6d4 sp=0x0000003f2e8fa3a0
Event: 46.810 Thread 0x000001ba74a0ef60 DEOPT UNPACKING pc=0x000001ba14ba46a2 sp=0x0000003f2e8fa318 mode 2
Event: 46.917 Thread 0x000001ba74a0ef60 Uncommon trap: trap_request=0xffffff45 fr.pc=0x000001ba1598dc68 relative=0x0000000000001208
Event: 46.917 Thread 0x000001ba74a0ef60 Uncommon trap: reason=unstable_if action=reinterpret pc=0x000001ba1598dc68 method=org.jetbrains.kotlin.resolve.calls.util.CallUtilKt.getCall(Lorg/jetbrains/kotlin/psi/KtElement;Lorg/jetbrains/kotlin/resolve/BindingContext;)Lorg/jetbrains/kotlin/psi/Call; 
Event: 46.917 Thread 0x000001ba74a0ef60 DEOPT PACKING pc=0x000001ba1598dc68 sp=0x0000003f2e8fb380
Event: 46.917 Thread 0x000001ba74a0ef60 DEOPT UNPACKING pc=0x000001ba14ba46a2 sp=0x0000003f2e8fb328 mode 2
Event: 47.092 Thread 0x000001ba74a0ef60 Uncommon trap: trap_request=0xffffff66 fr.pc=0x000001ba15aee9c8 relative=0x00000000000032c8
Event: 47.092 Thread 0x000001ba74a0ef60 Uncommon trap: reason=speculate_class_check action=maybe_recompile pc=0x000001ba15aee9c8 method=org.jetbrains.kotlin.types.model.TypeSystemCommonSuperTypesContext.typeDepth(Lorg/jetbrains/kotlin/types/model/KotlinTypeMarker;)I @ 17 c2
Event: 47.092 Thread 0x000001ba74a0ef60 DEOPT PACKING pc=0x000001ba15aee9c8 sp=0x0000003f2e8f8940
Event: 47.092 Thread 0x000001ba74a0ef60 DEOPT UNPACKING pc=0x000001ba14ba46a2 sp=0x0000003f2e8f86b0 mode 2
Event: 47.093 Thread 0x000001ba74a0ef60 Uncommon trap: trap_request=0xffffff66 fr.pc=0x000001ba15aee9c8 relative=0x00000000000032c8
Event: 47.093 Thread 0x000001ba74a0ef60 Uncommon trap: reason=speculate_class_check action=maybe_recompile pc=0x000001ba15aee9c8 method=org.jetbrains.kotlin.types.model.TypeSystemCommonSuperTypesContext.typeDepth(Lorg/jetbrains/kotlin/types/model/KotlinTypeMarker;)I @ 17 c2
Event: 47.093 Thread 0x000001ba74a0ef60 DEOPT PACKING pc=0x000001ba15aee9c8 sp=0x0000003f2e8f8940
Event: 47.093 Thread 0x000001ba74a0ef60 DEOPT UNPACKING pc=0x000001ba14ba46a2 sp=0x0000003f2e8f86b0 mode 2
Event: 47.195 Thread 0x000001ba74a0ef60 Uncommon trap: trap_request=0xffffffc6 fr.pc=0x000001ba157fa1c8 relative=0x0000000000000b88
Event: 47.195 Thread 0x000001ba74a0ef60 Uncommon trap: reason=bimorphic_or_optimized_type_check action=maybe_recompile pc=0x000001ba157fa1c8 method=kotlin.collections.CollectionsKt___CollectionsKt.toSet(Ljava/lang/Iterable;)Ljava/util/Set; @ 62 c2
Event: 47.195 Thread 0x000001ba74a0ef60 DEOPT PACKING pc=0x000001ba157fa1c8 sp=0x0000003f2e8f6c90
Event: 47.195 Thread 0x000001ba74a0ef60 DEOPT UNPACKING pc=0x000001ba14ba46a2 sp=0x0000003f2e8f6c60 mode 2

Classes loaded (20 events):
Event: 14.043 Loading class java/util/stream/SliceOps
Event: 14.043 Loading class java/util/stream/SliceOps done
Event: 14.043 Loading class java/util/stream/SliceOps$1
Event: 14.043 Loading class java/util/stream/SliceOps$1 done
Event: 14.044 Loading class java/util/stream/SliceOps$1$1
Event: 14.044 Loading class java/util/stream/SliceOps$1$1 done
Event: 15.166 Loading class java/util/concurrent/CompletableFuture$AsyncRun
Event: 15.166 Loading class java/util/concurrent/CompletableFuture$AsyncRun done
Event: 15.227 Loading class java/util/concurrent/ConcurrentLinkedQueue$Itr
Event: 15.227 Loading class java/util/concurrent/ConcurrentLinkedQueue$Itr done
Event: 22.700 Loading class java/util/EnumMap$EntrySet
Event: 22.700 Loading class java/util/EnumMap$EntrySet done
Event: 22.701 Loading class java/util/EnumMap$EntryIterator
Event: 22.701 Loading class java/util/EnumMap$EnumMapIterator
Event: 22.701 Loading class java/util/EnumMap$EnumMapIterator done
Event: 22.701 Loading class java/util/EnumMap$EntryIterator done
Event: 22.701 Loading class java/util/EnumMap$EntryIterator$Entry
Event: 22.701 Loading class java/util/EnumMap$EntryIterator$Entry done
Event: 25.553 Loading class java/util/function/IntBinaryOperator
Event: 25.553 Loading class java/util/function/IntBinaryOperator done

Classes unloaded (0 events):
No events

Classes redefined (0 events):
No events

Internal exceptions (20 events):
Event: 19.323 Thread 0x000001ba74a0ef60 Exception <a 'java/lang/NoSuchMethodError'{0x000000070a8a8f08}: 'java.lang.Object java.lang.invoke.DirectMethodHandle$Holder.invokeSpecial(java.lang.Object, java.lang.Object, java.lang.Object, int, java.lang.Object)'> (0x000000070a8a8f08) 
thrown [s\open\src\hotspot\share\interpreter\linkResolver.cpp, line 773]
Event: 19.324 Thread 0x000001ba74a0ef60 Exception <a 'java/lang/NoSuchMethodError'{0x000000070a8ac628}: 'java.lang.Object java.lang.invoke.Invokers$Holder.linkToTargetMethod(java.lang.Object, int, java.lang.Object, java.lang.Object)'> (0x000000070a8ac628) 
thrown [s\open\src\hotspot\share\interpreter\linkResolver.cpp, line 773]
Event: 22.866 Thread 0x000001ba74a0ef60 Exception <a 'java/lang/NoSuchMethodError'{0x0000000711367d28}: 'java.lang.Object java.lang.invoke.DirectMethodHandle$Holder.newInvokeSpecial(java.lang.Object, java.lang.Object, java.lang.Object, java.lang.Object, int, int)'> (0x0000000711367d28) 
thrown [s\open\src\hotspot\share\interpreter\linkResolver.cpp, line 773]
Event: 24.874 Thread 0x000001ba74a0ef60 Implicit null exception at 0x000001ba152a2050 to 0x000001ba152a2124
Event: 24.885 Thread 0x000001ba74a0ef60 Implicit null exception at 0x000001ba152a2bc0 to 0x000001ba152a2c54
Event: 24.936 Thread 0x000001ba74a0ef60 Exception <a 'java/lang/NoSuchMethodError'{0x0000000712dad2b8}: 'java.lang.Object java.lang.invoke.DirectMethodHandle$Holder.invokeStatic(java.lang.Object, int, java.lang.Object, java.lang.Object)'> (0x0000000712dad2b8) 
thrown [s\open\src\hotspot\share\interpreter\linkResolver.cpp, line 773]
Event: 24.938 Thread 0x000001ba74a0ef60 Exception <a 'java/lang/NoSuchMethodError'{0x0000000712db40c0}: 'java.lang.Object java.lang.invoke.DirectMethodHandle$Holder.newInvokeSpecial(java.lang.Object, int, java.lang.Object)'> (0x0000000712db40c0) 
thrown [s\open\src\hotspot\share\interpreter\linkResolver.cpp, line 773]
Event: 25.556 Thread 0x000001ba74a0ef60 Exception <a 'java/lang/IncompatibleClassChangeError'{0x00000007100a6e10}: Found class java.lang.Object, but interface was expected> (0x00000007100a6e10) 
thrown [s\open\src\hotspot\share\interpreter\linkResolver.cpp, line 840]
Event: 25.556 Thread 0x000001ba74a0ef60 Exception <a 'java/lang/NoSuchMethodError'{0x00000007100a9bc0}: 'int java.lang.invoke.DirectMethodHandle$Holder.invokeSpecialIFC(java.lang.Object, java.lang.Object, java.lang.Object)'> (0x00000007100a9bc0) 
thrown [s\open\src\hotspot\share\interpreter\linkResolver.cpp, line 773]
Event: 30.357 Thread 0x000001ba74a0ef60 Exception <a 'java/lang/NoSuchMethodError'{0x00000007138b9df8}: 'java.lang.Object java.lang.invoke.DirectMethodHandle$Holder.invokeStatic(java.lang.Object, java.lang.Object, java.lang.Object, java.lang.Object, java.lang.Object, int, java.lang.Object)'> (0x00000007138b9df8) 
thrown [s\open\src\hotspot\share\interpreter\linkResolver.cpp, line 773]
Event: 30.359 Thread 0x000001ba74a0ef60 Exception <a 'java/lang/NoSuchMethodError'{0x00000007138c2950}: 'java.lang.Object java.lang.invoke.DirectMethodHandle$Holder.newInvokeSpecial(java.lang.Object, java.lang.Object, java.lang.Object, java.lang.Object, java.lang.Object, int, java.lang.Object)'> (0x00000007138c2950) 
thrown [s\open\src\hotspot\share\interpreter\linkResolver.cpp, line 773]
Event: 30.359 Thread 0x000001ba74a0ef60 Exception <a 'java/lang/NoSuchMethodError'{0x00000007138c6ae0}: 'java.lang.Object java.lang.invoke.DirectMethodHandle$Holder.invokeSpecial(java.lang.Object, java.lang.Object, java.lang.Object, java.lang.Object, java.lang.Object, java.lang.Object, int, java.lang.Object)'> (0x00000007138c6ae0) 
thrown [s\open\src\hotspot\share\interpreter\linkResolver.cpp, line 773]
Event: 30.360 Thread 0x000001ba74a0ef60 Exception <a 'java/lang/NoSuchMethodError'{0x00000007138ca640}: 'java.lang.Object java.lang.invoke.Invokers$Holder.linkToTargetMethod(java.lang.Object, java.lang.Object, java.lang.Object, java.lang.Object, int, java.lang.Object, java.lang.Object)'> (0x00000007138ca640) 
thrown [s\open\src\hotspot\share\interpreter\linkResolver.cpp, line 773]
Event: 33.180 Thread 0x000001ba74a0ef60 Exception <a 'java/lang/NoSuchMethodError'{0x00000007184586f8}: 'java.lang.Object java.lang.invoke.DirectMethodHandle$Holder.invokeStatic(java.lang.Object, java.lang.Object, java.lang.Object, java.lang.Object, java.lang.Object, java.lang.Object, java.lang.Object, java.lang.Object, int)'> (0x00000007184586f8) 
thrown [s\open\src\hotspot\share\interpreter\linkResolver.cpp, line 773]
Event: 33.180 Thread 0x000001ba74a0ef60 Exception <a 'java/lang/NoSuchMethodError'{0x0000000718462468}: 'java.lang.Object java.lang.invoke.DirectMethodHandle$Holder.newInvokeSpecial(java.lang.Object, java.lang.Object, java.lang.Object, java.lang.Object, java.lang.Object, java.lang.Object, java.lang.Object, java.lang.Object, int)'> (0x0000000718462468) 
thrown [s\open\src\hotspot\share\interpreter\linkResolver.cpp, line 773]
Event: 33.181 Thread 0x000001ba74a0ef60 Exception <a 'java/lang/NoSuchMethodError'{0x0000000718467078}: 'java.lang.Object java.lang.invoke.DirectMethodHandle$Holder.invokeSpecial(java.lang.Object, java.lang.Object, java.lang.Object, java.lang.Object, java.lang.Object, java.lang.Object, java.lang.Object, java.lang.Object, java.lang.Object, int)'> (0x0000000718467078) 
thrown [s\open\src\hotspot\share\interpreter\linkResolver.cpp, line 773]
Event: 33.181 Thread 0x000001ba74a0ef60 Exception <a 'java/lang/NoSuchMethodError'{0x000000071846b7c0}: 'java.lang.Object java.lang.invoke.Invokers$Holder.linkToTargetMethod(java.lang.Object, java.lang.Object, java.lang.Object, java.lang.Object, java.lang.Object, java.lang.Object, java.lang.Object, int, java.lang.Object)'> (0x000000071846b7c0) 
thrown [s\open\src\hotspot\share\interpreter\linkResolver.cpp, line 773]
Event: 33.421 Thread 0x000001ba73f73450 Implicit null exception at 0x000001ba15708712 to 0x000001ba15709878
Event: 34.352 Thread 0x000001ba74a0ef60 Implicit null exception at 0x000001ba15922de3 to 0x000001ba15923a18
Event: 43.901 Thread 0x000001ba74a0ef60 Implicit null exception at 0x000001ba15824f3d to 0x000001ba15825294

ZGC Phase Switch (0 events):
No events

VM Operations (20 events):
Event: 42.389 Executing VM operation: G1PauseCleanup
Event: 42.390 Executing VM operation: G1PauseCleanup done
Event: 43.397 Executing VM operation: Cleanup
Event: 43.398 Executing VM operation: Cleanup done
Event: 43.926 Executing VM operation: ICBufferFull
Event: 43.926 Executing VM operation: ICBufferFull done
Event: 44.453 Executing VM operation: G1CollectForAllocation (G1 Evacuation Pause)
Event: 44.477 Executing VM operation: G1CollectForAllocation (G1 Evacuation Pause) done
Event: 45.383 Executing VM operation: ICBufferFull
Event: 45.383 Executing VM operation: ICBufferFull done
Event: 45.761 Executing VM operation: ICBufferFull
Event: 45.761 Executing VM operation: ICBufferFull done
Event: 45.775 Executing VM operation: HandshakeAllThreads (Deoptimize)
Event: 45.775 Executing VM operation: HandshakeAllThreads (Deoptimize) done
Event: 46.492 Executing VM operation: G1CollectForAllocation (G1 Evacuation Pause)
Event: 46.515 Executing VM operation: G1CollectForAllocation (G1 Evacuation Pause) done
Event: 46.870 Executing VM operation: HandshakeAllThreads (Deoptimize)
Event: 46.870 Executing VM operation: HandshakeAllThreads (Deoptimize) done
Event: 47.073 Executing VM operation: ICBufferFull
Event: 47.073 Executing VM operation: ICBufferFull done

Events (20 events):
Event: 42.221 Thread 0x000001ba241ec250 flushing nmethod 0x000001ba0e088e90
Event: 42.221 Thread 0x000001ba241ec250 flushing nmethod 0x000001ba0e0f8490
Event: 42.221 Thread 0x000001ba241ec250 flushing nmethod 0x000001ba0e178d10
Event: 42.221 Thread 0x000001ba241ec250 flushing nmethod 0x000001ba0e39f490
Event: 42.221 Thread 0x000001ba241ec250 flushing nmethod 0x000001ba0e453290
Event: 42.221 Thread 0x000001ba241ec250 flushing nmethod 0x000001ba0e533110
Event: 42.221 Thread 0x000001ba241ec250 flushing nmethod 0x000001ba0e53ab90
Event: 42.221 Thread 0x000001ba241ec250 flushing nmethod 0x000001ba0e57fc90
Event: 42.221 Thread 0x000001ba241ec250 flushing nmethod 0x000001ba0e5a5410
Event: 42.221 Thread 0x000001ba241ec250 flushing nmethod 0x000001ba0e6c5210
Event: 42.221 Thread 0x000001ba241ec250 flushing nmethod 0x000001ba0e933910
Event: 42.221 Thread 0x000001ba241ec250 flushing nmethod 0x000001ba0f19ed10
Event: 42.221 Thread 0x000001ba241ec250 flushing nmethod 0x000001ba0f433f10
Event: 42.221 Thread 0x000001ba241ec250 flushing nmethod 0x000001ba0f73da10
Event: 42.557 Thread 0x000001ba73b677a0 Thread added: 0x000001ba73b677a0
Event: 43.003 Thread 0x000001ba73b677a0 Thread exited: 0x000001ba73b677a0
Event: 44.375 Thread 0x000001ba73b677a0 Thread added: 0x000001ba73b677a0
Event: 44.530 Thread 0x000001ba73b677a0 Thread exited: 0x000001ba73b677a0
Event: 44.732 Thread 0x000001ba73b66a00 Thread added: 0x000001ba73b66a00
Event: 46.570 Thread 0x000001ba73b66a00 Thread exited: 0x000001ba73b66a00


Dynamic libraries:
0x00007ff69ea20000 - 0x00007ff69ea30000 	C:\Program Files\Java\jdk-21\bin\java.exe
0x00007ffbb1710000 - 0x00007ffbb1908000 	C:\Windows\SYSTEM32\ntdll.dll
0x00007ffbb1130000 - 0x00007ffbb11ed000 	C:\Windows\System32\KERNEL32.DLL
0x00007ffbaef50000 - 0x00007ffbaf246000 	C:\Windows\System32\KERNELBASE.dll
0x00007ffbaf640000 - 0x00007ffbaf740000 	C:\Windows\System32\ucrtbase.dll
0x00007ffb927a0000 - 0x00007ffb927b9000 	C:\Program Files\Java\jdk-21\bin\jli.dll
0x00007ffbafd30000 - 0x00007ffbafde0000 	C:\Windows\System32\ADVAPI32.dll
0x00007ffbb11f0000 - 0x00007ffbb128e000 	C:\Windows\System32\msvcrt.dll
0x00007ffbafab0000 - 0x00007ffbafb50000 	C:\Windows\System32\sechost.dll
0x00007ffbaf7d0000 - 0x00007ffbaf8f3000 	C:\Windows\System32\RPCRT4.dll
0x00007ffbaf450000 - 0x00007ffbaf477000 	C:\Windows\System32\bcrypt.dll
0x00007ffbaf910000 - 0x00007ffbafaaf000 	C:\Windows\System32\USER32.dll
0x00007ffbaf610000 - 0x00007ffbaf632000 	C:\Windows\System32\win32u.dll
0x00007ffbafde0000 - 0x00007ffbafe0b000 	C:\Windows\System32\GDI32.dll
0x00007ffbaf4f0000 - 0x00007ffbaf607000 	C:\Windows\System32\gdi32full.dll
0x00007ffbaf3b0000 - 0x00007ffbaf44d000 	C:\Windows\System32\msvcp_win.dll
0x00007ffb92760000 - 0x00007ffb9277b000 	C:\Program Files\Java\jdk-21\bin\VCRUNTIME140.dll
0x00007ffba2820000 - 0x00007ffba2aba000 	C:\Windows\WinSxS\amd64_microsoft.windows.common-controls_6595b64144ccf1df_6.0.19041.4355_none_60b8b9eb71f62e16\COMCTL32.dll
0x00007ffba91b0000 - 0x00007ffba91ba000 	C:\Windows\SYSTEM32\VERSION.dll
0x00007ffbb1670000 - 0x00007ffbb16a2000 	C:\Windows\System32\IMM32.DLL
0x00007ffb92750000 - 0x00007ffb9275c000 	C:\Program Files\Java\jdk-21\bin\vcruntime140_1.dll
0x00007ffb926c0000 - 0x00007ffb9274e000 	C:\Program Files\Java\jdk-21\bin\msvcp140.dll
0x00007ffb603d0000 - 0x00007ffb610ed000 	C:\Program Files\Java\jdk-21\bin\server\jvm.dll
0x00007ffbafc00000 - 0x00007ffbafc6b000 	C:\Windows\System32\WS2_32.dll
0x00007ffbaec10000 - 0x00007ffbaec5b000 	C:\Windows\SYSTEM32\POWRPROF.dll
0x00007ffba33f0000 - 0x00007ffba3417000 	C:\Windows\SYSTEM32\WINMM.dll
0x00007ffbaebf0000 - 0x00007ffbaec02000 	C:\Windows\SYSTEM32\UMPDC.dll
0x00007ffbacc20000 - 0x00007ffbacc32000 	C:\Windows\SYSTEM32\kernel.appcore.dll
0x00007ffb926b0000 - 0x00007ffb926ba000 	C:\Program Files\Java\jdk-21\bin\jimage.dll
0x00007ffba87a0000 - 0x00007ffba8984000 	C:\Windows\SYSTEM32\DBGHELP.DLL
0x00007ffb9f430000 - 0x00007ffb9f464000 	C:\Windows\SYSTEM32\dbgcore.DLL
0x00007ffbaedc0000 - 0x00007ffbaee42000 	C:\Windows\System32\bcryptPrimitives.dll
0x00007ffb92690000 - 0x00007ffb926af000 	C:\Program Files\Java\jdk-21\bin\java.dll
0x00007ffbaff00000 - 0x00007ffbb066b000 	C:\Windows\System32\SHELL32.dll
0x00007ffbace20000 - 0x00007ffbad5bd000 	C:\Windows\SYSTEM32\windows.storage.dll
0x00007ffbb1310000 - 0x00007ffbb1663000 	C:\Windows\System32\combase.dll
0x00007ffbae630000 - 0x00007ffbae65e000 	C:\Windows\SYSTEM32\Wldp.dll
0x00007ffbb0720000 - 0x00007ffbb07ed000 	C:\Windows\System32\OLEAUT32.dll
0x00007ffbafb50000 - 0x00007ffbafbfd000 	C:\Windows\System32\SHCORE.dll
0x00007ffbb0df0000 - 0x00007ffbb0e45000 	C:\Windows\System32\shlwapi.dll
0x00007ffbaecf0000 - 0x00007ffbaed14000 	C:\Windows\SYSTEM32\profapi.dll
0x00007ffb925a0000 - 0x00007ffb92677000 	C:\Program Files\Java\jdk-21\bin\jsvml.dll
0x00007ffb92590000 - 0x00007ffb925a0000 	C:\Program Files\Java\jdk-21\bin\net.dll
0x00007ffba81f0000 - 0x00007ffba82fa000 	C:\Windows\SYSTEM32\WINHTTP.dll
0x00007ffbae410000 - 0x00007ffbae47a000 	C:\Windows\system32\mswsock.dll
0x00007ffb92570000 - 0x00007ffb92586000 	C:\Program Files\Java\jdk-21\bin\nio.dll
0x00007ffb91ae0000 - 0x00007ffb91af8000 	C:\Program Files\Java\jdk-21\bin\zip.dll
0x00007ffbae670000 - 0x00007ffbae688000 	C:\Windows\SYSTEM32\CRYPTSP.dll
0x00007ffbadd50000 - 0x00007ffbadd84000 	C:\Windows\system32\rsaenh.dll
0x00007ffbaeca0000 - 0x00007ffbaecce000 	C:\Windows\SYSTEM32\USERENV.dll
0x00007ffbae5a0000 - 0x00007ffbae5ac000 	C:\Windows\SYSTEM32\CRYPTBASE.dll
0x00007ffbae110000 - 0x00007ffbae14b000 	C:\Windows\SYSTEM32\IPHLPAPI.DLL
0x00007ffbaf900000 - 0x00007ffbaf908000 	C:\Windows\System32\NSI.dll
0x00007ffb92560000 - 0x00007ffb92570000 	C:\Program Files\Java\jdk-21\bin\verify.dll
0x00007ffb95920000 - 0x00007ffb95a09000 	C:\Users\Usuario\AppData\Local\Temp\sqlite-3.41.2.1-1fab222c-3614-4498-9a55-c781a85c0427-sqlitejdbc.dll

dbghelp: loaded successfully - version: 4.0.5 - missing functions: none
symbol engine: initialized successfully - sym options: 0x614 - pdb path: .;C:\Program Files\Java\jdk-21\bin;C:\Windows\SYSTEM32;C:\Windows\WinSxS\amd64_microsoft.windows.common-controls_6595b64144ccf1df_6.0.19041.4355_none_60b8b9eb71f62e16;C:\Program Files\Java\jdk-21\bin\server;C:\Users\Usuario\AppData\Local\Temp

VM Arguments:
jvm_args: -DkotlinLanguageServer.version=1.3.13 
java_command: org.javacs.kt.MainKt
java_class_path (initial): c:\Users\Usuario\AppData\Roaming\Code\User\globalStorage\fwcd.kotlin\langServerInstall\server\lib\server-1.3.13.jar;c:\Users\Usuario\AppData\Roaming\Code\User\globalStorage\fwcd.kotlin\langServerInstall\server\lib\shared-1.3.13.jar;c:\Users\Usuario\AppData\Roaming\Code\User\globalStorage\fwcd.kotlin\langServerInstall\server\lib\kotlin-scripting-jvm-host-unshaded-2.1.0.jar;c:\Users\Usuario\AppData\Roaming\Code\User\globalStorage\fwcd.kotlin\langServerInstall\server\lib\kotlin-scripting-compiler-2.1.0.jar;c:\Users\Usuario\AppData\Roaming\Code\User\globalStorage\fwcd.kotlin\langServerInstall\server\lib\ktfmt-b5d31d1.jar;c:\Users\Usuario\AppData\Roaming\Code\User\globalStorage\fwcd.kotlin\langServerInstall\server\lib\kotlin-compiler-2.1.0.jar;c:\Users\Usuario\AppData\Roaming\Code\User\globalStorage\fwcd.kotlin\langServerInstall\server\lib\exposed-dao-0.37.3.jar;c:\Users\Usuario\AppData\Roaming\Code\User\globalStorage\fwcd.kotlin\langServerInstall\server\lib\exposed-jdbc-0.37.3.jar;c:\Users\Usuario\AppData\Roaming\Code\User\globalStorage\fwcd.kotlin\langServerInstall\server\lib\exposed-core-0.37.3.jar;c:\Users\Usuario\AppData\Roaming\Code\User\globalStorage\fwcd.kotlin\langServerInstall\server\lib\kotlin-scripting-compiler-impl-2.1.0.jar;c:\Users\Usuario\AppData\Roaming\Code\User\globalStorage\fwcd.kotlin\langServerInstall\server\lib\kotlin-reflect-2.1.0.jar;c:\Users\Usuario\AppData\Roaming\Code\User\globalStorage\fwcd.kotlin\langServerInstall\server\lib\kotlin-scripting-jvm-2.1.0.jar;c:\Users\Usuario\AppData\Roaming\Code\User\globalStorage\fwcd.kotlin\langServerInstall\server\lib\kotlin-scripting-common-2.1.0.jar;c:\Users\Usuario\AppData\Roaming\Code\User\globalStorage\fwcd.kotlin\langServerInstall\server\lib\kotlinx-coroutines-core-jvm-1.6.4.jar;c:\Users\Usuario\AppData\Roaming\Code\User\globalStorage\fwcd.kotlin\langServerInstall\server\lib\kotlin-stdlib-jdk8-2.1.0.jar;c:\Users\Usuario\AppData\Roaming\Code\User\globalStorage\fwcd.kotlin\langServerInstall\server\lib\kotlin-stdlib-jdk7-2.1.0.jar;c:\Users\Usuario\AppData\Roaming\Code\User\globalStorage\fwcd.kotlin\langServerInstall\server\lib\kotlin-stdlib-2.1.0.jar;c:\Users\Usuario\AppData\Roaming\Code\User\globalStorage\fwcd.kotlin\langServerInstall\server\lib\org.eclipse.lsp4j-0.21.2.jar;c:\Users\Usuario\AppData\Roaming\Code\User\globalStorage\fwcd.kotlin\langServerInstall\server\lib\org.eclipse.lsp4j.jsonrpc-0.21.2.jar;c:\Users\Usuario\AppData\Roaming\Code\User\globalStorage\fwcd.kotlin\langServerInstall\server\lib\kotlin-sam-with-receiver-compiler-plugin-2.1.0.jar;c:\Users\Usuario\AppData\Roaming\Code\User\globalStorage\fwcd.kotlin\langServerInstall\server\lib\fernflower-1.0.jar;c:\Users\Usuario\AppData\Roaming\Code\User\globalStorage\fwcd.kotlin\langServerInstall\server\lib\h2-1.4.200.jar;c:\Users\Usuario\AppData\Roaming\Code\User\globalStorage\fwcd.kotlin\langServerInstall\server\lib\jcommander-1.78.jar;c:\Users\Usuario\AppData\Roaming\Code\User\globalStorage\fwcd.kotlin\langServerInstall\server\lib\sqlite-jdbc-3.41.2.1.jar;c:\Users\Usuario\AppData\Roaming\Code\User\globalStorage\fwcd.kotlin\langServerInstall\server\lib\google-java-format-1.8.jar;c:\Users\Usuario\AppData\Roaming\Code\User\globalStorage\fwcd.kotlin\langServerInstall\server\lib\guava-33.3.0-jre.jar;c:\Users\Usuario\AppData\Roaming\Code\User\globalStorage\fwcd.kotlin\langServerInstall\server\lib\annotations-13.0.jar;c:\Users\Usuario\AppData\Roaming\Code\User\globalStorage\fwcd.kotlin\langServerInstall\server\lib\gson-2.10.1.jar;c:\Users\Usuario\AppData\Roaming\Code\User\globalStorage\fwcd.kotlin\langServerInstall\server\lib\kotlin-script-runtime-2.1.0.jar;c:\Users\Usuario\AppData\Roaming\Code\User\globalStorage\fwcd.kotlin\langServerInstall\server\lib\trove4j-1.0.20200330.jar;c:\Users\Usuario\AppData\Roaming\Code\User\globalStorage\fwcd.kotlin\langServerInstall\server\lib\jline-3.24.1.jar;c:\Users\Usuario\AppData\Roaming\Code\User\globalStorage\fwcd.kotlin\langServerInstall\server\lib\slf4j-api-1.7.25.jar;c:\Users\Usuario\AppData\Roaming\Code\User\globalStorage\fwcd.kotlin\langServerInstall\server\lib\jna-4.2.2.jar;c:\Users\Usuario\AppData\Roaming\Code\User\globalStorage\fwcd.kotlin\langServerInstall\server\lib\failureaccess-1.0.2.jar;c:\Users\Usuario\AppData\Roaming\Code\User\globalStorage\fwcd.kotlin\langServerInstall\server\lib\listenablefuture-9999.0-empty-to-avoid-conflict-with-guava.jar;c:\Users\Usuario\AppData\Roaming\Code\User\globalStorage\fwcd.kotlin\langServerInstall\server\lib\jsr305-3.0.2.jar;c:\Users\Usuario\AppData\Roaming\Code\User\globalStorage\fwcd.kotlin\langServerInstall\server\lib\checker-qual-3.43.0.jar;c:\Users\Usuario\AppData\Roaming\Code\User\globalStorage\fwcd.kotlin\langServerInstall\server\lib\error_prone_annotations-2.28.0.jar
Launcher Type: SUN_STANDARD

[Global flags]
     intx CICompilerCount                          = 3                                         {product} {ergonomic}
     uint ConcGCThreads                            = 1                                         {product} {ergonomic}
     uint G1ConcRefinementThreads                  = 4                                         {product} {ergonomic}
   size_t G1HeapRegionSize                         = 2097152                                   {product} {ergonomic}
    uintx GCDrainStackTargetSize                   = 64                                        {product} {ergonomic}
   size_t InitialHeapSize                          = 268435456                                 {product} {ergonomic}
   size_t MarkStackSize                            = 4194304                                   {product} {ergonomic}
   size_t MaxHeapSize                              = 4286578688                                {product} {ergonomic}
   size_t MaxNewSize                               = 2571108352                                {product} {ergonomic}
   size_t MinHeapDeltaBytes                        = 2097152                                   {product} {ergonomic}
   size_t MinHeapSize                              = 8388608                                   {product} {ergonomic}
    uintx NonNMethodCodeHeapSize                   = 5832780                                {pd product} {ergonomic}
    uintx NonProfiledCodeHeapSize                  = 122912730                              {pd product} {ergonomic}
    uintx ProfiledCodeHeapSize                     = 122912730                              {pd product} {ergonomic}
    uintx ReservedCodeCacheSize                    = 251658240                              {pd product} {ergonomic}
     bool SegmentedCodeCache                       = true                                      {product} {ergonomic}
   size_t SoftMaxHeapSize                          = 4286578688                             {manageable} {ergonomic}
     bool UseCompressedOops                        = true                           {product lp64_product} {ergonomic}
     bool UseG1GC                                  = true                                      {product} {ergonomic}
     bool UseLargePagesIndividualAllocation        = false                                  {pd product} {ergonomic}

Logging:
Log output configuration:
 #0: stdout all=warning uptime,level,tags foldmultilines=false
 #1: stderr all=off uptime,level,tags foldmultilines=false

Environment Variables:
CLASSPATH=c:\Users\Usuario\AppData\Roaming\Code\User\globalStorage\fwcd.kotlin\langServerInstall\server\lib\server-1.3.13.jar;c:\Users\Usuario\AppData\Roaming\Code\User\globalStorage\fwcd.kotlin\langServerInstall\server\lib\shared-1.3.13.jar;c:\Users\Usuario\AppData\Roaming\Code\User\globalStorage\fwcd.kotlin\langServerInstall\server\lib\kotlin-scripting-jvm-host-unshaded-2.1.0.jar;c:\Users\Usuario\AppData\Roaming\Code\User\globalStorage\fwcd.kotlin\langServerInstall\server\lib\kotlin-scripting-compiler-2.1.0.jar;c:\Users\Usuario\AppData\Roaming\Code\User\globalStorage\fwcd.kotlin\langServerInstall\server\lib\ktfmt-b5d31d1.jar;c:\Users\Usuario\AppData\Roaming\Code\User\globalStorage\fwcd.kotlin\langServerInstall\server\lib\kotlin-compiler-2.1.0.jar;c:\Users\Usuario\AppData\Roaming\Code\User\globalStorage\fwcd.kotlin\langServerInstall\server\lib\exposed-dao-0.37.3.jar;c:\Users\Usuario\AppData\Roaming\Code\User\globalStorage\fwcd.kotlin\langServerInstall\server\lib\exposed-jdbc-0.37.3.jar;c:\Users\Usuario\AppData\Roaming\Code\User\globalStorage\fwcd.kotlin\langServerInstall\server\lib\exposed-core-0.37.3.jar;c:\Users\Usuario\AppData\Roaming\Code\User\globalStorage\fwcd.kotlin\langServerInstall\server\lib\kotlin-scripting-compiler-impl-2.1.0.jar;c:\Users\Usuario\AppData\Roaming\Code\User\globalStorage\fwcd.kotlin\langServerInstall\server\lib\kotlin-reflect-2.1.0.jar;c:\Users\Usuario\AppData\Roaming\Code\User\globalStorage\fwcd.kotlin\langServerInstall\server\lib\kotlin-scripting-jvm-2.1.0.jar;c:\Users\Usuario\AppData\Roaming\Code\User\globalStorage\fwcd.kotlin\langServerInstall\server\lib\kotlin-scripting-common-2.1.0.jar;c:\Users\Usuario\AppData\Roaming\Code\User\globalStorage\fwcd.kotlin\langServerInstall\server\lib\kotlinx-coroutines-core-jvm-1.6.4.jar;c:\Users\Usuario\AppData\Roaming\Code\User\globalStorage\fwcd.kotlin\langServerInstall\server\lib\kotlin-stdlib-jdk8-2.1.0.jar;c:\Users\Usuario\AppData\Roaming\Code\User\globalStorage\fwcd.kotlin\langServerInstall\server\lib\kotlin-stdlib-jdk7-2.1.0.jar;c:\Users\Usuario\AppData\Roaming\Code\User\globalStorage\fwcd.kotlin\langServerInstall\server\lib\kotlin-stdlib-2.1.0.jar;c:\Users\Usuario\AppData\Roaming\Code\User\globalStorage\fwcd.kotlin\langServerInstall\server\lib\org.eclipse.lsp4j-0.21.2.jar;c:\Users\Usuario\AppData\Roaming\Code\User\globalStorage\fwcd.kotlin\langServerInstall\server\lib\org.eclipse.lsp4j.jsonrpc-0.21.2.jar;c:\Users\Usuario\AppData\Roaming\Code\User\globalStorage\fwcd.kotlin\langServerInstall\server\lib\kotlin-sam-with-receiver-compiler-plugin-2.1.0.jar;c:\Users\Usuario\AppData\Roaming\Code\User\globalStorage\fwcd.kotlin\langServerInstall\server\lib\fernflower-1.0.jar;c:\Users\Usuario\AppData\Roaming\Code\User\globalStorage\fwcd.kotlin\langServerInstall\server\lib\h2-1.4.200.jar;c:\Users\Usuario\AppData\Roaming\Code\User\globalStorage\fwcd.kotlin\langServerInstall\server\lib\jcommander-1.78.jar;c:\Users\Usuario\AppData\Roaming\Code\User\globalStorage\fwcd.kotlin\langServerInstall\server\lib\sqlite-jdbc-3.41.2.1.jar;c:\Users\Usuario\AppData\Roaming\Code\User\globalStorage\fwcd.kotlin\langServerInstall\server\lib\google-java-format-1.8.jar;c:\Users\Usuario\AppData\Roaming\Code\User\globalStorage\fwcd.kotlin\langServerInstall\server\lib\guava-33.3.0-jre.jar;c:\Users\Usuario\AppData\Roaming\Code\User\globalStorage\fwcd.kotlin\langServerInstall\server\lib\annotations-13.0.jar;c:\Users\Usuario\AppData\Roaming\Code\User\globalStorage\fwcd.kotlin\langServerInstall\server\lib\gson-2.10.1.jar;c:\Users\Usuario\AppData\Roaming\Code\User\globalStorage\fwcd.kotlin\langServerInstall\server\lib\kotlin-script-runtime-2.1.0.jar;c:\Users\Usuario\AppData\Roaming\Code\User\globalStorage\fwcd.kotlin\langServerInstall\server\lib\trove4j-1.0.20200330.jar;c:\Users\Usuario\AppData\Roaming\Code\User\globalStorage\fwcd.kotlin\langServerInstall\server\lib\jline-3.24.1.jar;c:\Users\Usuario\AppData\Roaming\Code\User\globalStorage\fwcd.kotlin\langServerInstall\server\lib\slf4j-api-1.7.25.jar;c:\Users\Usuario\AppData\Roaming\Code\User\globalStorage\fwcd.kotlin\langServerInstall\server\lib\jna-4.2.2.jar;c:\Users\Usuario\AppData\Roaming\Code\User\globalStorage\fwcd.kotlin\langServerInstall\server\lib\failureaccess-1.0.2.jar;c:\Users\Usuario\AppData\Roaming\Code\User\globalStorage\fwcd.kotlin\langServerInstall\server\lib\listenablefuture-9999.0-empty-to-avoid-conflict-with-guava.jar;c:\Users\Usuario\AppData\Roaming\Code\User\globalStorage\fwcd.kotlin\langServerInstall\server\lib\jsr305-3.0.2.jar;c:\Users\Usuario\AppData\Roaming\Code\User\globalStorage\fwcd.kotlin\langServerInstall\server\lib\checker-qual-3.43.0.jar;c:\Users\Usuario\AppData\Roaming\Code\User\globalStorage\fwcd.kotlin\langServerInstall\server\lib\error_prone_annotations-2.28.0.jar
PATH=C:\Users\Usuario\AppData\Local\Programs\Microsoft VS Code;C:\Program Files\Common Files\Oracle\Java\javapath;C:\Program Files\Java\jre-1.8\bin;C:\Program Files (x86)\Common Files\Oracle\Java\java8path;C:\Program Files (x86)\Common Files\Oracle\Java\javapath;C:\Windows\system32;C:\Windows;C:\Windows\System32\Wbem;C:\Windows\System32\WindowsPowerShell\v1.0\;C:\Windows\System32\OpenSSH\;C:\Program Files\Git\cmd;C:\Users\Usuario\AppData\Roaming\nvm;C:\Program Files\nodejs;C:\Program Files\dotnet\;C:\Program Files;C:\Users\Usuario\AppData\Local\Programs\Python\Launcher\;C:\Users\Usuario\AppData\Local\Microsoft\WindowsApps;C:\Users\Usuario\AppData\Roaming\npm;C:\Users\Usuario\.fly\bin;C:\Users\Usuario\AppData\Local\Programs\oh-my-posh\bin;C:\Users\Usuario\AppData\Roaming\nvm;C:\Program Files\nodejs;C:\Program Files\Maven\apache-maven-3.9.9\bin;C:\Users\Usuario\AppData\Local\Programs\Microsoft VS Code\bin;C:\Users\Usuario\AppData\Local\Microsoft\WinGet\Packages\GitHub.Copilot_Microsoft.Winget.Source_8wekyb3d8bbwe;
USERNAME=Usuario
OS=Windows_NT
PROCESSOR_IDENTIFIER=Intel64 Family 6 Model 58 Stepping 9, GenuineIntel
TMP=C:\Users\Usuario\AppData\Local\Temp
TEMP=C:\Users\Usuario\AppData\Local\Temp




Periodic native trim disabled

---------------  S Y S T E M  ---------------

OS:
 Windows 10 , 64 bit Build 19041 (10.0.19041.3636)
OS uptime: 0 days 1:08 hours
Hyper-V role detected

CPU: total 4 (initial active 4) (4 cores per cpu, 1 threads per core) family 6 model 58 stepping 9 microcode 0x21, cx8, cmov, fxsr, mmx, sse, sse2, sse3, ssse3, sse4.1, sse4.2, popcnt, tsc, tscinvbit, avx, aes, erms, clmul, vzeroupper, clflush, hv, rdtscp, f16c
Processor Information for all 4 processors :
  Max Mhz: 3400, Current Mhz: 3400, Mhz Limit: 3400

Memory: 4k page, system-wide physical 16348M (1465M free)
TotalPageFile size 20444M (AvailPageFile size 1M)
current process WorkingSet (physical memory assigned to process): 805M, peak: 840M
current process commit charge ("private bytes"): 843M, peak: 875M

vm_info: Java HotSpot(TM) 64-Bit Server VM (21.0.9+7-LTS-338) for windows-amd64 JRE (21.0.9+7-LTS-338), built on 2025-09-26T06:33:49Z by "mach5run" with MS VC++ 17.6 (VS2022)

END.
